<?xml version="1.0" encoding="UTF-8"?>
<testsuites name="TS005 - DDT" time="641.753" tests="36" failures="0" errors="0">
   <testsuite name="TS005 - DDT" tests="36" failures="0" errors="0" time="641.753" skipped="0" timestamp="31-01-2024T22:47:48" hostname="Careca Delas - Careca-Desktop.home" id="Test Suites/ESO/TS005 - DDT">
      <properties>
         <property name="deviceName" value=""/>
         <property name="devicePlatform" value=""/>
         <property name="logFolder" value="C:\\Users\\Careca Delas\\Documents\\GitHub\\Oasis-Project\\Reports\\20240131_224738\\ESO\\TS005 - DDT\\20240131_224743"/>
         <property name="logFiles" value="C:\\Users\\Careca Delas\\Documents\\GitHub\\Oasis-Project\\Reports\\20240131_224738\\ESO\\TS005 - DDT\\20240131_224743\\execution0.log"/>
         <property name="attachments" value="C:\\Users\\Careca Delas\\Documents\\GitHub\\Oasis-Project\\Reports\\20240131_224738\\ESO\\TS005 - DDT\\20240131_224743\\1706741281656.png, C:\\Users\\Careca Delas\\Documents\\GitHub\\Oasis-Project\\Reports\\20240131_224738\\ESO\\TS005 - DDT\\20240131_224743\\1706741600272.png, C:\\Users\\Careca Delas\\Documents\\GitHub\\Oasis-Project\\Reports\\20240131_224738\\ESO\\TS005 - DDT\\20240131_224743\\1706741855097.png"/>
         <property name="hostName" value="Careca Delas - Careca-Desktop.home"/>
         <property name="os" value="Windows 10 64bit"/>
         <property name="katalonVersion" value="9.2.0.212"/>
         <property name="browser" value="Chrome 120.0.0.0"/>
         <property name="hostAddress" value="192.168.1.13"/>
         <property name="sessionId" value="7fbac166ff0f52cefab1ef01199ebaf1"/>
         <property name="seleniumVersion" value="3.141.59"/>
         <property name="proxyInformation" value="ProxyInformation { proxyOption=NO_PROXY, proxyServerType=HTTP, username=, password=********, proxyServerAddress=, proxyServerPort=0, executionList=&quot;&quot;, isApplyToDesiredCapabilities=true }"/>
         <property name="platform" value="Windows 10"/>
      </properties>
      <testcase name="Test Cases/Data-Driven/DD001 - Class Help" time="18.51" classname="Test Cases/Data-Driven/DD001 - Class Help" status="PASSED">
         <system-out><![CDATA[31-01-2024T22:47:48 - [TEST_CASE][PASSED] - Test Cases/Data-Driven/DD001 - Class Help: Test Cases/Data-Driven/DD001 - Class Help

31-01-2024T22:47:48 - [TEST_STEP][PASSED] - callTestCase(findTestCase("ESO/Misc Tests/Open ESO Page"), [:], STOP_ON_FAILURE): Call Test Case 'Test Cases/ESO/Misc Tests/Open ESO Page' successfully

31-01-2024T22:47:48 - [TEST_CASE][PASSED] - Test Cases/ESO/Misc Tests/Open ESO Page: Test Cases/ESO/Misc Tests/Open ESO Page

31-01-2024T22:47:48 - [TEST_STEP][PASSED] - openBrowser(""): Browser is opened with url: ''

31-01-2024T22:47:49 - [MESSAGE][INFO] - Starting 'Chrome' driver

31-01-2024T22:47:49 - [MESSAGE][INFO] - Action delay is set to 0 milliseconds

31-01-2024T22:47:50 - [MESSAGE][PASSED] - Browser is opened with url: ''

31-01-2024T22:47:50 - [TEST_STEP][PASSED] - maximizeWindow(): Current window maximized

31-01-2024T22:47:50 - [MESSAGE][PASSED] - Current window maximized

31-01-2024T22:47:50 - [TEST_STEP][PASSED] - navigateToUrl("https://www.elderscrollsonline.com/en-us/home"): Navigate to 'https://www.elderscrollsonline.com/en-us/home' successfully

31-01-2024T22:47:55 - [MESSAGE][PASSED] - Navigate to 'https://www.elderscrollsonline.com/en-us/home' successfully

31-01-2024T22:47:55 - [TEST_STEP][PASSED] - delay(3): Delayed 3 second(s)

31-01-2024T22:47:58 - [MESSAGE][PASSED] - Delayed 3 second(s)

31-01-2024T22:47:58 - [TEST_STEP][PASSED] - verifyElementPresent(findTestObject("Object Repository/ESO/Page_Home/a_The Elder Scrolls  Online"), 0): Object 'Object Repository/ESO/Page_Home/a_The Elder Scrolls  Online' is present

31-01-2024T22:47:58 - [MESSAGE][WARNING] - Timeout '0' is invalid. Using default page load timeout: '30'

31-01-2024T22:47:58 - [MESSAGE][PASSED] - Object 'Object Repository/ESO/Page_Home/a_The Elder Scrolls  Online' is present

31-01-2024T22:47:58 - [TEST_STEP][PASSED] - callTestCase(findTestCase("ESO/Misc Tests/Policy Accept"), [:], STOP_ON_FAILURE): Call Test Case 'Test Cases/ESO/Misc Tests/Policy Accept' successfully

31-01-2024T22:47:58 - [TEST_CASE][PASSED] - Test Cases/ESO/Misc Tests/Policy Accept: Test Cases/ESO/Misc Tests/Policy Accept

31-01-2024T22:47:58 - [TEST_STEP][PASSED] - verifyElementPresent(findTestObject("Object Repository/ESO/Page_Home/div_Policy"), 0): Object 'Object Repository/ESO/Page_Home/div_Policy' is present

31-01-2024T22:47:58 - [MESSAGE][WARNING] - Timeout '0' is invalid. Using default page load timeout: '30'

31-01-2024T22:47:59 - [MESSAGE][PASSED] - Object 'Object Repository/ESO/Page_Home/div_Policy' is present

31-01-2024T22:47:59 - [TEST_STEP][PASSED] - click(findTestObject("Object Repository/ESO/Page_Home/button_ACCEPT ALL")): Object: 'Object Repository/ESO/Page_Home/button_ACCEPT ALL' is clicked on

31-01-2024T22:47:59 - [MESSAGE][PASSED] - Object: 'Object Repository/ESO/Page_Home/button_ACCEPT ALL' is clicked on

31-01-2024T22:47:59 - [MESSAGE][PASSED] - Call Test Case 'Test Cases/ESO/Misc Tests/Policy Accept' successfully

31-01-2024T22:47:59 - [MESSAGE][PASSED] - Call Test Case 'Test Cases/ESO/Misc Tests/Open ESO Page' successfully

31-01-2024T22:47:59 - [TEST_STEP][PASSED] - helpers.Misc.OpenSearchBar(): helpers.Misc.OpenSearchBar is PASSED

31-01-2024T22:48:00 - [MESSAGE][PASSED] - Object: 'Object Repository/ESO/Page_Home/Search Bar/i_fa fa-search' is clicked on

31-01-2024T22:48:02 - [MESSAGE][WARNING] - Object 'Object Repository/ESO/Page_Home/Search Bar/inputsearchBox' is NOT visible (Root cause: com.kms.katalon.core.exception.StepFailedException: Object 'Object Repository/ESO/Page_Home/Search Bar/inputsearchBox' is NOT visible
	at com.kms.katalon.core.webui.keyword.internal.WebUIKeywordMain.stepFailed(WebUIKeywordMain.groovy:64)
	at com.kms.katalon.core.webui.keyword.builtin.VerifyElementVisibleKeyword$_verifyElementVisible_closure1.doCall(VerifyElementVisibleKeyword.groovy:83)
	at com.kms.katalon.core.webui.keyword.builtin.VerifyElementVisibleKeyword$_verifyElementVisible_closure1.call(VerifyElementVisibleKeyword.groovy)
	at com.kms.katalon.core.webui.keyword.internal.WebUIKeywordMain.runKeyword(WebUIKeywordMain.groovy:20)
	at com.kms.katalon.core.webui.keyword.builtin.VerifyElementVisibleKeyword.verifyElementVisible(VerifyElementVisibleKeyword.groovy:97)
	at com.kms.katalon.core.webui.keyword.builtin.VerifyElementVisibleKeyword.execute(VerifyElementVisibleKeyword.groovy:67)
	at com.kms.katalon.core.keyword.internal.KeywordExecutor.executeKeywordForPlatform(KeywordExecutor.groovy:74)
	at com.kms.katalon.core.webui.keyword.WebUiBuiltInKeywords.verifyElementVisible(WebUiBuiltInKeywords.groovy:401)
	at helpers.Misc.OpenSearchBar(Misc.groovy:41)
	at java.base/jdk.internal.reflect.NativeMethodAccessorImpl.invoke0(Native Method)
	at java.base/jdk.internal.reflect.NativeMethodAccessorImpl.invoke(NativeMethodAccessorImpl.java:77)
	at java.base/jdk.internal.reflect.DelegatingMethodAccessorImpl.invoke(DelegatingMethodAccessorImpl.java:43)
	at com.kms.katalon.core.main.CustomKeywordDelegatingMetaClass.invokeStaticMethod(CustomKeywordDelegatingMetaClass.java:55)
	at DD001 - Class Help.run(DD001 - Class Help:22)
	at com.kms.katalon.core.main.ScriptEngine.run(ScriptEngine.java:194)
	at com.kms.katalon.core.main.ScriptEngine.runScriptAsRawText(ScriptEngine.java:119)
	at com.kms.katalon.core.main.TestCaseExecutor.runScript(TestCaseExecutor.java:448)
	at com.kms.katalon.core.main.TestCaseExecutor.doExecute(TestCaseExecutor.java:439)
	at com.kms.katalon.core.main.TestCaseExecutor.processExecutionPhase(TestCaseExecutor.java:418)
	at com.kms.katalon.core.main.TestCaseExecutor.accessMainPhase(TestCaseExecutor.java:410)
	at com.kms.katalon.core.main.TestCaseExecutor.execute(TestCaseExecutor.java:285)
	at com.kms.katalon.core.common.CommonExecutor.accessTestCaseMainPhase(CommonExecutor.java:65)
	at com.kms.katalon.core.main.TestSuiteExecutor.accessTestSuiteMainPhase(TestSuiteExecutor.java:148)
	at com.kms.katalon.core.main.TestSuiteExecutor.execute(TestSuiteExecutor.java:106)
	at com.kms.katalon.core.main.TestCaseMain.startTestSuite(TestCaseMain.java:180)
	at com.kms.katalon.core.main.TestCaseMain$startTestSuite$0.call(Unknown Source)
	at TempTestSuite1706741263238.run(TempTestSuite1706741263238.groovy:36)
	at java.base/jdk.internal.reflect.NativeMethodAccessorImpl.invoke0(Native Method)
	at java.base/jdk.internal.reflect.NativeMethodAccessorImpl.invoke(NativeMethodAccessorImpl.java:77)
	at java.base/jdk.internal.reflect.DelegatingMethodAccessorImpl.invoke(DelegatingMethodAccessorImpl.java:43)
)
[[ATTACHMENT|C:\\Users\\Careca Delas\\Documents\\GitHub\\Oasis-Project\\Reports\\20240131_224738\\ESO\\TS005 - DDT\\20240131_224743\\1706741281656.png]]

31-01-2024T22:48:03 - [MESSAGE][PASSED] - Refresh successfully

31-01-2024T22:48:04 - [MESSAGE][PASSED] - Object: 'Object Repository/ESO/Page_Home/Search Bar/i_fa fa-search' is clicked on

31-01-2024T22:48:04 - [MESSAGE][PASSED] - Object 'Object Repository/ESO/Page_Home/Search Bar/inputsearchBox' is visible

31-01-2024T22:48:04 - [MESSAGE][PASSED] - helpers.Misc.OpenSearchBar is PASSED

31-01-2024T22:48:04 - [TEST_STEP][PASSED] - delay(1): Delayed 1 second(s)

31-01-2024T22:48:05 - [MESSAGE][PASSED] - Delayed 1 second(s)

31-01-2024T22:48:05 - [TEST_STEP][PASSED] - setText(findTestObject("Object Repository/ESO/Page_Home/Search Bar/inputsearchBox"), Class_Name): Text 'Templar' is set on object 'Object Repository/ESO/Page_Home/Search Bar/inputsearchBox'

31-01-2024T22:48:06 - [MESSAGE][PASSED] - Text 'Templar' is set on object 'Object Repository/ESO/Page_Home/Search Bar/inputsearchBox'

31-01-2024T22:48:06 - [TEST_STEP][PASSED] - sendKeys(findTestObject("Object Repository/ESO/Page_Home/Search Bar/inputsearchBox"), Keys.chord(ENTER)): Keys 'ENTER + ' sent to object: 'Object Repository/ESO/Page_Home/Search Bar/inputsearchBox'

31-01-2024T22:48:06 - [MESSAGE][PASSED] - Keys 'ENTER + ' sent to object: 'Object Repository/ESO/Page_Home/Search Bar/inputsearchBox'

31-01-2024T22:48:06 - [TEST_STEP][PASSED] - closeBrowser(): Browser is closed

31-01-2024T22:48:06 - [MESSAGE][PASSED] - Browser is closed]]></system-out>
         <system-err><![CDATA[]]></system-err>
      </testcase>
      <testcase name="Test Cases/Data-Driven/DD001 - Class Help" time="10.906" classname="Test Cases/Data-Driven/DD001 - Class Help" status="PASSED">
         <system-out><![CDATA[31-01-2024T22:48:06 - [TEST_CASE][PASSED] - Test Cases/Data-Driven/DD001 - Class Help: Test Cases/Data-Driven/DD001 - Class Help

31-01-2024T22:48:06 - [TEST_STEP][PASSED] - callTestCase(findTestCase("ESO/Misc Tests/Open ESO Page"), [:], STOP_ON_FAILURE): Call Test Case 'Test Cases/ESO/Misc Tests/Open ESO Page' successfully

31-01-2024T22:48:06 - [TEST_CASE][PASSED] - Test Cases/ESO/Misc Tests/Open ESO Page: Test Cases/ESO/Misc Tests/Open ESO Page

31-01-2024T22:48:06 - [TEST_STEP][PASSED] - openBrowser(""): Browser is opened with url: ''

31-01-2024T22:48:06 - [MESSAGE][INFO] - Starting 'Chrome' driver

31-01-2024T22:48:06 - [MESSAGE][INFO] - Action delay is set to 0 milliseconds

31-01-2024T22:48:07 - [MESSAGE][PASSED] - Browser is opened with url: ''

31-01-2024T22:48:07 - [TEST_STEP][PASSED] - maximizeWindow(): Current window maximized

31-01-2024T22:48:07 - [MESSAGE][PASSED] - Current window maximized

31-01-2024T22:48:07 - [TEST_STEP][PASSED] - navigateToUrl("https://www.elderscrollsonline.com/en-us/home"): Navigate to 'https://www.elderscrollsonline.com/en-us/home' successfully

31-01-2024T22:48:10 - [MESSAGE][PASSED] - Navigate to 'https://www.elderscrollsonline.com/en-us/home' successfully

31-01-2024T22:48:10 - [TEST_STEP][PASSED] - delay(3): Delayed 3 second(s)

31-01-2024T22:48:13 - [MESSAGE][PASSED] - Delayed 3 second(s)

31-01-2024T22:48:13 - [TEST_STEP][PASSED] - verifyElementPresent(findTestObject("Object Repository/ESO/Page_Home/a_The Elder Scrolls  Online"), 0): Object 'Object Repository/ESO/Page_Home/a_The Elder Scrolls  Online' is present

31-01-2024T22:48:13 - [MESSAGE][WARNING] - Timeout '0' is invalid. Using default page load timeout: '30'

31-01-2024T22:48:13 - [MESSAGE][PASSED] - Object 'Object Repository/ESO/Page_Home/a_The Elder Scrolls  Online' is present

31-01-2024T22:48:13 - [TEST_STEP][PASSED] - callTestCase(findTestCase("ESO/Misc Tests/Policy Accept"), [:], STOP_ON_FAILURE): Call Test Case 'Test Cases/ESO/Misc Tests/Policy Accept' successfully

31-01-2024T22:48:13 - [TEST_CASE][PASSED] - Test Cases/ESO/Misc Tests/Policy Accept: Test Cases/ESO/Misc Tests/Policy Accept

31-01-2024T22:48:13 - [TEST_STEP][PASSED] - verifyElementPresent(findTestObject("Object Repository/ESO/Page_Home/div_Policy"), 0): Object 'Object Repository/ESO/Page_Home/div_Policy' is present

31-01-2024T22:48:13 - [MESSAGE][WARNING] - Timeout '0' is invalid. Using default page load timeout: '30'

31-01-2024T22:48:13 - [MESSAGE][PASSED] - Object 'Object Repository/ESO/Page_Home/div_Policy' is present

31-01-2024T22:48:13 - [TEST_STEP][PASSED] - click(findTestObject("Object Repository/ESO/Page_Home/button_ACCEPT ALL")): Object: 'Object Repository/ESO/Page_Home/button_ACCEPT ALL' is clicked on

31-01-2024T22:48:14 - [MESSAGE][PASSED] - Object: 'Object Repository/ESO/Page_Home/button_ACCEPT ALL' is clicked on

31-01-2024T22:48:14 - [MESSAGE][PASSED] - Call Test Case 'Test Cases/ESO/Misc Tests/Policy Accept' successfully

31-01-2024T22:48:14 - [MESSAGE][PASSED] - Call Test Case 'Test Cases/ESO/Misc Tests/Open ESO Page' successfully

31-01-2024T22:48:14 - [TEST_STEP][PASSED] - helpers.Misc.OpenSearchBar(): helpers.Misc.OpenSearchBar is PASSED

31-01-2024T22:48:15 - [MESSAGE][PASSED] - Object: 'Object Repository/ESO/Page_Home/Search Bar/i_fa fa-search' is clicked on

31-01-2024T22:48:15 - [MESSAGE][PASSED] - Object 'Object Repository/ESO/Page_Home/Search Bar/inputsearchBox' is visible

31-01-2024T22:48:15 - [MESSAGE][PASSED] - helpers.Misc.OpenSearchBar is PASSED

31-01-2024T22:48:15 - [TEST_STEP][PASSED] - delay(1): Delayed 1 second(s)

31-01-2024T22:48:16 - [MESSAGE][PASSED] - Delayed 1 second(s)

31-01-2024T22:48:16 - [TEST_STEP][PASSED] - setText(findTestObject("Object Repository/ESO/Page_Home/Search Bar/inputsearchBox"), Class_Name): Text 'Nightblade' is set on object 'Object Repository/ESO/Page_Home/Search Bar/inputsearchBox'

31-01-2024T22:48:17 - [MESSAGE][PASSED] - Text 'Nightblade' is set on object 'Object Repository/ESO/Page_Home/Search Bar/inputsearchBox'

31-01-2024T22:48:17 - [TEST_STEP][PASSED] - sendKeys(findTestObject("Object Repository/ESO/Page_Home/Search Bar/inputsearchBox"), Keys.chord(ENTER)): Keys 'ENTER + ' sent to object: 'Object Repository/ESO/Page_Home/Search Bar/inputsearchBox'

31-01-2024T22:48:17 - [MESSAGE][PASSED] - Keys 'ENTER + ' sent to object: 'Object Repository/ESO/Page_Home/Search Bar/inputsearchBox'

31-01-2024T22:48:17 - [TEST_STEP][PASSED] - closeBrowser(): Browser is closed

31-01-2024T22:48:17 - [MESSAGE][PASSED] - Browser is closed]]></system-out>
         <system-err><![CDATA[]]></system-err>
      </testcase>
      <testcase name="Test Cases/Data-Driven/DD001 - Class Help" time="10.519" classname="Test Cases/Data-Driven/DD001 - Class Help" status="PASSED">
         <system-out><![CDATA[31-01-2024T22:48:17 - [TEST_CASE][PASSED] - Test Cases/Data-Driven/DD001 - Class Help: Test Cases/Data-Driven/DD001 - Class Help

31-01-2024T22:48:17 - [TEST_STEP][PASSED] - callTestCase(findTestCase("ESO/Misc Tests/Open ESO Page"), [:], STOP_ON_FAILURE): Call Test Case 'Test Cases/ESO/Misc Tests/Open ESO Page' successfully

31-01-2024T22:48:17 - [TEST_CASE][PASSED] - Test Cases/ESO/Misc Tests/Open ESO Page: Test Cases/ESO/Misc Tests/Open ESO Page

31-01-2024T22:48:17 - [TEST_STEP][PASSED] - openBrowser(""): Browser is opened with url: ''

31-01-2024T22:48:17 - [MESSAGE][INFO] - Starting 'Chrome' driver

31-01-2024T22:48:17 - [MESSAGE][INFO] - Action delay is set to 0 milliseconds

31-01-2024T22:48:18 - [MESSAGE][PASSED] - Browser is opened with url: ''

31-01-2024T22:48:18 - [TEST_STEP][PASSED] - maximizeWindow(): Current window maximized

31-01-2024T22:48:18 - [MESSAGE][PASSED] - Current window maximized

31-01-2024T22:48:18 - [TEST_STEP][PASSED] - navigateToUrl("https://www.elderscrollsonline.com/en-us/home"): Navigate to 'https://www.elderscrollsonline.com/en-us/home' successfully

31-01-2024T22:48:20 - [MESSAGE][PASSED] - Navigate to 'https://www.elderscrollsonline.com/en-us/home' successfully

31-01-2024T22:48:20 - [TEST_STEP][PASSED] - delay(3): Delayed 3 second(s)

31-01-2024T22:48:23 - [MESSAGE][PASSED] - Delayed 3 second(s)

31-01-2024T22:48:23 - [TEST_STEP][PASSED] - verifyElementPresent(findTestObject("Object Repository/ESO/Page_Home/a_The Elder Scrolls  Online"), 0): Object 'Object Repository/ESO/Page_Home/a_The Elder Scrolls  Online' is present

31-01-2024T22:48:23 - [MESSAGE][WARNING] - Timeout '0' is invalid. Using default page load timeout: '30'

31-01-2024T22:48:24 - [MESSAGE][PASSED] - Object 'Object Repository/ESO/Page_Home/a_The Elder Scrolls  Online' is present

31-01-2024T22:48:24 - [TEST_STEP][PASSED] - callTestCase(findTestCase("ESO/Misc Tests/Policy Accept"), [:], STOP_ON_FAILURE): Call Test Case 'Test Cases/ESO/Misc Tests/Policy Accept' successfully

31-01-2024T22:48:24 - [TEST_CASE][PASSED] - Test Cases/ESO/Misc Tests/Policy Accept: Test Cases/ESO/Misc Tests/Policy Accept

31-01-2024T22:48:24 - [TEST_STEP][PASSED] - verifyElementPresent(findTestObject("Object Repository/ESO/Page_Home/div_Policy"), 0): Object 'Object Repository/ESO/Page_Home/div_Policy' is present

31-01-2024T22:48:24 - [MESSAGE][WARNING] - Timeout '0' is invalid. Using default page load timeout: '30'

31-01-2024T22:48:24 - [MESSAGE][PASSED] - Object 'Object Repository/ESO/Page_Home/div_Policy' is present

31-01-2024T22:48:24 - [TEST_STEP][PASSED] - click(findTestObject("Object Repository/ESO/Page_Home/button_ACCEPT ALL")): Object: 'Object Repository/ESO/Page_Home/button_ACCEPT ALL' is clicked on

31-01-2024T22:48:24 - [MESSAGE][PASSED] - Object: 'Object Repository/ESO/Page_Home/button_ACCEPT ALL' is clicked on

31-01-2024T22:48:24 - [MESSAGE][PASSED] - Call Test Case 'Test Cases/ESO/Misc Tests/Policy Accept' successfully

31-01-2024T22:48:24 - [MESSAGE][PASSED] - Call Test Case 'Test Cases/ESO/Misc Tests/Open ESO Page' successfully

31-01-2024T22:48:24 - [TEST_STEP][PASSED] - helpers.Misc.OpenSearchBar(): helpers.Misc.OpenSearchBar is PASSED

31-01-2024T22:48:25 - [MESSAGE][PASSED] - Object: 'Object Repository/ESO/Page_Home/Search Bar/i_fa fa-search' is clicked on

31-01-2024T22:48:26 - [MESSAGE][PASSED] - Object 'Object Repository/ESO/Page_Home/Search Bar/inputsearchBox' is visible

31-01-2024T22:48:26 - [MESSAGE][PASSED] - helpers.Misc.OpenSearchBar is PASSED

31-01-2024T22:48:26 - [TEST_STEP][PASSED] - delay(1): Delayed 1 second(s)

31-01-2024T22:48:27 - [MESSAGE][PASSED] - Delayed 1 second(s)

31-01-2024T22:48:27 - [TEST_STEP][PASSED] - setText(findTestObject("Object Repository/ESO/Page_Home/Search Bar/inputsearchBox"), Class_Name): Text 'Sorcerer' is set on object 'Object Repository/ESO/Page_Home/Search Bar/inputsearchBox'

31-01-2024T22:48:27 - [MESSAGE][PASSED] - Text 'Sorcerer' is set on object 'Object Repository/ESO/Page_Home/Search Bar/inputsearchBox'

31-01-2024T22:48:27 - [TEST_STEP][PASSED] - sendKeys(findTestObject("Object Repository/ESO/Page_Home/Search Bar/inputsearchBox"), Keys.chord(ENTER)): Keys 'ENTER + ' sent to object: 'Object Repository/ESO/Page_Home/Search Bar/inputsearchBox'

31-01-2024T22:48:28 - [MESSAGE][PASSED] - Keys 'ENTER + ' sent to object: 'Object Repository/ESO/Page_Home/Search Bar/inputsearchBox'

31-01-2024T22:48:28 - [TEST_STEP][PASSED] - closeBrowser(): Browser is closed

31-01-2024T22:48:28 - [MESSAGE][PASSED] - Browser is closed]]></system-out>
         <system-err><![CDATA[]]></system-err>
      </testcase>
      <testcase name="Test Cases/Data-Driven/DD001 - Class Help" time="10.731" classname="Test Cases/Data-Driven/DD001 - Class Help" status="PASSED">
         <system-out><![CDATA[31-01-2024T22:48:28 - [TEST_CASE][PASSED] - Test Cases/Data-Driven/DD001 - Class Help: Test Cases/Data-Driven/DD001 - Class Help

31-01-2024T22:48:28 - [TEST_STEP][PASSED] - callTestCase(findTestCase("ESO/Misc Tests/Open ESO Page"), [:], STOP_ON_FAILURE): Call Test Case 'Test Cases/ESO/Misc Tests/Open ESO Page' successfully

31-01-2024T22:48:28 - [TEST_CASE][PASSED] - Test Cases/ESO/Misc Tests/Open ESO Page: Test Cases/ESO/Misc Tests/Open ESO Page

31-01-2024T22:48:28 - [TEST_STEP][PASSED] - openBrowser(""): Browser is opened with url: ''

31-01-2024T22:48:28 - [MESSAGE][INFO] - Starting 'Chrome' driver

31-01-2024T22:48:28 - [MESSAGE][INFO] - Action delay is set to 0 milliseconds

31-01-2024T22:48:29 - [MESSAGE][PASSED] - Browser is opened with url: ''

31-01-2024T22:48:29 - [TEST_STEP][PASSED] - maximizeWindow(): Current window maximized

31-01-2024T22:48:29 - [MESSAGE][PASSED] - Current window maximized

31-01-2024T22:48:29 - [TEST_STEP][PASSED] - navigateToUrl("https://www.elderscrollsonline.com/en-us/home"): Navigate to 'https://www.elderscrollsonline.com/en-us/home' successfully

31-01-2024T22:48:31 - [MESSAGE][PASSED] - Navigate to 'https://www.elderscrollsonline.com/en-us/home' successfully

31-01-2024T22:48:31 - [TEST_STEP][PASSED] - delay(3): Delayed 3 second(s)

31-01-2024T22:48:34 - [MESSAGE][PASSED] - Delayed 3 second(s)

31-01-2024T22:48:34 - [TEST_STEP][PASSED] - verifyElementPresent(findTestObject("Object Repository/ESO/Page_Home/a_The Elder Scrolls  Online"), 0): Object 'Object Repository/ESO/Page_Home/a_The Elder Scrolls  Online' is present

31-01-2024T22:48:34 - [MESSAGE][WARNING] - Timeout '0' is invalid. Using default page load timeout: '30'

31-01-2024T22:48:34 - [MESSAGE][PASSED] - Object 'Object Repository/ESO/Page_Home/a_The Elder Scrolls  Online' is present

31-01-2024T22:48:34 - [TEST_STEP][PASSED] - callTestCase(findTestCase("ESO/Misc Tests/Policy Accept"), [:], STOP_ON_FAILURE): Call Test Case 'Test Cases/ESO/Misc Tests/Policy Accept' successfully

31-01-2024T22:48:34 - [TEST_CASE][PASSED] - Test Cases/ESO/Misc Tests/Policy Accept: Test Cases/ESO/Misc Tests/Policy Accept

31-01-2024T22:48:34 - [TEST_STEP][PASSED] - verifyElementPresent(findTestObject("Object Repository/ESO/Page_Home/div_Policy"), 0): Object 'Object Repository/ESO/Page_Home/div_Policy' is present

31-01-2024T22:48:34 - [MESSAGE][WARNING] - Timeout '0' is invalid. Using default page load timeout: '30'

31-01-2024T22:48:35 - [MESSAGE][PASSED] - Object 'Object Repository/ESO/Page_Home/div_Policy' is present

31-01-2024T22:48:35 - [TEST_STEP][PASSED] - click(findTestObject("Object Repository/ESO/Page_Home/button_ACCEPT ALL")): Object: 'Object Repository/ESO/Page_Home/button_ACCEPT ALL' is clicked on

31-01-2024T22:48:35 - [MESSAGE][PASSED] - Object: 'Object Repository/ESO/Page_Home/button_ACCEPT ALL' is clicked on

31-01-2024T22:48:35 - [MESSAGE][PASSED] - Call Test Case 'Test Cases/ESO/Misc Tests/Policy Accept' successfully

31-01-2024T22:48:35 - [MESSAGE][PASSED] - Call Test Case 'Test Cases/ESO/Misc Tests/Open ESO Page' successfully

31-01-2024T22:48:35 - [TEST_STEP][PASSED] - helpers.Misc.OpenSearchBar(): helpers.Misc.OpenSearchBar is PASSED

31-01-2024T22:48:36 - [MESSAGE][PASSED] - Object: 'Object Repository/ESO/Page_Home/Search Bar/i_fa fa-search' is clicked on

31-01-2024T22:48:36 - [MESSAGE][PASSED] - Object 'Object Repository/ESO/Page_Home/Search Bar/inputsearchBox' is visible

31-01-2024T22:48:36 - [MESSAGE][PASSED] - helpers.Misc.OpenSearchBar is PASSED

31-01-2024T22:48:36 - [TEST_STEP][PASSED] - delay(1): Delayed 1 second(s)

31-01-2024T22:48:37 - [MESSAGE][PASSED] - Delayed 1 second(s)

31-01-2024T22:48:37 - [TEST_STEP][PASSED] - setText(findTestObject("Object Repository/ESO/Page_Home/Search Bar/inputsearchBox"), Class_Name): Text 'Dragonknight' is set on object 'Object Repository/ESO/Page_Home/Search Bar/inputsearchBox'

31-01-2024T22:48:38 - [MESSAGE][PASSED] - Text 'Dragonknight' is set on object 'Object Repository/ESO/Page_Home/Search Bar/inputsearchBox'

31-01-2024T22:48:38 - [TEST_STEP][PASSED] - sendKeys(findTestObject("Object Repository/ESO/Page_Home/Search Bar/inputsearchBox"), Keys.chord(ENTER)): Keys 'ENTER + ' sent to object: 'Object Repository/ESO/Page_Home/Search Bar/inputsearchBox'

31-01-2024T22:48:38 - [MESSAGE][PASSED] - Keys 'ENTER + ' sent to object: 'Object Repository/ESO/Page_Home/Search Bar/inputsearchBox'

31-01-2024T22:48:38 - [TEST_STEP][PASSED] - closeBrowser(): Browser is closed

31-01-2024T22:48:39 - [MESSAGE][PASSED] - Browser is closed]]></system-out>
         <system-err><![CDATA[]]></system-err>
      </testcase>
      <testcase name="Test Cases/Data-Driven/DD001 - Class Help" time="10.664" classname="Test Cases/Data-Driven/DD001 - Class Help" status="PASSED">
         <system-out><![CDATA[31-01-2024T22:48:39 - [TEST_CASE][PASSED] - Test Cases/Data-Driven/DD001 - Class Help: Test Cases/Data-Driven/DD001 - Class Help

31-01-2024T22:48:39 - [TEST_STEP][PASSED] - callTestCase(findTestCase("ESO/Misc Tests/Open ESO Page"), [:], STOP_ON_FAILURE): Call Test Case 'Test Cases/ESO/Misc Tests/Open ESO Page' successfully

31-01-2024T22:48:39 - [TEST_CASE][PASSED] - Test Cases/ESO/Misc Tests/Open ESO Page: Test Cases/ESO/Misc Tests/Open ESO Page

31-01-2024T22:48:39 - [TEST_STEP][PASSED] - openBrowser(""): Browser is opened with url: ''

31-01-2024T22:48:39 - [MESSAGE][INFO] - Starting 'Chrome' driver

31-01-2024T22:48:39 - [MESSAGE][INFO] - Action delay is set to 0 milliseconds

31-01-2024T22:48:39 - [MESSAGE][PASSED] - Browser is opened with url: ''

31-01-2024T22:48:39 - [TEST_STEP][PASSED] - maximizeWindow(): Current window maximized

31-01-2024T22:48:39 - [MESSAGE][PASSED] - Current window maximized

31-01-2024T22:48:39 - [TEST_STEP][PASSED] - navigateToUrl("https://www.elderscrollsonline.com/en-us/home"): Navigate to 'https://www.elderscrollsonline.com/en-us/home' successfully

31-01-2024T22:48:42 - [MESSAGE][PASSED] - Navigate to 'https://www.elderscrollsonline.com/en-us/home' successfully

31-01-2024T22:48:42 - [TEST_STEP][PASSED] - delay(3): Delayed 3 second(s)

31-01-2024T22:48:45 - [MESSAGE][PASSED] - Delayed 3 second(s)

31-01-2024T22:48:45 - [TEST_STEP][PASSED] - verifyElementPresent(findTestObject("Object Repository/ESO/Page_Home/a_The Elder Scrolls  Online"), 0): Object 'Object Repository/ESO/Page_Home/a_The Elder Scrolls  Online' is present

31-01-2024T22:48:45 - [MESSAGE][WARNING] - Timeout '0' is invalid. Using default page load timeout: '30'

31-01-2024T22:48:45 - [MESSAGE][PASSED] - Object 'Object Repository/ESO/Page_Home/a_The Elder Scrolls  Online' is present

31-01-2024T22:48:45 - [TEST_STEP][PASSED] - callTestCase(findTestCase("ESO/Misc Tests/Policy Accept"), [:], STOP_ON_FAILURE): Call Test Case 'Test Cases/ESO/Misc Tests/Policy Accept' successfully

31-01-2024T22:48:45 - [TEST_CASE][PASSED] - Test Cases/ESO/Misc Tests/Policy Accept: Test Cases/ESO/Misc Tests/Policy Accept

31-01-2024T22:48:45 - [TEST_STEP][PASSED] - verifyElementPresent(findTestObject("Object Repository/ESO/Page_Home/div_Policy"), 0): Object 'Object Repository/ESO/Page_Home/div_Policy' is present

31-01-2024T22:48:45 - [MESSAGE][WARNING] - Timeout '0' is invalid. Using default page load timeout: '30'

31-01-2024T22:48:45 - [MESSAGE][PASSED] - Object 'Object Repository/ESO/Page_Home/div_Policy' is present

31-01-2024T22:48:45 - [TEST_STEP][PASSED] - click(findTestObject("Object Repository/ESO/Page_Home/button_ACCEPT ALL")): Object: 'Object Repository/ESO/Page_Home/button_ACCEPT ALL' is clicked on

31-01-2024T22:48:46 - [MESSAGE][PASSED] - Object: 'Object Repository/ESO/Page_Home/button_ACCEPT ALL' is clicked on

31-01-2024T22:48:46 - [MESSAGE][PASSED] - Call Test Case 'Test Cases/ESO/Misc Tests/Policy Accept' successfully

31-01-2024T22:48:46 - [MESSAGE][PASSED] - Call Test Case 'Test Cases/ESO/Misc Tests/Open ESO Page' successfully

31-01-2024T22:48:46 - [TEST_STEP][PASSED] - helpers.Misc.OpenSearchBar(): helpers.Misc.OpenSearchBar is PASSED

31-01-2024T22:48:47 - [MESSAGE][PASSED] - Object: 'Object Repository/ESO/Page_Home/Search Bar/i_fa fa-search' is clicked on

31-01-2024T22:48:47 - [MESSAGE][PASSED] - Object 'Object Repository/ESO/Page_Home/Search Bar/inputsearchBox' is visible

31-01-2024T22:48:47 - [MESSAGE][PASSED] - helpers.Misc.OpenSearchBar is PASSED

31-01-2024T22:48:47 - [TEST_STEP][PASSED] - delay(1): Delayed 1 second(s)

31-01-2024T22:48:48 - [MESSAGE][PASSED] - Delayed 1 second(s)

31-01-2024T22:48:48 - [TEST_STEP][PASSED] - setText(findTestObject("Object Repository/ESO/Page_Home/Search Bar/inputsearchBox"), Class_Name): Text 'Warden' is set on object 'Object Repository/ESO/Page_Home/Search Bar/inputsearchBox'

31-01-2024T22:48:49 - [MESSAGE][PASSED] - Text 'Warden' is set on object 'Object Repository/ESO/Page_Home/Search Bar/inputsearchBox'

31-01-2024T22:48:49 - [TEST_STEP][PASSED] - sendKeys(findTestObject("Object Repository/ESO/Page_Home/Search Bar/inputsearchBox"), Keys.chord(ENTER)): Keys 'ENTER + ' sent to object: 'Object Repository/ESO/Page_Home/Search Bar/inputsearchBox'

31-01-2024T22:48:49 - [MESSAGE][PASSED] - Keys 'ENTER + ' sent to object: 'Object Repository/ESO/Page_Home/Search Bar/inputsearchBox'

31-01-2024T22:48:49 - [TEST_STEP][PASSED] - closeBrowser(): Browser is closed

31-01-2024T22:48:49 - [MESSAGE][PASSED] - Browser is closed]]></system-out>
         <system-err><![CDATA[]]></system-err>
      </testcase>
      <testcase name="Test Cases/Data-Driven/DD001 - Class Help" time="10.666" classname="Test Cases/Data-Driven/DD001 - Class Help" status="PASSED">
         <system-out><![CDATA[31-01-2024T22:48:49 - [TEST_CASE][PASSED] - Test Cases/Data-Driven/DD001 - Class Help: Test Cases/Data-Driven/DD001 - Class Help

31-01-2024T22:48:49 - [TEST_STEP][PASSED] - callTestCase(findTestCase("ESO/Misc Tests/Open ESO Page"), [:], STOP_ON_FAILURE): Call Test Case 'Test Cases/ESO/Misc Tests/Open ESO Page' successfully

31-01-2024T22:48:49 - [TEST_CASE][PASSED] - Test Cases/ESO/Misc Tests/Open ESO Page: Test Cases/ESO/Misc Tests/Open ESO Page

31-01-2024T22:48:49 - [TEST_STEP][PASSED] - openBrowser(""): Browser is opened with url: ''

31-01-2024T22:48:49 - [MESSAGE][INFO] - Starting 'Chrome' driver

31-01-2024T22:48:49 - [MESSAGE][INFO] - Action delay is set to 0 milliseconds

31-01-2024T22:48:50 - [MESSAGE][PASSED] - Browser is opened with url: ''

31-01-2024T22:48:50 - [TEST_STEP][PASSED] - maximizeWindow(): Current window maximized

31-01-2024T22:48:50 - [MESSAGE][PASSED] - Current window maximized

31-01-2024T22:48:50 - [TEST_STEP][PASSED] - navigateToUrl("https://www.elderscrollsonline.com/en-us/home"): Navigate to 'https://www.elderscrollsonline.com/en-us/home' successfully

31-01-2024T22:48:52 - [MESSAGE][PASSED] - Navigate to 'https://www.elderscrollsonline.com/en-us/home' successfully

31-01-2024T22:48:52 - [TEST_STEP][PASSED] - delay(3): Delayed 3 second(s)

31-01-2024T22:48:55 - [MESSAGE][PASSED] - Delayed 3 second(s)

31-01-2024T22:48:55 - [TEST_STEP][PASSED] - verifyElementPresent(findTestObject("Object Repository/ESO/Page_Home/a_The Elder Scrolls  Online"), 0): Object 'Object Repository/ESO/Page_Home/a_The Elder Scrolls  Online' is present

31-01-2024T22:48:55 - [MESSAGE][WARNING] - Timeout '0' is invalid. Using default page load timeout: '30'

31-01-2024T22:48:56 - [MESSAGE][PASSED] - Object 'Object Repository/ESO/Page_Home/a_The Elder Scrolls  Online' is present

31-01-2024T22:48:56 - [TEST_STEP][PASSED] - callTestCase(findTestCase("ESO/Misc Tests/Policy Accept"), [:], STOP_ON_FAILURE): Call Test Case 'Test Cases/ESO/Misc Tests/Policy Accept' successfully

31-01-2024T22:48:56 - [TEST_CASE][PASSED] - Test Cases/ESO/Misc Tests/Policy Accept: Test Cases/ESO/Misc Tests/Policy Accept

31-01-2024T22:48:56 - [TEST_STEP][PASSED] - verifyElementPresent(findTestObject("Object Repository/ESO/Page_Home/div_Policy"), 0): Object 'Object Repository/ESO/Page_Home/div_Policy' is present

31-01-2024T22:48:56 - [MESSAGE][WARNING] - Timeout '0' is invalid. Using default page load timeout: '30'

31-01-2024T22:48:56 - [MESSAGE][PASSED] - Object 'Object Repository/ESO/Page_Home/div_Policy' is present

31-01-2024T22:48:56 - [TEST_STEP][PASSED] - click(findTestObject("Object Repository/ESO/Page_Home/button_ACCEPT ALL")): Object: 'Object Repository/ESO/Page_Home/button_ACCEPT ALL' is clicked on

31-01-2024T22:48:56 - [MESSAGE][PASSED] - Object: 'Object Repository/ESO/Page_Home/button_ACCEPT ALL' is clicked on

31-01-2024T22:48:56 - [MESSAGE][PASSED] - Call Test Case 'Test Cases/ESO/Misc Tests/Policy Accept' successfully

31-01-2024T22:48:56 - [MESSAGE][PASSED] - Call Test Case 'Test Cases/ESO/Misc Tests/Open ESO Page' successfully

31-01-2024T22:48:56 - [TEST_STEP][PASSED] - helpers.Misc.OpenSearchBar(): helpers.Misc.OpenSearchBar is PASSED

31-01-2024T22:48:57 - [MESSAGE][PASSED] - Object: 'Object Repository/ESO/Page_Home/Search Bar/i_fa fa-search' is clicked on

31-01-2024T22:48:58 - [MESSAGE][PASSED] - Object 'Object Repository/ESO/Page_Home/Search Bar/inputsearchBox' is visible

31-01-2024T22:48:58 - [MESSAGE][PASSED] - helpers.Misc.OpenSearchBar is PASSED

31-01-2024T22:48:58 - [TEST_STEP][PASSED] - delay(1): Delayed 1 second(s)

31-01-2024T22:48:59 - [MESSAGE][PASSED] - Delayed 1 second(s)

31-01-2024T22:48:59 - [TEST_STEP][PASSED] - setText(findTestObject("Object Repository/ESO/Page_Home/Search Bar/inputsearchBox"), Class_Name): Text 'Necromancer' is set on object 'Object Repository/ESO/Page_Home/Search Bar/inputsearchBox'

31-01-2024T22:48:59 - [MESSAGE][PASSED] - Text 'Necromancer' is set on object 'Object Repository/ESO/Page_Home/Search Bar/inputsearchBox'

31-01-2024T22:48:59 - [TEST_STEP][PASSED] - sendKeys(findTestObject("Object Repository/ESO/Page_Home/Search Bar/inputsearchBox"), Keys.chord(ENTER)): Keys 'ENTER + ' sent to object: 'Object Repository/ESO/Page_Home/Search Bar/inputsearchBox'

31-01-2024T22:49:00 - [MESSAGE][PASSED] - Keys 'ENTER + ' sent to object: 'Object Repository/ESO/Page_Home/Search Bar/inputsearchBox'

31-01-2024T22:49:00 - [TEST_STEP][PASSED] - closeBrowser(): Browser is closed

31-01-2024T22:49:00 - [MESSAGE][PASSED] - Browser is closed]]></system-out>
         <system-err><![CDATA[]]></system-err>
      </testcase>
      <testcase name="Test Cases/Data-Driven/DD001 - Class Help" time="10.339" classname="Test Cases/Data-Driven/DD001 - Class Help" status="PASSED">
         <system-out><![CDATA[31-01-2024T22:49:00 - [TEST_CASE][PASSED] - Test Cases/Data-Driven/DD001 - Class Help: Test Cases/Data-Driven/DD001 - Class Help

31-01-2024T22:49:00 - [TEST_STEP][PASSED] - callTestCase(findTestCase("ESO/Misc Tests/Open ESO Page"), [:], STOP_ON_FAILURE): Call Test Case 'Test Cases/ESO/Misc Tests/Open ESO Page' successfully

31-01-2024T22:49:00 - [TEST_CASE][PASSED] - Test Cases/ESO/Misc Tests/Open ESO Page: Test Cases/ESO/Misc Tests/Open ESO Page

31-01-2024T22:49:00 - [TEST_STEP][PASSED] - openBrowser(""): Browser is opened with url: ''

31-01-2024T22:49:00 - [MESSAGE][INFO] - Starting 'Chrome' driver

31-01-2024T22:49:00 - [MESSAGE][INFO] - Action delay is set to 0 milliseconds

31-01-2024T22:49:01 - [MESSAGE][PASSED] - Browser is opened with url: ''

31-01-2024T22:49:01 - [TEST_STEP][PASSED] - maximizeWindow(): Current window maximized

31-01-2024T22:49:01 - [MESSAGE][PASSED] - Current window maximized

31-01-2024T22:49:01 - [TEST_STEP][PASSED] - navigateToUrl("https://www.elderscrollsonline.com/en-us/home"): Navigate to 'https://www.elderscrollsonline.com/en-us/home' successfully

31-01-2024T22:49:02 - [MESSAGE][PASSED] - Navigate to 'https://www.elderscrollsonline.com/en-us/home' successfully

31-01-2024T22:49:02 - [TEST_STEP][PASSED] - delay(3): Delayed 3 second(s)

31-01-2024T22:49:05 - [MESSAGE][PASSED] - Delayed 3 second(s)

31-01-2024T22:49:05 - [TEST_STEP][PASSED] - verifyElementPresent(findTestObject("Object Repository/ESO/Page_Home/a_The Elder Scrolls  Online"), 0): Object 'Object Repository/ESO/Page_Home/a_The Elder Scrolls  Online' is present

31-01-2024T22:49:05 - [MESSAGE][WARNING] - Timeout '0' is invalid. Using default page load timeout: '30'

31-01-2024T22:49:06 - [MESSAGE][PASSED] - Object 'Object Repository/ESO/Page_Home/a_The Elder Scrolls  Online' is present

31-01-2024T22:49:06 - [TEST_STEP][PASSED] - callTestCase(findTestCase("ESO/Misc Tests/Policy Accept"), [:], STOP_ON_FAILURE): Call Test Case 'Test Cases/ESO/Misc Tests/Policy Accept' successfully

31-01-2024T22:49:06 - [TEST_CASE][PASSED] - Test Cases/ESO/Misc Tests/Policy Accept: Test Cases/ESO/Misc Tests/Policy Accept

31-01-2024T22:49:06 - [TEST_STEP][PASSED] - verifyElementPresent(findTestObject("Object Repository/ESO/Page_Home/div_Policy"), 0): Object 'Object Repository/ESO/Page_Home/div_Policy' is present

31-01-2024T22:49:06 - [MESSAGE][WARNING] - Timeout '0' is invalid. Using default page load timeout: '30'

31-01-2024T22:49:06 - [MESSAGE][PASSED] - Object 'Object Repository/ESO/Page_Home/div_Policy' is present

31-01-2024T22:49:06 - [TEST_STEP][PASSED] - click(findTestObject("Object Repository/ESO/Page_Home/button_ACCEPT ALL")): Object: 'Object Repository/ESO/Page_Home/button_ACCEPT ALL' is clicked on

31-01-2024T22:49:06 - [MESSAGE][PASSED] - Object: 'Object Repository/ESO/Page_Home/button_ACCEPT ALL' is clicked on

31-01-2024T22:49:06 - [MESSAGE][PASSED] - Call Test Case 'Test Cases/ESO/Misc Tests/Policy Accept' successfully

31-01-2024T22:49:06 - [MESSAGE][PASSED] - Call Test Case 'Test Cases/ESO/Misc Tests/Open ESO Page' successfully

31-01-2024T22:49:06 - [TEST_STEP][PASSED] - helpers.Misc.OpenSearchBar(): helpers.Misc.OpenSearchBar is PASSED

31-01-2024T22:49:07 - [MESSAGE][PASSED] - Object: 'Object Repository/ESO/Page_Home/Search Bar/i_fa fa-search' is clicked on

31-01-2024T22:49:08 - [MESSAGE][PASSED] - Object 'Object Repository/ESO/Page_Home/Search Bar/inputsearchBox' is visible

31-01-2024T22:49:08 - [MESSAGE][PASSED] - helpers.Misc.OpenSearchBar is PASSED

31-01-2024T22:49:08 - [TEST_STEP][PASSED] - delay(1): Delayed 1 second(s)

31-01-2024T22:49:09 - [MESSAGE][PASSED] - Delayed 1 second(s)

31-01-2024T22:49:09 - [TEST_STEP][PASSED] - setText(findTestObject("Object Repository/ESO/Page_Home/Search Bar/inputsearchBox"), Class_Name): Text 'Arcanist' is set on object 'Object Repository/ESO/Page_Home/Search Bar/inputsearchBox'

31-01-2024T22:49:10 - [MESSAGE][PASSED] - Text 'Arcanist' is set on object 'Object Repository/ESO/Page_Home/Search Bar/inputsearchBox'

31-01-2024T22:49:10 - [TEST_STEP][PASSED] - sendKeys(findTestObject("Object Repository/ESO/Page_Home/Search Bar/inputsearchBox"), Keys.chord(ENTER)): Keys 'ENTER + ' sent to object: 'Object Repository/ESO/Page_Home/Search Bar/inputsearchBox'

31-01-2024T22:49:10 - [MESSAGE][PASSED] - Keys 'ENTER + ' sent to object: 'Object Repository/ESO/Page_Home/Search Bar/inputsearchBox'

31-01-2024T22:49:10 - [TEST_STEP][PASSED] - closeBrowser(): Browser is closed

31-01-2024T22:49:10 - [MESSAGE][PASSED] - Browser is closed]]></system-out>
         <system-err><![CDATA[]]></system-err>
      </testcase>
      <testcase name="Test Cases/Data-Driven/DD002 - Meet the Characters" time="18.499" classname="Test Cases/Data-Driven/DD002 - Meet the Characters" status="PASSED">
         <system-out><![CDATA[31-01-2024T22:49:10 - [TEST_CASE][PASSED] - Test Cases/Data-Driven/DD002 - Meet the Characters: Test Cases/Data-Driven/DD002 - Meet the Characters

31-01-2024T22:49:10 - [TEST_STEP][PASSED] - verifyCheckpoint(findCheckpoint("Checkpoints/Companions"), false): Checkpoint data and Source data are matched

31-01-2024T22:49:11 - [MESSAGE][PASSED] - Checkpoint data and Source data are matched

31-01-2024T22:49:11 - [TEST_STEP][PASSED] - callTestCase(findTestCase("ESO/Misc Tests/Open ESO Page"), [:], STOP_ON_FAILURE): Call Test Case 'Test Cases/ESO/Misc Tests/Open ESO Page' successfully

31-01-2024T22:49:11 - [TEST_CASE][PASSED] - Test Cases/ESO/Misc Tests/Open ESO Page: Test Cases/ESO/Misc Tests/Open ESO Page

31-01-2024T22:49:11 - [TEST_STEP][PASSED] - openBrowser(""): Browser is opened with url: ''

31-01-2024T22:49:11 - [MESSAGE][INFO] - Starting 'Chrome' driver

31-01-2024T22:49:11 - [MESSAGE][INFO] - Action delay is set to 0 milliseconds

31-01-2024T22:49:12 - [MESSAGE][PASSED] - Browser is opened with url: ''

31-01-2024T22:49:12 - [TEST_STEP][PASSED] - maximizeWindow(): Current window maximized

31-01-2024T22:49:12 - [MESSAGE][PASSED] - Current window maximized

31-01-2024T22:49:12 - [TEST_STEP][PASSED] - navigateToUrl("https://www.elderscrollsonline.com/en-us/home"): Navigate to 'https://www.elderscrollsonline.com/en-us/home' successfully

31-01-2024T22:49:14 - [MESSAGE][PASSED] - Navigate to 'https://www.elderscrollsonline.com/en-us/home' successfully

31-01-2024T22:49:14 - [TEST_STEP][PASSED] - delay(3): Delayed 3 second(s)

31-01-2024T22:49:17 - [MESSAGE][PASSED] - Delayed 3 second(s)

31-01-2024T22:49:17 - [TEST_STEP][PASSED] - verifyElementPresent(findTestObject("Object Repository/ESO/Page_Home/a_The Elder Scrolls  Online"), 0): Object 'Object Repository/ESO/Page_Home/a_The Elder Scrolls  Online' is present

31-01-2024T22:49:17 - [MESSAGE][WARNING] - Timeout '0' is invalid. Using default page load timeout: '30'

31-01-2024T22:49:17 - [MESSAGE][PASSED] - Object 'Object Repository/ESO/Page_Home/a_The Elder Scrolls  Online' is present

31-01-2024T22:49:17 - [TEST_STEP][PASSED] - callTestCase(findTestCase("ESO/Misc Tests/Policy Accept"), [:], STOP_ON_FAILURE): Call Test Case 'Test Cases/ESO/Misc Tests/Policy Accept' successfully

31-01-2024T22:49:17 - [TEST_CASE][PASSED] - Test Cases/ESO/Misc Tests/Policy Accept: Test Cases/ESO/Misc Tests/Policy Accept

31-01-2024T22:49:17 - [TEST_STEP][PASSED] - verifyElementPresent(findTestObject("Object Repository/ESO/Page_Home/div_Policy"), 0): Object 'Object Repository/ESO/Page_Home/div_Policy' is present

31-01-2024T22:49:17 - [MESSAGE][WARNING] - Timeout '0' is invalid. Using default page load timeout: '30'

31-01-2024T22:49:17 - [MESSAGE][PASSED] - Object 'Object Repository/ESO/Page_Home/div_Policy' is present

31-01-2024T22:49:17 - [TEST_STEP][PASSED] - click(findTestObject("Object Repository/ESO/Page_Home/button_ACCEPT ALL")): Object: 'Object Repository/ESO/Page_Home/button_ACCEPT ALL' is clicked on

31-01-2024T22:49:17 - [MESSAGE][PASSED] - Object: 'Object Repository/ESO/Page_Home/button_ACCEPT ALL' is clicked on

31-01-2024T22:49:17 - [MESSAGE][PASSED] - Call Test Case 'Test Cases/ESO/Misc Tests/Policy Accept' successfully

31-01-2024T22:49:17 - [MESSAGE][PASSED] - Call Test Case 'Test Cases/ESO/Misc Tests/Open ESO Page' successfully

31-01-2024T22:49:17 - [TEST_STEP][PASSED] - helpers.Misc.OpenSearchBar(): helpers.Misc.OpenSearchBar is PASSED

31-01-2024T22:49:18 - [MESSAGE][PASSED] - Object: 'Object Repository/ESO/Page_Home/Search Bar/i_fa fa-search' is clicked on

31-01-2024T22:49:19 - [MESSAGE][PASSED] - Object 'Object Repository/ESO/Page_Home/Search Bar/inputsearchBox' is visible

31-01-2024T22:49:19 - [MESSAGE][PASSED] - helpers.Misc.OpenSearchBar is PASSED

31-01-2024T22:49:19 - [TEST_STEP][PASSED] - setText(findTestObject("ESO/Page_Home/Search Bar/inputsearchBox"), Character_Name): Text 'Sharp-As-Night' is set on object 'Object Repository/ESO/Page_Home/Search Bar/inputsearchBox'

31-01-2024T22:49:19 - [MESSAGE][PASSED] - Text 'Sharp-As-Night' is set on object 'Object Repository/ESO/Page_Home/Search Bar/inputsearchBox'

31-01-2024T22:49:19 - [TEST_STEP][PASSED] - delay(1): Delayed 1 second(s)

31-01-2024T22:49:20 - [MESSAGE][PASSED] - Delayed 1 second(s)

31-01-2024T22:49:20 - [TEST_STEP][PASSED] - verifyElementPresent(findTestObject("ESO/Page_Home/Search Bar/div_Character suggestion"), 0): Object 'Object Repository/ESO/Page_Home/Search Bar/div_Character suggestion' is present

31-01-2024T22:49:20 - [MESSAGE][WARNING] - Timeout '0' is invalid. Using default page load timeout: '30'

31-01-2024T22:49:20 - [MESSAGE][PASSED] - Object 'Object Repository/ESO/Page_Home/Search Bar/div_Character suggestion' is present

31-01-2024T22:49:20 - [TEST_STEP][PASSED] - click(findTestObject("ESO/Page_Home/Search Bar/a_Character suggestion")): Object: 'Object Repository/ESO/Page_Home/Search Bar/a_Character suggestion' is clicked on

31-01-2024T22:49:23 - [MESSAGE][PASSED] - Object: 'Object Repository/ESO/Page_Home/Search Bar/a_Character suggestion' is clicked on

31-01-2024T22:49:23 - [TEST_STEP][PASSED] - callTestCase(findTestCase("ESO/Age Valitadion/A002 - Valid Age"), [:], STOP_ON_FAILURE): Call Test Case 'Test Cases/ESO/Age Valitadion/A002 - Valid Age' successfully

31-01-2024T22:49:23 - [TEST_CASE][PASSED] - Test Cases/ESO/Age Valitadion/A002 - Valid Age: Test Cases/ESO/Age Valitadion/A002 - Valid Age

31-01-2024T22:49:23 - [TEST_STEP][PASSED] - try: Web element with id: 'Object Repository/ESO/Page_Age_Verification/h4_Access Denied' located by 'By.xpath: //*[(text() = 'Access Denied' or . = 'Access Denied')]' is not present after '30' second(s)

31-01-2024T22:49:23 - [TEST_STEP][PASSED] - sendKeys(findTestObject("ESO/Page_Age_Verification/input_Age Verification_month"), helpers.getTodayDate.month()): Keys '01' sent to object: 'Object Repository/ESO/Page_Age_Verification/input_Age Verification_month'

31-01-2024T22:49:23 - [MESSAGE][PASSED] - helpers.getTodayDate.month is PASSED

31-01-2024T22:49:24 - [MESSAGE][PASSED] - Keys '01' sent to object: 'Object Repository/ESO/Page_Age_Verification/input_Age Verification_month'

31-01-2024T22:49:24 - [TEST_STEP][PASSED] - sendKeys(findTestObject("ESO/Page_Age_Verification/input_Age Verification_day"), helpers.getTodayDate.day()): Keys '31' sent to object: 'Object Repository/ESO/Page_Age_Verification/input_Age Verification_day'

31-01-2024T22:49:24 - [MESSAGE][PASSED] - helpers.getTodayDate.day is PASSED

31-01-2024T22:49:24 - [MESSAGE][PASSED] - Keys '31' sent to object: 'Object Repository/ESO/Page_Age_Verification/input_Age Verification_day'

31-01-2024T22:49:24 - [TEST_STEP][PASSED] - sendKeys(findTestObject("ESO/Page_Age_Verification/input_Age Verification_year"), helpers.getTodayDate.OverYear()): Keys '2006' sent to object: 'Object Repository/ESO/Page_Age_Verification/input_Age Verification_year'

31-01-2024T22:49:24 - [MESSAGE][PASSED] - helpers.getTodayDate.OverYear is PASSED

31-01-2024T22:49:25 - [MESSAGE][PASSED] - Keys '2006' sent to object: 'Object Repository/ESO/Page_Age_Verification/input_Age Verification_year'

31-01-2024T22:49:25 - [TEST_STEP][PASSED] - click(findTestObject("ESO/Page_Age_Verification/button_Submit")): Object: 'Object Repository/ESO/Page_Age_Verification/button_Submit' is clicked on

31-01-2024T22:49:27 - [MESSAGE][PASSED] - Object: 'Object Repository/ESO/Page_Age_Verification/button_Submit' is clicked on

31-01-2024T22:49:27 - [TEST_STEP][PASSED] - verifyElementNotPresent(findTestObject("ESO/Page_Age_Verification/h4_Access Denied"), 0): Web element with id: 'Object Repository/ESO/Page_Age_Verification/h4_Access Denied' located by 'By.xpath: //*[(text() = 'Access Denied' or . = 'Access Denied')]' is not present after '30' second(s)

31-01-2024T22:49:27 - [MESSAGE][WARNING] - Timeout '0' is invalid. Using default page load timeout: '30'

31-01-2024T22:49:28 - [MESSAGE][PASSED] - Web element with id: 'Object Repository/ESO/Page_Age_Verification/h4_Access Denied' located by 'By.xpath: //*[(text() = 'Access Denied' or . = 'Access Denied')]' is not present after '30' second(s)

31-01-2024T22:49:28 - [MESSAGE][PASSED] - Call Test Case 'Test Cases/ESO/Age Valitadion/A002 - Valid Age' successfully

31-01-2024T22:49:28 - [TEST_STEP][PASSED] - verifyTextPresent(Character_Name.toUpperCase(), false): Text 'SHARP-AS-NIGHT' is present on page 

31-01-2024T22:49:28 - [MESSAGE][PASSED] - Text 'SHARP-AS-NIGHT' is present on page 

31-01-2024T22:49:28 - [TEST_STEP][PASSED] - verifyTextPresent("MEET THE CHARACTER", false): Text 'MEET THE CHARACTER' is present on page 

31-01-2024T22:49:29 - [MESSAGE][PASSED] - Text 'MEET THE CHARACTER' is present on page 

31-01-2024T22:49:29 - [TEST_STEP][PASSED] - closeBrowser(): Browser is closed

31-01-2024T22:49:29 - [MESSAGE][PASSED] - Browser is closed]]></system-out>
         <system-err><![CDATA[]]></system-err>
      </testcase>
      <testcase name="Test Cases/Data-Driven/DD002 - Meet the Characters" time="17.995" classname="Test Cases/Data-Driven/DD002 - Meet the Characters" status="PASSED">
         <system-out><![CDATA[31-01-2024T22:49:29 - [TEST_CASE][PASSED] - Test Cases/Data-Driven/DD002 - Meet the Characters: Test Cases/Data-Driven/DD002 - Meet the Characters

31-01-2024T22:49:29 - [TEST_STEP][PASSED] - verifyCheckpoint(findCheckpoint("Checkpoints/Companions"), false): Checkpoint data and Source data are matched

31-01-2024T22:49:29 - [MESSAGE][PASSED] - Checkpoint data and Source data are matched

31-01-2024T22:49:29 - [TEST_STEP][PASSED] - callTestCase(findTestCase("ESO/Misc Tests/Open ESO Page"), [:], STOP_ON_FAILURE): Call Test Case 'Test Cases/ESO/Misc Tests/Open ESO Page' successfully

31-01-2024T22:49:29 - [TEST_CASE][PASSED] - Test Cases/ESO/Misc Tests/Open ESO Page: Test Cases/ESO/Misc Tests/Open ESO Page

31-01-2024T22:49:29 - [TEST_STEP][PASSED] - openBrowser(""): Browser is opened with url: ''

31-01-2024T22:49:29 - [MESSAGE][INFO] - Starting 'Chrome' driver

31-01-2024T22:49:29 - [MESSAGE][INFO] - Action delay is set to 0 milliseconds

31-01-2024T22:49:29 - [MESSAGE][PASSED] - Browser is opened with url: ''

31-01-2024T22:49:29 - [TEST_STEP][PASSED] - maximizeWindow(): Current window maximized

31-01-2024T22:49:30 - [MESSAGE][PASSED] - Current window maximized

31-01-2024T22:49:30 - [TEST_STEP][PASSED] - navigateToUrl("https://www.elderscrollsonline.com/en-us/home"): Navigate to 'https://www.elderscrollsonline.com/en-us/home' successfully

31-01-2024T22:49:31 - [MESSAGE][PASSED] - Navigate to 'https://www.elderscrollsonline.com/en-us/home' successfully

31-01-2024T22:49:31 - [TEST_STEP][PASSED] - delay(3): Delayed 3 second(s)

31-01-2024T22:49:34 - [MESSAGE][PASSED] - Delayed 3 second(s)

31-01-2024T22:49:34 - [TEST_STEP][PASSED] - verifyElementPresent(findTestObject("Object Repository/ESO/Page_Home/a_The Elder Scrolls  Online"), 0): Object 'Object Repository/ESO/Page_Home/a_The Elder Scrolls  Online' is present

31-01-2024T22:49:34 - [MESSAGE][WARNING] - Timeout '0' is invalid. Using default page load timeout: '30'

31-01-2024T22:49:34 - [MESSAGE][PASSED] - Object 'Object Repository/ESO/Page_Home/a_The Elder Scrolls  Online' is present

31-01-2024T22:49:34 - [TEST_STEP][PASSED] - callTestCase(findTestCase("ESO/Misc Tests/Policy Accept"), [:], STOP_ON_FAILURE): Call Test Case 'Test Cases/ESO/Misc Tests/Policy Accept' successfully

31-01-2024T22:49:35 - [TEST_CASE][PASSED] - Test Cases/ESO/Misc Tests/Policy Accept: Test Cases/ESO/Misc Tests/Policy Accept

31-01-2024T22:49:35 - [TEST_STEP][PASSED] - verifyElementPresent(findTestObject("Object Repository/ESO/Page_Home/div_Policy"), 0): Object 'Object Repository/ESO/Page_Home/div_Policy' is present

31-01-2024T22:49:35 - [MESSAGE][WARNING] - Timeout '0' is invalid. Using default page load timeout: '30'

31-01-2024T22:49:35 - [MESSAGE][PASSED] - Object 'Object Repository/ESO/Page_Home/div_Policy' is present

31-01-2024T22:49:35 - [TEST_STEP][PASSED] - click(findTestObject("Object Repository/ESO/Page_Home/button_ACCEPT ALL")): Object: 'Object Repository/ESO/Page_Home/button_ACCEPT ALL' is clicked on

31-01-2024T22:49:35 - [MESSAGE][PASSED] - Object: 'Object Repository/ESO/Page_Home/button_ACCEPT ALL' is clicked on

31-01-2024T22:49:35 - [MESSAGE][PASSED] - Call Test Case 'Test Cases/ESO/Misc Tests/Policy Accept' successfully

31-01-2024T22:49:35 - [MESSAGE][PASSED] - Call Test Case 'Test Cases/ESO/Misc Tests/Open ESO Page' successfully

31-01-2024T22:49:35 - [TEST_STEP][PASSED] - helpers.Misc.OpenSearchBar(): helpers.Misc.OpenSearchBar is PASSED

31-01-2024T22:49:36 - [MESSAGE][PASSED] - Object: 'Object Repository/ESO/Page_Home/Search Bar/i_fa fa-search' is clicked on

31-01-2024T22:49:36 - [MESSAGE][PASSED] - Object 'Object Repository/ESO/Page_Home/Search Bar/inputsearchBox' is visible

31-01-2024T22:49:36 - [MESSAGE][PASSED] - helpers.Misc.OpenSearchBar is PASSED

31-01-2024T22:49:36 - [TEST_STEP][PASSED] - setText(findTestObject("ESO/Page_Home/Search Bar/inputsearchBox"), Character_Name): Text 'Azandar Al-Cybiades' is set on object 'Object Repository/ESO/Page_Home/Search Bar/inputsearchBox'

31-01-2024T22:49:37 - [MESSAGE][PASSED] - Text 'Azandar Al-Cybiades' is set on object 'Object Repository/ESO/Page_Home/Search Bar/inputsearchBox'

31-01-2024T22:49:37 - [TEST_STEP][PASSED] - delay(1): Delayed 1 second(s)

31-01-2024T22:49:38 - [MESSAGE][PASSED] - Delayed 1 second(s)

31-01-2024T22:49:38 - [TEST_STEP][PASSED] - verifyElementPresent(findTestObject("ESO/Page_Home/Search Bar/div_Character suggestion"), 0): Object 'Object Repository/ESO/Page_Home/Search Bar/div_Character suggestion' is present

31-01-2024T22:49:38 - [MESSAGE][WARNING] - Timeout '0' is invalid. Using default page load timeout: '30'

31-01-2024T22:49:38 - [MESSAGE][PASSED] - Object 'Object Repository/ESO/Page_Home/Search Bar/div_Character suggestion' is present

31-01-2024T22:49:38 - [TEST_STEP][PASSED] - click(findTestObject("ESO/Page_Home/Search Bar/a_Character suggestion")): Object: 'Object Repository/ESO/Page_Home/Search Bar/a_Character suggestion' is clicked on

31-01-2024T22:49:41 - [MESSAGE][PASSED] - Object: 'Object Repository/ESO/Page_Home/Search Bar/a_Character suggestion' is clicked on

31-01-2024T22:49:41 - [TEST_STEP][PASSED] - callTestCase(findTestCase("ESO/Age Valitadion/A002 - Valid Age"), [:], STOP_ON_FAILURE): Call Test Case 'Test Cases/ESO/Age Valitadion/A002 - Valid Age' successfully

31-01-2024T22:49:41 - [TEST_CASE][PASSED] - Test Cases/ESO/Age Valitadion/A002 - Valid Age: Test Cases/ESO/Age Valitadion/A002 - Valid Age

31-01-2024T22:49:41 - [TEST_STEP][PASSED] - try: Web element with id: 'Object Repository/ESO/Page_Age_Verification/h4_Access Denied' located by 'By.xpath: //*[(text() = 'Access Denied' or . = 'Access Denied')]' is not present after '30' second(s)

31-01-2024T22:49:41 - [TEST_STEP][PASSED] - sendKeys(findTestObject("ESO/Page_Age_Verification/input_Age Verification_month"), helpers.getTodayDate.month()): Keys '01' sent to object: 'Object Repository/ESO/Page_Age_Verification/input_Age Verification_month'

31-01-2024T22:49:41 - [MESSAGE][PASSED] - helpers.getTodayDate.month is PASSED

31-01-2024T22:49:41 - [MESSAGE][PASSED] - Keys '01' sent to object: 'Object Repository/ESO/Page_Age_Verification/input_Age Verification_month'

31-01-2024T22:49:41 - [TEST_STEP][PASSED] - sendKeys(findTestObject("ESO/Page_Age_Verification/input_Age Verification_day"), helpers.getTodayDate.day()): Keys '31' sent to object: 'Object Repository/ESO/Page_Age_Verification/input_Age Verification_day'

31-01-2024T22:49:41 - [MESSAGE][PASSED] - helpers.getTodayDate.day is PASSED

31-01-2024T22:49:42 - [MESSAGE][PASSED] - Keys '31' sent to object: 'Object Repository/ESO/Page_Age_Verification/input_Age Verification_day'

31-01-2024T22:49:42 - [TEST_STEP][PASSED] - sendKeys(findTestObject("ESO/Page_Age_Verification/input_Age Verification_year"), helpers.getTodayDate.OverYear()): Keys '2006' sent to object: 'Object Repository/ESO/Page_Age_Verification/input_Age Verification_year'

31-01-2024T22:49:42 - [MESSAGE][PASSED] - helpers.getTodayDate.OverYear is PASSED

31-01-2024T22:49:42 - [MESSAGE][PASSED] - Keys '2006' sent to object: 'Object Repository/ESO/Page_Age_Verification/input_Age Verification_year'

31-01-2024T22:49:42 - [TEST_STEP][PASSED] - click(findTestObject("ESO/Page_Age_Verification/button_Submit")): Object: 'Object Repository/ESO/Page_Age_Verification/button_Submit' is clicked on

31-01-2024T22:49:44 - [MESSAGE][PASSED] - Object: 'Object Repository/ESO/Page_Age_Verification/button_Submit' is clicked on

31-01-2024T22:49:44 - [TEST_STEP][PASSED] - verifyElementNotPresent(findTestObject("ESO/Page_Age_Verification/h4_Access Denied"), 0): Web element with id: 'Object Repository/ESO/Page_Age_Verification/h4_Access Denied' located by 'By.xpath: //*[(text() = 'Access Denied' or . = 'Access Denied')]' is not present after '30' second(s)

31-01-2024T22:49:44 - [MESSAGE][WARNING] - Timeout '0' is invalid. Using default page load timeout: '30'

31-01-2024T22:49:45 - [MESSAGE][PASSED] - Web element with id: 'Object Repository/ESO/Page_Age_Verification/h4_Access Denied' located by 'By.xpath: //*[(text() = 'Access Denied' or . = 'Access Denied')]' is not present after '30' second(s)

31-01-2024T22:49:45 - [MESSAGE][PASSED] - Call Test Case 'Test Cases/ESO/Age Valitadion/A002 - Valid Age' successfully

31-01-2024T22:49:45 - [TEST_STEP][PASSED] - verifyTextPresent(Character_Name.toUpperCase(), false): Text 'AZANDAR AL-CYBIADES' is present on page 

31-01-2024T22:49:45 - [MESSAGE][PASSED] - Text 'AZANDAR AL-CYBIADES' is present on page 

31-01-2024T22:49:45 - [TEST_STEP][PASSED] - verifyTextPresent("MEET THE CHARACTER", false): Text 'MEET THE CHARACTER' is present on page 

31-01-2024T22:49:46 - [MESSAGE][PASSED] - Text 'MEET THE CHARACTER' is present on page 

31-01-2024T22:49:46 - [TEST_STEP][PASSED] - closeBrowser(): Browser is closed

31-01-2024T22:49:47 - [MESSAGE][PASSED] - Browser is closed]]></system-out>
         <system-err><![CDATA[]]></system-err>
      </testcase>
      <testcase name="Test Cases/Data-Driven/DD002 - Meet the Characters" time="17.927" classname="Test Cases/Data-Driven/DD002 - Meet the Characters" status="PASSED">
         <system-out><![CDATA[31-01-2024T22:49:47 - [TEST_CASE][PASSED] - Test Cases/Data-Driven/DD002 - Meet the Characters: Test Cases/Data-Driven/DD002 - Meet the Characters

31-01-2024T22:49:47 - [TEST_STEP][PASSED] - verifyCheckpoint(findCheckpoint("Checkpoints/Companions"), false): Checkpoint data and Source data are matched

31-01-2024T22:49:47 - [MESSAGE][PASSED] - Checkpoint data and Source data are matched

31-01-2024T22:49:47 - [TEST_STEP][PASSED] - callTestCase(findTestCase("ESO/Misc Tests/Open ESO Page"), [:], STOP_ON_FAILURE): Call Test Case 'Test Cases/ESO/Misc Tests/Open ESO Page' successfully

31-01-2024T22:49:47 - [TEST_CASE][PASSED] - Test Cases/ESO/Misc Tests/Open ESO Page: Test Cases/ESO/Misc Tests/Open ESO Page

31-01-2024T22:49:47 - [TEST_STEP][PASSED] - openBrowser(""): Browser is opened with url: ''

31-01-2024T22:49:47 - [MESSAGE][INFO] - Starting 'Chrome' driver

31-01-2024T22:49:47 - [MESSAGE][INFO] - Action delay is set to 0 milliseconds

31-01-2024T22:49:47 - [MESSAGE][PASSED] - Browser is opened with url: ''

31-01-2024T22:49:47 - [TEST_STEP][PASSED] - maximizeWindow(): Current window maximized

31-01-2024T22:49:48 - [MESSAGE][PASSED] - Current window maximized

31-01-2024T22:49:48 - [TEST_STEP][PASSED] - navigateToUrl("https://www.elderscrollsonline.com/en-us/home"): Navigate to 'https://www.elderscrollsonline.com/en-us/home' successfully

31-01-2024T22:49:50 - [MESSAGE][PASSED] - Navigate to 'https://www.elderscrollsonline.com/en-us/home' successfully

31-01-2024T22:49:50 - [TEST_STEP][PASSED] - delay(3): Delayed 3 second(s)

31-01-2024T22:49:53 - [MESSAGE][PASSED] - Delayed 3 second(s)

31-01-2024T22:49:53 - [TEST_STEP][PASSED] - verifyElementPresent(findTestObject("Object Repository/ESO/Page_Home/a_The Elder Scrolls  Online"), 0): Object 'Object Repository/ESO/Page_Home/a_The Elder Scrolls  Online' is present

31-01-2024T22:49:53 - [MESSAGE][WARNING] - Timeout '0' is invalid. Using default page load timeout: '30'

31-01-2024T22:49:53 - [MESSAGE][PASSED] - Object 'Object Repository/ESO/Page_Home/a_The Elder Scrolls  Online' is present

31-01-2024T22:49:53 - [TEST_STEP][PASSED] - callTestCase(findTestCase("ESO/Misc Tests/Policy Accept"), [:], STOP_ON_FAILURE): Call Test Case 'Test Cases/ESO/Misc Tests/Policy Accept' successfully

31-01-2024T22:49:53 - [TEST_CASE][PASSED] - Test Cases/ESO/Misc Tests/Policy Accept: Test Cases/ESO/Misc Tests/Policy Accept

31-01-2024T22:49:53 - [TEST_STEP][PASSED] - verifyElementPresent(findTestObject("Object Repository/ESO/Page_Home/div_Policy"), 0): Object 'Object Repository/ESO/Page_Home/div_Policy' is present

31-01-2024T22:49:53 - [MESSAGE][WARNING] - Timeout '0' is invalid. Using default page load timeout: '30'

31-01-2024T22:49:54 - [MESSAGE][PASSED] - Object 'Object Repository/ESO/Page_Home/div_Policy' is present

31-01-2024T22:49:54 - [TEST_STEP][PASSED] - click(findTestObject("Object Repository/ESO/Page_Home/button_ACCEPT ALL")): Object: 'Object Repository/ESO/Page_Home/button_ACCEPT ALL' is clicked on

31-01-2024T22:49:54 - [MESSAGE][PASSED] - Object: 'Object Repository/ESO/Page_Home/button_ACCEPT ALL' is clicked on

31-01-2024T22:49:54 - [MESSAGE][PASSED] - Call Test Case 'Test Cases/ESO/Misc Tests/Policy Accept' successfully

31-01-2024T22:49:54 - [MESSAGE][PASSED] - Call Test Case 'Test Cases/ESO/Misc Tests/Open ESO Page' successfully

31-01-2024T22:49:54 - [TEST_STEP][PASSED] - helpers.Misc.OpenSearchBar(): helpers.Misc.OpenSearchBar is PASSED

31-01-2024T22:49:55 - [MESSAGE][PASSED] - Object: 'Object Repository/ESO/Page_Home/Search Bar/i_fa fa-search' is clicked on

31-01-2024T22:49:55 - [MESSAGE][PASSED] - Object 'Object Repository/ESO/Page_Home/Search Bar/inputsearchBox' is visible

31-01-2024T22:49:55 - [MESSAGE][PASSED] - helpers.Misc.OpenSearchBar is PASSED

31-01-2024T22:49:55 - [TEST_STEP][PASSED] - setText(findTestObject("ESO/Page_Home/Search Bar/inputsearchBox"), Character_Name): Text 'Ember' is set on object 'Object Repository/ESO/Page_Home/Search Bar/inputsearchBox'

31-01-2024T22:49:56 - [MESSAGE][PASSED] - Text 'Ember' is set on object 'Object Repository/ESO/Page_Home/Search Bar/inputsearchBox'

31-01-2024T22:49:56 - [TEST_STEP][PASSED] - delay(1): Delayed 1 second(s)

31-01-2024T22:49:57 - [MESSAGE][PASSED] - Delayed 1 second(s)

31-01-2024T22:49:57 - [TEST_STEP][PASSED] - verifyElementPresent(findTestObject("ESO/Page_Home/Search Bar/div_Character suggestion"), 0): Object 'Object Repository/ESO/Page_Home/Search Bar/div_Character suggestion' is present

31-01-2024T22:49:57 - [MESSAGE][WARNING] - Timeout '0' is invalid. Using default page load timeout: '30'

31-01-2024T22:49:57 - [MESSAGE][PASSED] - Object 'Object Repository/ESO/Page_Home/Search Bar/div_Character suggestion' is present

31-01-2024T22:49:57 - [TEST_STEP][PASSED] - click(findTestObject("ESO/Page_Home/Search Bar/a_Character suggestion")): Object: 'Object Repository/ESO/Page_Home/Search Bar/a_Character suggestion' is clicked on

31-01-2024T22:50:00 - [MESSAGE][PASSED] - Object: 'Object Repository/ESO/Page_Home/Search Bar/a_Character suggestion' is clicked on

31-01-2024T22:50:00 - [TEST_STEP][PASSED] - callTestCase(findTestCase("ESO/Age Valitadion/A002 - Valid Age"), [:], STOP_ON_FAILURE): Call Test Case 'Test Cases/ESO/Age Valitadion/A002 - Valid Age' successfully

31-01-2024T22:50:00 - [TEST_CASE][PASSED] - Test Cases/ESO/Age Valitadion/A002 - Valid Age: Test Cases/ESO/Age Valitadion/A002 - Valid Age

31-01-2024T22:50:00 - [TEST_STEP][PASSED] - try: Web element with id: 'Object Repository/ESO/Page_Age_Verification/h4_Access Denied' located by 'By.xpath: //*[(text() = 'Access Denied' or . = 'Access Denied')]' is not present after '30' second(s)

31-01-2024T22:50:00 - [TEST_STEP][PASSED] - sendKeys(findTestObject("ESO/Page_Age_Verification/input_Age Verification_month"), helpers.getTodayDate.month()): Keys '01' sent to object: 'Object Repository/ESO/Page_Age_Verification/input_Age Verification_month'

31-01-2024T22:50:00 - [MESSAGE][PASSED] - helpers.getTodayDate.month is PASSED

31-01-2024T22:50:00 - [MESSAGE][PASSED] - Keys '01' sent to object: 'Object Repository/ESO/Page_Age_Verification/input_Age Verification_month'

31-01-2024T22:50:00 - [TEST_STEP][PASSED] - sendKeys(findTestObject("ESO/Page_Age_Verification/input_Age Verification_day"), helpers.getTodayDate.day()): Keys '31' sent to object: 'Object Repository/ESO/Page_Age_Verification/input_Age Verification_day'

31-01-2024T22:50:00 - [MESSAGE][PASSED] - helpers.getTodayDate.day is PASSED

31-01-2024T22:50:01 - [MESSAGE][PASSED] - Keys '31' sent to object: 'Object Repository/ESO/Page_Age_Verification/input_Age Verification_day'

31-01-2024T22:50:01 - [TEST_STEP][PASSED] - sendKeys(findTestObject("ESO/Page_Age_Verification/input_Age Verification_year"), helpers.getTodayDate.OverYear()): Keys '2006' sent to object: 'Object Repository/ESO/Page_Age_Verification/input_Age Verification_year'

31-01-2024T22:50:01 - [MESSAGE][PASSED] - helpers.getTodayDate.OverYear is PASSED

31-01-2024T22:50:01 - [MESSAGE][PASSED] - Keys '2006' sent to object: 'Object Repository/ESO/Page_Age_Verification/input_Age Verification_year'

31-01-2024T22:50:01 - [TEST_STEP][PASSED] - click(findTestObject("ESO/Page_Age_Verification/button_Submit")): Object: 'Object Repository/ESO/Page_Age_Verification/button_Submit' is clicked on

31-01-2024T22:50:03 - [MESSAGE][PASSED] - Object: 'Object Repository/ESO/Page_Age_Verification/button_Submit' is clicked on

31-01-2024T22:50:03 - [TEST_STEP][PASSED] - verifyElementNotPresent(findTestObject("ESO/Page_Age_Verification/h4_Access Denied"), 0): Web element with id: 'Object Repository/ESO/Page_Age_Verification/h4_Access Denied' located by 'By.xpath: //*[(text() = 'Access Denied' or . = 'Access Denied')]' is not present after '30' second(s)

31-01-2024T22:50:03 - [MESSAGE][WARNING] - Timeout '0' is invalid. Using default page load timeout: '30'

31-01-2024T22:50:04 - [MESSAGE][PASSED] - Web element with id: 'Object Repository/ESO/Page_Age_Verification/h4_Access Denied' located by 'By.xpath: //*[(text() = 'Access Denied' or . = 'Access Denied')]' is not present after '30' second(s)

31-01-2024T22:50:04 - [MESSAGE][PASSED] - Call Test Case 'Test Cases/ESO/Age Valitadion/A002 - Valid Age' successfully

31-01-2024T22:50:04 - [TEST_STEP][PASSED] - verifyTextPresent(Character_Name.toUpperCase(), false): Text 'EMBER' is present on page 

31-01-2024T22:50:04 - [MESSAGE][PASSED] - Text 'EMBER' is present on page 

31-01-2024T22:50:04 - [TEST_STEP][PASSED] - verifyTextPresent("MEET THE CHARACTER", false): Text 'MEET THE CHARACTER' is present on page 

31-01-2024T22:50:05 - [MESSAGE][PASSED] - Text 'MEET THE CHARACTER' is present on page 

31-01-2024T22:50:05 - [TEST_STEP][PASSED] - closeBrowser(): Browser is closed

31-01-2024T22:50:05 - [MESSAGE][PASSED] - Browser is closed]]></system-out>
         <system-err><![CDATA[]]></system-err>
      </testcase>
      <testcase name="Test Cases/Data-Driven/DD002 - Meet the Characters" time="16.743" classname="Test Cases/Data-Driven/DD002 - Meet the Characters" status="PASSED">
         <system-out><![CDATA[31-01-2024T22:50:05 - [TEST_CASE][PASSED] - Test Cases/Data-Driven/DD002 - Meet the Characters: Test Cases/Data-Driven/DD002 - Meet the Characters

31-01-2024T22:50:05 - [TEST_STEP][PASSED] - verifyCheckpoint(findCheckpoint("Checkpoints/Companions"), false): Checkpoint data and Source data are matched

31-01-2024T22:50:05 - [MESSAGE][PASSED] - Checkpoint data and Source data are matched

31-01-2024T22:50:05 - [TEST_STEP][PASSED] - callTestCase(findTestCase("ESO/Misc Tests/Open ESO Page"), [:], STOP_ON_FAILURE): Call Test Case 'Test Cases/ESO/Misc Tests/Open ESO Page' successfully

31-01-2024T22:50:05 - [TEST_CASE][PASSED] - Test Cases/ESO/Misc Tests/Open ESO Page: Test Cases/ESO/Misc Tests/Open ESO Page

31-01-2024T22:50:05 - [TEST_STEP][PASSED] - openBrowser(""): Browser is opened with url: ''

31-01-2024T22:50:05 - [MESSAGE][INFO] - Starting 'Chrome' driver

31-01-2024T22:50:05 - [MESSAGE][INFO] - Action delay is set to 0 milliseconds

31-01-2024T22:50:05 - [MESSAGE][PASSED] - Browser is opened with url: ''

31-01-2024T22:50:05 - [TEST_STEP][PASSED] - maximizeWindow(): Current window maximized

31-01-2024T22:50:06 - [MESSAGE][PASSED] - Current window maximized

31-01-2024T22:50:06 - [TEST_STEP][PASSED] - navigateToUrl("https://www.elderscrollsonline.com/en-us/home"): Navigate to 'https://www.elderscrollsonline.com/en-us/home' successfully

31-01-2024T22:50:07 - [MESSAGE][PASSED] - Navigate to 'https://www.elderscrollsonline.com/en-us/home' successfully

31-01-2024T22:50:07 - [TEST_STEP][PASSED] - delay(3): Delayed 3 second(s)

31-01-2024T22:50:10 - [MESSAGE][PASSED] - Delayed 3 second(s)

31-01-2024T22:50:10 - [TEST_STEP][PASSED] - verifyElementPresent(findTestObject("Object Repository/ESO/Page_Home/a_The Elder Scrolls  Online"), 0): Object 'Object Repository/ESO/Page_Home/a_The Elder Scrolls  Online' is present

31-01-2024T22:50:10 - [MESSAGE][WARNING] - Timeout '0' is invalid. Using default page load timeout: '30'

31-01-2024T22:50:11 - [MESSAGE][PASSED] - Object 'Object Repository/ESO/Page_Home/a_The Elder Scrolls  Online' is present

31-01-2024T22:50:11 - [TEST_STEP][PASSED] - callTestCase(findTestCase("ESO/Misc Tests/Policy Accept"), [:], STOP_ON_FAILURE): Call Test Case 'Test Cases/ESO/Misc Tests/Policy Accept' successfully

31-01-2024T22:50:11 - [TEST_CASE][PASSED] - Test Cases/ESO/Misc Tests/Policy Accept: Test Cases/ESO/Misc Tests/Policy Accept

31-01-2024T22:50:11 - [TEST_STEP][PASSED] - verifyElementPresent(findTestObject("Object Repository/ESO/Page_Home/div_Policy"), 0): Object 'Object Repository/ESO/Page_Home/div_Policy' is present

31-01-2024T22:50:11 - [MESSAGE][WARNING] - Timeout '0' is invalid. Using default page load timeout: '30'

31-01-2024T22:50:11 - [MESSAGE][PASSED] - Object 'Object Repository/ESO/Page_Home/div_Policy' is present

31-01-2024T22:50:11 - [TEST_STEP][PASSED] - click(findTestObject("Object Repository/ESO/Page_Home/button_ACCEPT ALL")): Object: 'Object Repository/ESO/Page_Home/button_ACCEPT ALL' is clicked on

31-01-2024T22:50:11 - [MESSAGE][PASSED] - Object: 'Object Repository/ESO/Page_Home/button_ACCEPT ALL' is clicked on

31-01-2024T22:50:11 - [MESSAGE][PASSED] - Call Test Case 'Test Cases/ESO/Misc Tests/Policy Accept' successfully

31-01-2024T22:50:11 - [MESSAGE][PASSED] - Call Test Case 'Test Cases/ESO/Misc Tests/Open ESO Page' successfully

31-01-2024T22:50:11 - [TEST_STEP][PASSED] - helpers.Misc.OpenSearchBar(): helpers.Misc.OpenSearchBar is PASSED

31-01-2024T22:50:12 - [MESSAGE][PASSED] - Object: 'Object Repository/ESO/Page_Home/Search Bar/i_fa fa-search' is clicked on

31-01-2024T22:50:12 - [MESSAGE][PASSED] - Object 'Object Repository/ESO/Page_Home/Search Bar/inputsearchBox' is visible

31-01-2024T22:50:12 - [MESSAGE][PASSED] - helpers.Misc.OpenSearchBar is PASSED

31-01-2024T22:50:12 - [TEST_STEP][PASSED] - setText(findTestObject("ESO/Page_Home/Search Bar/inputsearchBox"), Character_Name): Text 'Isobel Veloise' is set on object 'Object Repository/ESO/Page_Home/Search Bar/inputsearchBox'

31-01-2024T22:50:13 - [MESSAGE][PASSED] - Text 'Isobel Veloise' is set on object 'Object Repository/ESO/Page_Home/Search Bar/inputsearchBox'

31-01-2024T22:50:13 - [TEST_STEP][PASSED] - delay(1): Delayed 1 second(s)

31-01-2024T22:50:14 - [MESSAGE][PASSED] - Delayed 1 second(s)

31-01-2024T22:50:14 - [TEST_STEP][PASSED] - verifyElementPresent(findTestObject("ESO/Page_Home/Search Bar/div_Character suggestion"), 0): Object 'Object Repository/ESO/Page_Home/Search Bar/div_Character suggestion' is present

31-01-2024T22:50:14 - [MESSAGE][WARNING] - Timeout '0' is invalid. Using default page load timeout: '30'

31-01-2024T22:50:14 - [MESSAGE][PASSED] - Object 'Object Repository/ESO/Page_Home/Search Bar/div_Character suggestion' is present

31-01-2024T22:50:14 - [TEST_STEP][PASSED] - click(findTestObject("ESO/Page_Home/Search Bar/a_Character suggestion")): Object: 'Object Repository/ESO/Page_Home/Search Bar/a_Character suggestion' is clicked on

31-01-2024T22:50:17 - [MESSAGE][PASSED] - Object: 'Object Repository/ESO/Page_Home/Search Bar/a_Character suggestion' is clicked on

31-01-2024T22:50:17 - [TEST_STEP][PASSED] - callTestCase(findTestCase("ESO/Age Valitadion/A002 - Valid Age"), [:], STOP_ON_FAILURE): Call Test Case 'Test Cases/ESO/Age Valitadion/A002 - Valid Age' successfully

31-01-2024T22:50:17 - [TEST_CASE][PASSED] - Test Cases/ESO/Age Valitadion/A002 - Valid Age: Test Cases/ESO/Age Valitadion/A002 - Valid Age

31-01-2024T22:50:17 - [TEST_STEP][PASSED] - try: Web element with id: 'Object Repository/ESO/Page_Age_Verification/h4_Access Denied' located by 'By.xpath: //*[(text() = 'Access Denied' or . = 'Access Denied')]' is not present after '30' second(s)

31-01-2024T22:50:17 - [TEST_STEP][PASSED] - sendKeys(findTestObject("ESO/Page_Age_Verification/input_Age Verification_month"), helpers.getTodayDate.month()): Keys '01' sent to object: 'Object Repository/ESO/Page_Age_Verification/input_Age Verification_month'

31-01-2024T22:50:17 - [MESSAGE][PASSED] - helpers.getTodayDate.month is PASSED

31-01-2024T22:50:17 - [MESSAGE][PASSED] - Keys '01' sent to object: 'Object Repository/ESO/Page_Age_Verification/input_Age Verification_month'

31-01-2024T22:50:17 - [TEST_STEP][PASSED] - sendKeys(findTestObject("ESO/Page_Age_Verification/input_Age Verification_day"), helpers.getTodayDate.day()): Keys '31' sent to object: 'Object Repository/ESO/Page_Age_Verification/input_Age Verification_day'

31-01-2024T22:50:17 - [MESSAGE][PASSED] - helpers.getTodayDate.day is PASSED

31-01-2024T22:50:18 - [MESSAGE][PASSED] - Keys '31' sent to object: 'Object Repository/ESO/Page_Age_Verification/input_Age Verification_day'

31-01-2024T22:50:18 - [TEST_STEP][PASSED] - sendKeys(findTestObject("ESO/Page_Age_Verification/input_Age Verification_year"), helpers.getTodayDate.OverYear()): Keys '2006' sent to object: 'Object Repository/ESO/Page_Age_Verification/input_Age Verification_year'

31-01-2024T22:50:18 - [MESSAGE][PASSED] - helpers.getTodayDate.OverYear is PASSED

31-01-2024T22:50:18 - [MESSAGE][PASSED] - Keys '2006' sent to object: 'Object Repository/ESO/Page_Age_Verification/input_Age Verification_year'

31-01-2024T22:50:18 - [TEST_STEP][PASSED] - click(findTestObject("ESO/Page_Age_Verification/button_Submit")): Object: 'Object Repository/ESO/Page_Age_Verification/button_Submit' is clicked on

31-01-2024T22:50:20 - [MESSAGE][PASSED] - Object: 'Object Repository/ESO/Page_Age_Verification/button_Submit' is clicked on

31-01-2024T22:50:20 - [TEST_STEP][PASSED] - verifyElementNotPresent(findTestObject("ESO/Page_Age_Verification/h4_Access Denied"), 0): Web element with id: 'Object Repository/ESO/Page_Age_Verification/h4_Access Denied' located by 'By.xpath: //*[(text() = 'Access Denied' or . = 'Access Denied')]' is not present after '30' second(s)

31-01-2024T22:50:20 - [MESSAGE][WARNING] - Timeout '0' is invalid. Using default page load timeout: '30'

31-01-2024T22:50:21 - [MESSAGE][PASSED] - Web element with id: 'Object Repository/ESO/Page_Age_Verification/h4_Access Denied' located by 'By.xpath: //*[(text() = 'Access Denied' or . = 'Access Denied')]' is not present after '30' second(s)

31-01-2024T22:50:21 - [MESSAGE][PASSED] - Call Test Case 'Test Cases/ESO/Age Valitadion/A002 - Valid Age' successfully

31-01-2024T22:50:21 - [TEST_STEP][PASSED] - verifyTextPresent(Character_Name.toUpperCase(), false): Text 'ISOBEL VELOISE' is present on page 

31-01-2024T22:50:21 - [MESSAGE][PASSED] - Text 'ISOBEL VELOISE' is present on page 

31-01-2024T22:50:21 - [TEST_STEP][PASSED] - verifyTextPresent("MEET THE CHARACTER", false): Text 'MEET THE CHARACTER' is present on page 

31-01-2024T22:50:21 - [MESSAGE][PASSED] - Text 'MEET THE CHARACTER' is present on page 

31-01-2024T22:50:21 - [TEST_STEP][PASSED] - closeBrowser(): Browser is closed

31-01-2024T22:50:21 - [MESSAGE][PASSED] - Browser is closed]]></system-out>
         <system-err><![CDATA[]]></system-err>
      </testcase>
      <testcase name="Test Cases/Data-Driven/DD002 - Meet the Characters" time="17.83" classname="Test Cases/Data-Driven/DD002 - Meet the Characters" status="PASSED">
         <system-out><![CDATA[31-01-2024T22:50:21 - [TEST_CASE][PASSED] - Test Cases/Data-Driven/DD002 - Meet the Characters: Test Cases/Data-Driven/DD002 - Meet the Characters

31-01-2024T22:50:21 - [TEST_STEP][PASSED] - verifyCheckpoint(findCheckpoint("Checkpoints/Companions"), false): Checkpoint data and Source data are matched

31-01-2024T22:50:22 - [MESSAGE][PASSED] - Checkpoint data and Source data are matched

31-01-2024T22:50:22 - [TEST_STEP][PASSED] - callTestCase(findTestCase("ESO/Misc Tests/Open ESO Page"), [:], STOP_ON_FAILURE): Call Test Case 'Test Cases/ESO/Misc Tests/Open ESO Page' successfully

31-01-2024T22:50:22 - [TEST_CASE][PASSED] - Test Cases/ESO/Misc Tests/Open ESO Page: Test Cases/ESO/Misc Tests/Open ESO Page

31-01-2024T22:50:22 - [TEST_STEP][PASSED] - openBrowser(""): Browser is opened with url: ''

31-01-2024T22:50:22 - [MESSAGE][INFO] - Starting 'Chrome' driver

31-01-2024T22:50:22 - [MESSAGE][INFO] - Action delay is set to 0 milliseconds

31-01-2024T22:50:22 - [MESSAGE][PASSED] - Browser is opened with url: ''

31-01-2024T22:50:22 - [TEST_STEP][PASSED] - maximizeWindow(): Current window maximized

31-01-2024T22:50:22 - [MESSAGE][PASSED] - Current window maximized

31-01-2024T22:50:22 - [TEST_STEP][PASSED] - navigateToUrl("https://www.elderscrollsonline.com/en-us/home"): Navigate to 'https://www.elderscrollsonline.com/en-us/home' successfully

31-01-2024T22:50:25 - [MESSAGE][PASSED] - Navigate to 'https://www.elderscrollsonline.com/en-us/home' successfully

31-01-2024T22:50:25 - [TEST_STEP][PASSED] - delay(3): Delayed 3 second(s)

31-01-2024T22:50:28 - [MESSAGE][PASSED] - Delayed 3 second(s)

31-01-2024T22:50:28 - [TEST_STEP][PASSED] - verifyElementPresent(findTestObject("Object Repository/ESO/Page_Home/a_The Elder Scrolls  Online"), 0): Object 'Object Repository/ESO/Page_Home/a_The Elder Scrolls  Online' is present

31-01-2024T22:50:28 - [MESSAGE][WARNING] - Timeout '0' is invalid. Using default page load timeout: '30'

31-01-2024T22:50:28 - [MESSAGE][PASSED] - Object 'Object Repository/ESO/Page_Home/a_The Elder Scrolls  Online' is present

31-01-2024T22:50:28 - [TEST_STEP][PASSED] - callTestCase(findTestCase("ESO/Misc Tests/Policy Accept"), [:], STOP_ON_FAILURE): Call Test Case 'Test Cases/ESO/Misc Tests/Policy Accept' successfully

31-01-2024T22:50:28 - [TEST_CASE][PASSED] - Test Cases/ESO/Misc Tests/Policy Accept: Test Cases/ESO/Misc Tests/Policy Accept

31-01-2024T22:50:28 - [TEST_STEP][PASSED] - verifyElementPresent(findTestObject("Object Repository/ESO/Page_Home/div_Policy"), 0): Object 'Object Repository/ESO/Page_Home/div_Policy' is present

31-01-2024T22:50:28 - [MESSAGE][WARNING] - Timeout '0' is invalid. Using default page load timeout: '30'

31-01-2024T22:50:28 - [MESSAGE][PASSED] - Object 'Object Repository/ESO/Page_Home/div_Policy' is present

31-01-2024T22:50:28 - [TEST_STEP][PASSED] - click(findTestObject("Object Repository/ESO/Page_Home/button_ACCEPT ALL")): Object: 'Object Repository/ESO/Page_Home/button_ACCEPT ALL' is clicked on

31-01-2024T22:50:29 - [MESSAGE][PASSED] - Object: 'Object Repository/ESO/Page_Home/button_ACCEPT ALL' is clicked on

31-01-2024T22:50:29 - [MESSAGE][PASSED] - Call Test Case 'Test Cases/ESO/Misc Tests/Policy Accept' successfully

31-01-2024T22:50:29 - [MESSAGE][PASSED] - Call Test Case 'Test Cases/ESO/Misc Tests/Open ESO Page' successfully

31-01-2024T22:50:29 - [TEST_STEP][PASSED] - helpers.Misc.OpenSearchBar(): helpers.Misc.OpenSearchBar is PASSED

31-01-2024T22:50:30 - [MESSAGE][PASSED] - Object: 'Object Repository/ESO/Page_Home/Search Bar/i_fa fa-search' is clicked on

31-01-2024T22:50:30 - [MESSAGE][PASSED] - Object 'Object Repository/ESO/Page_Home/Search Bar/inputsearchBox' is visible

31-01-2024T22:50:30 - [MESSAGE][PASSED] - helpers.Misc.OpenSearchBar is PASSED

31-01-2024T22:50:30 - [TEST_STEP][PASSED] - setText(findTestObject("ESO/Page_Home/Search Bar/inputsearchBox"), Character_Name): Text 'Bastian Hallix' is set on object 'Object Repository/ESO/Page_Home/Search Bar/inputsearchBox'

[...]

31-01-2024T22:57:45 - [TEST_STEP][PASSED] - verifyElementNotPresent(findTestObject("ESO/Page_Age_Verification/h4_Access Denied"), 0): Web element with id: 'Object Repository/ESO/Page_Age_Verification/h4_Access Denied' located by 'By.xpath: //*[(text() = 'Access Denied' or . = 'Access Denied')]' is not present after '30' second(s)

31-01-2024T22:57:45 - [MESSAGE][WARNING] - Timeout '0' is invalid. Using default page load timeout: '30'

31-01-2024T22:57:46 - [MESSAGE][PASSED] - Web element with id: 'Object Repository/ESO/Page_Age_Verification/h4_Access Denied' located by 'By.xpath: //*[(text() = 'Access Denied' or . = 'Access Denied')]' is not present after '30' second(s)

31-01-2024T22:57:46 - [MESSAGE][PASSED] - Call Test Case 'Test Cases/ESO/Age Valitadion/A002 - Valid Age' successfully

31-01-2024T22:57:46 - [TEST_STEP][PASSED] - verifyTextPresent(Character_Name.toUpperCase(), false): Text 'SHELARIA' is present on page 

31-01-2024T22:57:47 - [MESSAGE][PASSED] - Text 'SHELARIA' is present on page 

31-01-2024T22:57:47 - [TEST_STEP][PASSED] - verifyTextPresent("MEET THE CHARACTER", false): Text 'MEET THE CHARACTER' is present on page 

31-01-2024T22:57:47 - [MESSAGE][PASSED] - Text 'MEET THE CHARACTER' is present on page 

31-01-2024T22:57:47 - [TEST_STEP][PASSED] - closeBrowser(): Browser is closed

31-01-2024T22:57:47 - [MESSAGE][PASSED] - Browser is closed]]></system-out>
         <system-err><![CDATA[]]></system-err>
      </testcase>
      <testcase name="Test Cases/Data-Driven/DD002 - Meet the Characters" time="22.98" classname="Test Cases/Data-Driven/DD002 - Meet the Characters" status="PASSED">
         <system-out><![CDATA[31-01-2024T22:57:47 - [TEST_CASE][PASSED] - Test Cases/Data-Driven/DD002 - Meet the Characters: Test Cases/Data-Driven/DD002 - Meet the Characters

31-01-2024T22:57:47 - [TEST_STEP][PASSED] - verifyCheckpoint(findCheckpoint("Checkpoints/Companions"), false): Checkpoint data and Source data are matched

31-01-2024T22:57:47 - [MESSAGE][PASSED] - Checkpoint data and Source data are matched

31-01-2024T22:57:47 - [TEST_STEP][PASSED] - callTestCase(findTestCase("ESO/Misc Tests/Open ESO Page"), [:], STOP_ON_FAILURE): Call Test Case 'Test Cases/ESO/Misc Tests/Open ESO Page' successfully

31-01-2024T22:57:47 - [TEST_CASE][PASSED] - Test Cases/ESO/Misc Tests/Open ESO Page: Test Cases/ESO/Misc Tests/Open ESO Page

31-01-2024T22:57:47 - [TEST_STEP][PASSED] - openBrowser(""): Browser is opened with url: ''

31-01-2024T22:57:47 - [MESSAGE][INFO] - Starting 'Chrome' driver

31-01-2024T22:57:47 - [MESSAGE][INFO] - Action delay is set to 0 milliseconds

31-01-2024T22:57:48 - [MESSAGE][PASSED] - Browser is opened with url: ''

31-01-2024T22:57:48 - [TEST_STEP][PASSED] - maximizeWindow(): Current window maximized

31-01-2024T22:57:48 - [MESSAGE][PASSED] - Current window maximized

31-01-2024T22:57:48 - [TEST_STEP][PASSED] - navigateToUrl("https://www.elderscrollsonline.com/en-us/home"): Navigate to 'https://www.elderscrollsonline.com/en-us/home' successfully

31-01-2024T22:57:50 - [MESSAGE][PASSED] - Navigate to 'https://www.elderscrollsonline.com/en-us/home' successfully

31-01-2024T22:57:50 - [TEST_STEP][PASSED] - delay(3): Delayed 3 second(s)

31-01-2024T22:57:53 - [MESSAGE][PASSED] - Delayed 3 second(s)

31-01-2024T22:57:53 - [TEST_STEP][PASSED] - verifyElementPresent(findTestObject("Object Repository/ESO/Page_Home/a_The Elder Scrolls  Online"), 0): Object 'Object Repository/ESO/Page_Home/a_The Elder Scrolls  Online' is present

31-01-2024T22:57:53 - [MESSAGE][WARNING] - Timeout '0' is invalid. Using default page load timeout: '30'

31-01-2024T22:57:53 - [MESSAGE][PASSED] - Object 'Object Repository/ESO/Page_Home/a_The Elder Scrolls  Online' is present

31-01-2024T22:57:53 - [TEST_STEP][PASSED] - callTestCase(findTestCase("ESO/Misc Tests/Policy Accept"), [:], STOP_ON_FAILURE): Call Test Case 'Test Cases/ESO/Misc Tests/Policy Accept' successfully

31-01-2024T22:57:53 - [TEST_CASE][PASSED] - Test Cases/ESO/Misc Tests/Policy Accept: Test Cases/ESO/Misc Tests/Policy Accept

31-01-2024T22:57:54 - [TEST_STEP][PASSED] - verifyElementPresent(findTestObject("Object Repository/ESO/Page_Home/div_Policy"), 0): Object 'Object Repository/ESO/Page_Home/div_Policy' is present

31-01-2024T22:57:54 - [MESSAGE][WARNING] - Timeout '0' is invalid. Using default page load timeout: '30'

31-01-2024T22:57:54 - [MESSAGE][PASSED] - Object 'Object Repository/ESO/Page_Home/div_Policy' is present

31-01-2024T22:57:54 - [TEST_STEP][PASSED] - click(findTestObject("Object Repository/ESO/Page_Home/button_ACCEPT ALL")): Object: 'Object Repository/ESO/Page_Home/button_ACCEPT ALL' is clicked on

31-01-2024T22:57:54 - [MESSAGE][PASSED] - Object: 'Object Repository/ESO/Page_Home/button_ACCEPT ALL' is clicked on

31-01-2024T22:57:54 - [MESSAGE][PASSED] - Call Test Case 'Test Cases/ESO/Misc Tests/Policy Accept' successfully

31-01-2024T22:57:54 - [MESSAGE][PASSED] - Call Test Case 'Test Cases/ESO/Misc Tests/Open ESO Page' successfully

31-01-2024T22:57:54 - [TEST_STEP][PASSED] - helpers.Misc.OpenSearchBar(): helpers.Misc.OpenSearchBar is PASSED

31-01-2024T22:57:55 - [MESSAGE][PASSED] - Object: 'Object Repository/ESO/Page_Home/Search Bar/i_fa fa-search' is clicked on

31-01-2024T22:57:55 - [MESSAGE][PASSED] - Object 'Object Repository/ESO/Page_Home/Search Bar/inputsearchBox' is visible

31-01-2024T22:57:55 - [MESSAGE][PASSED] - helpers.Misc.OpenSearchBar is PASSED

31-01-2024T22:57:55 - [TEST_STEP][PASSED] - setText(findTestObject("ESO/Page_Home/Search Bar/inputsearchBox"), Character_Name): Text 'Selene' is set on object 'Object Repository/ESO/Page_Home/Search Bar/inputsearchBox'

31-01-2024T22:57:56 - [MESSAGE][PASSED] - Text 'Selene' is set on object 'Object Repository/ESO/Page_Home/Search Bar/inputsearchBox'

31-01-2024T22:57:56 - [TEST_STEP][PASSED] - delay(1): Delayed 1 second(s)

31-01-2024T22:57:57 - [MESSAGE][PASSED] - Delayed 1 second(s)

31-01-2024T22:57:57 - [TEST_STEP][PASSED] - verifyElementPresent(findTestObject("ESO/Page_Home/Search Bar/div_Character suggestion"), 0): Object 'Object Repository/ESO/Page_Home/Search Bar/div_Character suggestion' is present

31-01-2024T22:57:57 - [MESSAGE][WARNING] - Timeout '0' is invalid. Using default page load timeout: '30'

31-01-2024T22:57:57 - [MESSAGE][PASSED] - Object 'Object Repository/ESO/Page_Home/Search Bar/div_Character suggestion' is present

31-01-2024T22:57:57 - [TEST_STEP][PASSED] - click(findTestObject("ESO/Page_Home/Search Bar/a_Character suggestion")): Object: 'Object Repository/ESO/Page_Home/Search Bar/a_Character suggestion' is clicked on

31-01-2024T22:58:04 - [MESSAGE][PASSED] - Object: 'Object Repository/ESO/Page_Home/Search Bar/a_Character suggestion' is clicked on

31-01-2024T22:58:04 - [TEST_STEP][PASSED] - callTestCase(findTestCase("ESO/Age Valitadion/A002 - Valid Age"), [:], STOP_ON_FAILURE): Call Test Case 'Test Cases/ESO/Age Valitadion/A002 - Valid Age' successfully

31-01-2024T22:58:04 - [TEST_CASE][PASSED] - Test Cases/ESO/Age Valitadion/A002 - Valid Age: Test Cases/ESO/Age Valitadion/A002 - Valid Age

31-01-2024T22:58:04 - [TEST_STEP][PASSED] - try: Web element with id: 'Object Repository/ESO/Page_Age_Verification/h4_Access Denied' located by 'By.xpath: //*[(text() = 'Access Denied' or . = 'Access Denied')]' is not present after '30' second(s)

31-01-2024T22:58:04 - [TEST_STEP][PASSED] - sendKeys(findTestObject("ESO/Page_Age_Verification/input_Age Verification_month"), helpers.getTodayDate.month()): Keys '01' sent to object: 'Object Repository/ESO/Page_Age_Verification/input_Age Verification_month'

31-01-2024T22:58:04 - [MESSAGE][PASSED] - helpers.getTodayDate.month is PASSED

31-01-2024T22:58:04 - [MESSAGE][PASSED] - Keys '01' sent to object: 'Object Repository/ESO/Page_Age_Verification/input_Age Verification_month'

31-01-2024T22:58:04 - [TEST_STEP][PASSED] - sendKeys(findTestObject("ESO/Page_Age_Verification/input_Age Verification_day"), helpers.getTodayDate.day()): Keys '31' sent to object: 'Object Repository/ESO/Page_Age_Verification/input_Age Verification_day'

31-01-2024T22:58:04 - [MESSAGE][PASSED] - helpers.getTodayDate.day is PASSED

31-01-2024T22:58:05 - [MESSAGE][PASSED] - Keys '31' sent to object: 'Object Repository/ESO/Page_Age_Verification/input_Age Verification_day'

31-01-2024T22:58:05 - [TEST_STEP][PASSED] - sendKeys(findTestObject("ESO/Page_Age_Verification/input_Age Verification_year"), helpers.getTodayDate.OverYear()): Keys '2006' sent to object: 'Object Repository/ESO/Page_Age_Verification/input_Age Verification_year'

31-01-2024T22:58:05 - [MESSAGE][PASSED] - helpers.getTodayDate.OverYear is PASSED

31-01-2024T22:58:05 - [MESSAGE][PASSED] - Keys '2006' sent to object: 'Object Repository/ESO/Page_Age_Verification/input_Age Verification_year'

31-01-2024T22:58:05 - [TEST_STEP][PASSED] - click(findTestObject("ESO/Page_Age_Verification/button_Submit")): Object: 'Object Repository/ESO/Page_Age_Verification/button_Submit' is clicked on

31-01-2024T22:58:08 - [MESSAGE][PASSED] - Object: 'Object Repository/ESO/Page_Age_Verification/button_Submit' is clicked on

31-01-2024T22:58:08 - [TEST_STEP][PASSED] - verifyElementNotPresent(findTestObject("ESO/Page_Age_Verification/h4_Access Denied"), 0): Web element with id: 'Object Repository/ESO/Page_Age_Verification/h4_Access Denied' located by 'By.xpath: //*[(text() = 'Access Denied' or . = 'Access Denied')]' is not present after '30' second(s)

31-01-2024T22:58:08 - [MESSAGE][WARNING] - Timeout '0' is invalid. Using default page load timeout: '30'

31-01-2024T22:58:09 - [MESSAGE][PASSED] - Web element with id: 'Object Repository/ESO/Page_Age_Verification/h4_Access Denied' located by 'By.xpath: //*[(text() = 'Access Denied' or . = 'Access Denied')]' is not present after '30' second(s)

31-01-2024T22:58:09 - [MESSAGE][PASSED] - Call Test Case 'Test Cases/ESO/Age Valitadion/A002 - Valid Age' successfully

31-01-2024T22:58:09 - [TEST_STEP][PASSED] - verifyTextPresent(Character_Name.toUpperCase(), false): Text 'SELENE' is present on page 

31-01-2024T22:58:09 - [MESSAGE][PASSED] - Text 'SELENE' is present on page 

31-01-2024T22:58:09 - [TEST_STEP][PASSED] - verifyTextPresent("MEET THE CHARACTER", false): Text 'MEET THE CHARACTER' is present on page 

31-01-2024T22:58:09 - [MESSAGE][PASSED] - Text 'MEET THE CHARACTER' is present on page 

31-01-2024T22:58:09 - [TEST_STEP][PASSED] - closeBrowser(): Browser is closed

31-01-2024T22:58:10 - [MESSAGE][PASSED] - Browser is closed]]></system-out>
         <system-err><![CDATA[]]></system-err>
      </testcase>
      <testcase name="Test Cases/Data-Driven/DD002 - Meet the Characters" time="19.329" classname="Test Cases/Data-Driven/DD002 - Meet the Characters" status="PASSED">
         <system-out><![CDATA[31-01-2024T22:58:10 - [TEST_CASE][PASSED] - Test Cases/Data-Driven/DD002 - Meet the Characters: Test Cases/Data-Driven/DD002 - Meet the Characters

31-01-2024T22:58:10 - [TEST_STEP][PASSED] - verifyCheckpoint(findCheckpoint("Checkpoints/Companions"), false): Checkpoint data and Source data are matched

31-01-2024T22:58:10 - [MESSAGE][PASSED] - Checkpoint data and Source data are matched

31-01-2024T22:58:10 - [TEST_STEP][PASSED] - callTestCase(findTestCase("ESO/Misc Tests/Open ESO Page"), [:], STOP_ON_FAILURE): Call Test Case 'Test Cases/ESO/Misc Tests/Open ESO Page' successfully

31-01-2024T22:58:10 - [TEST_CASE][PASSED] - Test Cases/ESO/Misc Tests/Open ESO Page: Test Cases/ESO/Misc Tests/Open ESO Page

31-01-2024T22:58:10 - [TEST_STEP][PASSED] - openBrowser(""): Browser is opened with url: ''

31-01-2024T22:58:10 - [MESSAGE][INFO] - Starting 'Chrome' driver

31-01-2024T22:58:10 - [MESSAGE][INFO] - Action delay is set to 0 milliseconds

31-01-2024T22:58:11 - [MESSAGE][PASSED] - Browser is opened with url: ''

31-01-2024T22:58:11 - [TEST_STEP][PASSED] - maximizeWindow(): Current window maximized

31-01-2024T22:58:11 - [MESSAGE][PASSED] - Current window maximized

31-01-2024T22:58:11 - [TEST_STEP][PASSED] - navigateToUrl("https://www.elderscrollsonline.com/en-us/home"): Navigate to 'https://www.elderscrollsonline.com/en-us/home' successfully

31-01-2024T22:58:13 - [MESSAGE][PASSED] - Navigate to 'https://www.elderscrollsonline.com/en-us/home' successfully

31-01-2024T22:58:13 - [TEST_STEP][PASSED] - delay(3): Delayed 3 second(s)

31-01-2024T22:58:16 - [MESSAGE][PASSED] - Delayed 3 second(s)

31-01-2024T22:58:16 - [TEST_STEP][PASSED] - verifyElementPresent(findTestObject("Object Repository/ESO/Page_Home/a_The Elder Scrolls  Online"), 0): Object 'Object Repository/ESO/Page_Home/a_The Elder Scrolls  Online' is present

31-01-2024T22:58:16 - [MESSAGE][WARNING] - Timeout '0' is invalid. Using default page load timeout: '30'

31-01-2024T22:58:16 - [MESSAGE][PASSED] - Object 'Object Repository/ESO/Page_Home/a_The Elder Scrolls  Online' is present

31-01-2024T22:58:16 - [TEST_STEP][PASSED] - callTestCase(findTestCase("ESO/Misc Tests/Policy Accept"), [:], STOP_ON_FAILURE): Call Test Case 'Test Cases/ESO/Misc Tests/Policy Accept' successfully

31-01-2024T22:58:16 - [TEST_CASE][PASSED] - Test Cases/ESO/Misc Tests/Policy Accept: Test Cases/ESO/Misc Tests/Policy Accept

31-01-2024T22:58:16 - [TEST_STEP][PASSED] - verifyElementPresent(findTestObject("Object Repository/ESO/Page_Home/div_Policy"), 0): Object 'Object Repository/ESO/Page_Home/div_Policy' is present

31-01-2024T22:58:16 - [MESSAGE][WARNING] - Timeout '0' is invalid. Using default page load timeout: '30'

31-01-2024T22:58:17 - [MESSAGE][PASSED] - Object 'Object Repository/ESO/Page_Home/div_Policy' is present

31-01-2024T22:58:17 - [TEST_STEP][PASSED] - click(findTestObject("Object Repository/ESO/Page_Home/button_ACCEPT ALL")): Object: 'Object Repository/ESO/Page_Home/button_ACCEPT ALL' is clicked on

31-01-2024T22:58:17 - [MESSAGE][PASSED] - Object: 'Object Repository/ESO/Page_Home/button_ACCEPT ALL' is clicked on

31-01-2024T22:58:17 - [MESSAGE][PASSED] - Call Test Case 'Test Cases/ESO/Misc Tests/Policy Accept' successfully

31-01-2024T22:58:17 - [MESSAGE][PASSED] - Call Test Case 'Test Cases/ESO/Misc Tests/Open ESO Page' successfully

31-01-2024T22:58:17 - [TEST_STEP][PASSED] - helpers.Misc.OpenSearchBar(): helpers.Misc.OpenSearchBar is PASSED

31-01-2024T22:58:18 - [MESSAGE][PASSED] - Object: 'Object Repository/ESO/Page_Home/Search Bar/i_fa fa-search' is clicked on

31-01-2024T22:58:18 - [MESSAGE][PASSED] - Object 'Object Repository/ESO/Page_Home/Search Bar/inputsearchBox' is visible

31-01-2024T22:58:18 - [MESSAGE][PASSED] - helpers.Misc.OpenSearchBar is PASSED

31-01-2024T22:58:18 - [TEST_STEP][PASSED] - setText(findTestObject("ESO/Page_Home/Search Bar/inputsearchBox"), Character_Name): Text 'The Anchorite' is set on object 'Object Repository/ESO/Page_Home/Search Bar/inputsearchBox'

31-01-2024T22:58:19 - [MESSAGE][PASSED] - Text 'The Anchorite' is set on object 'Object Repository/ESO/Page_Home/Search Bar/inputsearchBox'

31-01-2024T22:58:19 - [TEST_STEP][PASSED] - delay(1): Delayed 1 second(s)

31-01-2024T22:58:20 - [MESSAGE][PASSED] - Delayed 1 second(s)

31-01-2024T22:58:20 - [TEST_STEP][PASSED] - verifyElementPresent(findTestObject("ESO/Page_Home/Search Bar/div_Character suggestion"), 0): Object 'Object Repository/ESO/Page_Home/Search Bar/div_Character suggestion' is present

31-01-2024T22:58:20 - [MESSAGE][WARNING] - Timeout '0' is invalid. Using default page load timeout: '30'

31-01-2024T22:58:20 - [MESSAGE][PASSED] - Object 'Object Repository/ESO/Page_Home/Search Bar/div_Character suggestion' is present

31-01-2024T22:58:20 - [TEST_STEP][PASSED] - click(findTestObject("ESO/Page_Home/Search Bar/a_Character suggestion")): Object: 'Object Repository/ESO/Page_Home/Search Bar/a_Character suggestion' is clicked on

31-01-2024T22:58:24 - [MESSAGE][PASSED] - Object: 'Object Repository/ESO/Page_Home/Search Bar/a_Character suggestion' is clicked on

31-01-2024T22:58:24 - [TEST_STEP][PASSED] - callTestCase(findTestCase("ESO/Age Valitadion/A002 - Valid Age"), [:], STOP_ON_FAILURE): Call Test Case 'Test Cases/ESO/Age Valitadion/A002 - Valid Age' successfully

31-01-2024T22:58:24 - [TEST_CASE][PASSED] - Test Cases/ESO/Age Valitadion/A002 - Valid Age: Test Cases/ESO/Age Valitadion/A002 - Valid Age

31-01-2024T22:58:24 - [TEST_STEP][PASSED] - try: Web element with id: 'Object Repository/ESO/Page_Age_Verification/h4_Access Denied' located by 'By.xpath: //*[(text() = 'Access Denied' or . = 'Access Denied')]' is not present after '30' second(s)

31-01-2024T22:58:24 - [TEST_STEP][PASSED] - sendKeys(findTestObject("ESO/Page_Age_Verification/input_Age Verification_month"), helpers.getTodayDate.month()): Keys '01' sent to object: 'Object Repository/ESO/Page_Age_Verification/input_Age Verification_month'

31-01-2024T22:58:24 - [MESSAGE][PASSED] - helpers.getTodayDate.month is PASSED

31-01-2024T22:58:24 - [MESSAGE][PASSED] - Keys '01' sent to object: 'Object Repository/ESO/Page_Age_Verification/input_Age Verification_month'

31-01-2024T22:58:24 - [TEST_STEP][PASSED] - sendKeys(findTestObject("ESO/Page_Age_Verification/input_Age Verification_day"), helpers.getTodayDate.day()): Keys '31' sent to object: 'Object Repository/ESO/Page_Age_Verification/input_Age Verification_day'

31-01-2024T22:58:24 - [MESSAGE][PASSED] - helpers.getTodayDate.day is PASSED

31-01-2024T22:58:25 - [MESSAGE][PASSED] - Keys '31' sent to object: 'Object Repository/ESO/Page_Age_Verification/input_Age Verification_day'

31-01-2024T22:58:25 - [TEST_STEP][PASSED] - sendKeys(findTestObject("ESO/Page_Age_Verification/input_Age Verification_year"), helpers.getTodayDate.OverYear()): Keys '2006' sent to object: 'Object Repository/ESO/Page_Age_Verification/input_Age Verification_year'

31-01-2024T22:58:25 - [MESSAGE][PASSED] - helpers.getTodayDate.OverYear is PASSED

31-01-2024T22:58:25 - [MESSAGE][PASSED] - Keys '2006' sent to object: 'Object Repository/ESO/Page_Age_Verification/input_Age Verification_year'

31-01-2024T22:58:25 - [TEST_STEP][PASSED] - click(findTestObject("ESO/Page_Age_Verification/button_Submit")): Object: 'Object Repository/ESO/Page_Age_Verification/button_Submit' is clicked on

31-01-2024T22:58:28 - [MESSAGE][PASSED] - Object: 'Object Repository/ESO/Page_Age_Verification/button_Submit' is clicked on

31-01-2024T22:58:28 - [TEST_STEP][PASSED] - verifyElementNotPresent(findTestObject("ESO/Page_Age_Verification/h4_Access Denied"), 0): Web element with id: 'Object Repository/ESO/Page_Age_Verification/h4_Access Denied' located by 'By.xpath: //*[(text() = 'Access Denied' or . = 'Access Denied')]' is not present after '30' second(s)

31-01-2024T22:58:28 - [MESSAGE][WARNING] - Timeout '0' is invalid. Using default page load timeout: '30'

31-01-2024T22:58:29 - [MESSAGE][PASSED] - Web element with id: 'Object Repository/ESO/Page_Age_Verification/h4_Access Denied' located by 'By.xpath: //*[(text() = 'Access Denied' or . = 'Access Denied')]' is not present after '30' second(s)

31-01-2024T22:58:29 - [MESSAGE][PASSED] - Call Test Case 'Test Cases/ESO/Age Valitadion/A002 - Valid Age' successfully

31-01-2024T22:58:29 - [TEST_STEP][PASSED] - verifyTextPresent(Character_Name.toUpperCase(), false): Text 'THE ANCHORITE' is present on page 

31-01-2024T22:58:29 - [MESSAGE][PASSED] - Text 'THE ANCHORITE' is present on page 

31-01-2024T22:58:29 - [TEST_STEP][PASSED] - verifyTextPresent("MEET THE CHARACTER", false): Text 'MEET THE CHARACTER' is present on page 

31-01-2024T22:58:29 - [MESSAGE][PASSED] - Text 'MEET THE CHARACTER' is present on page 

31-01-2024T22:58:29 - [TEST_STEP][PASSED] - closeBrowser(): Browser is closed

31-01-2024T22:58:29 - [MESSAGE][PASSED] - Browser is closed]]></system-out>
         <system-err><![CDATA[]]></system-err>
      </testcase>
      <system-out><![CDATA[31-01-2024T22:47:48 - [TEST_SUITE][PASSED] - TS005 - DDT: Test Cases/Data-Driven/DD002 - Meet the Characters]]></system-out>
      <system-err><![CDATA[]]></system-err>
   </testsuite>
</testsuites>
