<?xml version="1.0" encoding="UTF-8"?>
<testsuites name="Agr Validation" time="82.813" tests="2" failures="0" errors="0">
   <testsuite name="Agr Validation" tests="2" failures="0" errors="0" time="82.813" skipped="0" timestamp="21-01-2024T16:48:25" hostname="Careca Delas - Careca-Desktop.home" id="Test Suites/ESO/Agr Validation">
      <properties>
[...]
</properties>
      <testcase name="Test Cases/ESO/Age Valitadion/Invalid Age" time="42.706" classname="Test Cases/ESO/Age Valitadion/Invalid Age" status="PASSED">
         <system-out><![CDATA[21-01-2024T16:48:25 - [TEST_CASE][PASSED] - Test Cases/ESO/Age Valitadion/Invalid Age: Test Cases/ESO/Age Valitadion/Invalid Age

21-01-2024T16:48:25 - [TEST_STEP][PASSED] - openBrowser(""): Browser is opened with url: ''

21-01-2024T16:48:25 - [MESSAGE][INFO] - User set preference: ['os', 'windows']

21-01-2024T16:48:25 - [MESSAGE][INFO] - User set preference: ['browserName', 'chrome']

21-01-2024T16:48:25 - [MESSAGE][INFO] - User set preference: ['browserVersion', '119']

21-01-2024T16:48:25 - [MESSAGE][INFO] - User set preference: ['katalon:option', '{organizationId=1380540, tunnelId=, usingTunnel=false}']

21-01-2024T16:48:25 - [MESSAGE][INFO] - Connecting to remote web server 'testcloud.katalon.com/hub' with type 'Selenium'

21-01-2024T16:48:26 - [MESSAGE][INFO] - Action delay is set to 0 milliseconds

21-01-2024T16:48:54 - [MESSAGE][PASSED] - Browser is opened with url: ''

21-01-2024T16:48:54 - [TEST_STEP][PASSED] - today = new java.util.Date(): null

21-01-2024T16:48:54 - [TEST_STEP][PASSED] - todaysDate = format("yyyy-MM-dd").split("-"): null

21-01-2024T16:48:54 - [TEST_STEP][PASSED] - navigateToUrl("https://www.elderscrollsonline.com/en-us/agegate?URL=%2fen-us%2fmedia"): Navigate to 'https://www.elderscrollsonline.com/en-us/agegate?URL=%2fen-us%2fmedia' successfully

21-01-2024T16:48:56 - [MESSAGE][PASSED] - Navigate to 'https://www.elderscrollsonline.com/en-us/agegate?URL=%2fen-us%2fmedia' successfully

21-01-2024T16:48:56 - [TEST_STEP][PASSED] - sendKeys(findTestObject("ESO/Page_Age_Verification/input_Age Verification_month"), todaysDate[1]): Keys '01' sent to object: 'Object Repository/ESO/Page_Age_Verification/input_Age Verification_month'

21-01-2024T16:48:58 - [MESSAGE][PASSED] - Keys '01' sent to object: 'Object Repository/ESO/Page_Age_Verification/input_Age Verification_month'

21-01-2024T16:48:58 - [TEST_STEP][PASSED] - sendKeys(findTestObject("ESO/Page_Age_Verification/input_Age Verification_day"), todaysDate[2]): Keys '21' sent to object: 'Object Repository/ESO/Page_Age_Verification/input_Age Verification_day'

21-01-2024T16:49:00 - [MESSAGE][PASSED] - Keys '21' sent to object: 'Object Repository/ESO/Page_Age_Verification/input_Age Verification_day'

21-01-2024T16:49:00 - [TEST_STEP][PASSED] - sendKeys(findTestObject("ESO/Page_Age_Verification/input_Age Verification_year"), todaysDate[0]): Keys '2024' sent to object: 'Object Repository/ESO/Page_Age_Verification/input_Age Verification_year'

21-01-2024T16:49:02 - [MESSAGE][PASSED] - Keys '2024' sent to object: 'Object Repository/ESO/Page_Age_Verification/input_Age Verification_year'

21-01-2024T16:49:02 - [TEST_STEP][PASSED] - click(findTestObject("ESO/Page_Age_Verification/button_Submit")): Object: 'Object Repository/ESO/Page_Age_Verification/button_Submit' is clicked on

21-01-2024T16:49:05 - [MESSAGE][PASSED] - Object: 'Object Repository/ESO/Page_Age_Verification/button_Submit' is clicked on

21-01-2024T16:49:05 - [TEST_STEP][PASSED] - verifyElementVisible(findTestObject("Object Repository/ESO/Page_Age_Verification/h4_Access Denied")): Object 'Object Repository/ESO/Page_Age_Verification/h4_Access Denied' is visible

21-01-2024T16:49:07 - [MESSAGE][PASSED] - Object 'Object Repository/ESO/Page_Age_Verification/h4_Access Denied' is visible]]></system-out>
         <system-err><![CDATA[]]></system-err>
      </testcase>
      <testcase name="Test Cases/ESO/Age Valitadion/Valid Age" time="39.92" classname="Test Cases/ESO/Age Valitadion/Valid Age" status="PASSED">
         <system-out><![CDATA[21-01-2024T16:49:07 - [TEST_CASE][PASSED] - Test Cases/ESO/Age Valitadion/Valid Age: Test Cases/ESO/Age Valitadion/Valid Age

21-01-2024T16:49:08 - [TEST_STEP][PASSED] - openBrowser(""): Browser is opened with url: ''

21-01-2024T16:49:08 - [MESSAGE][WARNING] - A browser is already opened. Closing browser and opening a new one

21-01-2024T16:49:09 - [MESSAGE][INFO] - User set preference: ['os', 'windows']

21-01-2024T16:49:09 - [MESSAGE][INFO] - User set preference: ['browserName', 'chrome']

21-01-2024T16:49:09 - [MESSAGE][INFO] - User set preference: ['browserVersion', '119']

21-01-2024T16:49:09 - [MESSAGE][INFO] - User set preference: ['katalon:option', '{organizationId=1380540, tunnelId=, usingTunnel=false}']

21-01-2024T16:49:09 - [MESSAGE][INFO] - Connecting to remote web server 'testcloud.katalon.com/hub' with type 'Selenium'

21-01-2024T16:49:09 - [MESSAGE][INFO] - Action delay is set to 0 milliseconds

21-01-2024T16:49:33 - [MESSAGE][PASSED] - Browser is opened with url: ''

21-01-2024T16:49:33 - [TEST_STEP][PASSED] - today = new java.util.Date(): null

21-01-2024T16:49:33 - [TEST_STEP][PASSED] - todaysDate = format("yyyy-MM-dd").split("-"): null

21-01-2024T16:49:33 - [TEST_STEP][PASSED] - year = String.valueOf(Integer.parseInt(todaysDate[0]) - 18): null

21-01-2024T16:49:33 - [TEST_STEP][PASSED] - navigateToUrl("https://www.elderscrollsonline.com/en-us/agegate?URL=%2fen-us%2fmedia"): Navigate to 'https://www.elderscrollsonline.com/en-us/agegate?URL=%2fen-us%2fmedia' successfully

21-01-2024T16:49:35 - [MESSAGE][PASSED] - Navigate to 'https://www.elderscrollsonline.com/en-us/agegate?URL=%2fen-us%2fmedia' successfully

21-01-2024T16:49:35 - [TEST_STEP][PASSED] - sendKeys(findTestObject("ESO/Page_Age_Verification/input_Age Verification_month"), todaysDate[1]): Keys '01' sent to object: 'Object Repository/ESO/Page_Age_Verification/input_Age Verification_month'

21-01-2024T16:49:37 - [MESSAGE][PASSED] - Keys '01' sent to object: 'Object Repository/ESO/Page_Age_Verification/input_Age Verification_month'

21-01-2024T16:49:37 - [TEST_STEP][PASSED] - sendKeys(findTestObject("ESO/Page_Age_Verification/input_Age Verification_day"), todaysDate[2]): Keys '21' sent to object: 'Object Repository/ESO/Page_Age_Verification/input_Age Verification_day'

21-01-2024T16:49:39 - [MESSAGE][PASSED] - Keys '21' sent to object: 'Object Repository/ESO/Page_Age_Verification/input_Age Verification_day'

21-01-2024T16:49:39 - [TEST_STEP][PASSED] - sendKeys(findTestObject("ESO/Page_Age_Verification/input_Age Verification_year"), year): Keys '2006' sent to object: 'Object Repository/ESO/Page_Age_Verification/input_Age Verification_year'

21-01-2024T16:49:41 - [MESSAGE][PASSED] - Keys '2006' sent to object: 'Object Repository/ESO/Page_Age_Verification/input_Age Verification_year'

21-01-2024T16:49:41 - [TEST_STEP][PASSED] - click(findTestObject("ESO/Page_Age_Verification/button_Submit")): Object: 'Object Repository/ESO/Page_Age_Verification/button_Submit' is clicked on

21-01-2024T16:49:47 - [MESSAGE][PASSED] - Object: 'Object Repository/ESO/Page_Age_Verification/button_Submit' is clicked on

21-01-2024T16:49:47 - [TEST_STEP][PASSED] - if (getUrl().compareTo("https://www.elderscrollsonline.com/en-us/media") != 0): Current window's url is: 'https://www.elderscrollsonline.com/en-us/media'

21-01-2024T16:49:47 - [MESSAGE][PASSED] - Current window's url is: 'https://www.elderscrollsonline.com/en-us/media']]></system-out>
         <system-err><![CDATA[]]></system-err>
      </testcase>
      <system-out><![CDATA[21-01-2024T16:48:25 - [TEST_SUITE][PASSED] - Agr Validation: Test Cases/ESO/Age Valitadion/Valid Age]]></system-out>
      <system-err><![CDATA[]]></system-err>
   </testsuite>
</testsuites>
