<?xml version="1.0" encoding="UTF-8"?>
<testsuites name="TS005 - DDT" time="1560.262" tests="13" failures="2" errors="0">
   <testsuite name="TS005 - DDT" tests="13" failures="2" errors="0" time="1560.262" skipped="0" timestamp="31-01-2024T16:57:03" hostname="Careca Delas - Careca-Desktop.home" id="Test Suites/ESO/TS005 - DDT">
      <properties>
         <property name="deviceName"/>
         <property name="devicePlatform" value="WINDOWS"/>
         <property name="logFolder" value="C:\\Users\\Careca Delas\\Documents\\GitHub\\Oasis-Project\\Reports\\20240131_165653\\ESO\\TS005 - DDT\\20240131_165653"/>
         <property name="logFiles" value="C:\\Users\\Careca Delas\\Documents\\GitHub\\Oasis-Project\\Reports\\20240131_165653\\ESO\\TS005 - DDT\\20240131_165653\\execution0.log"/>
         <property name="attachments" value="C:\\Users\\Careca Delas\\Documents\\GitHub\\Oasis-Project\\Reports\\20240131_165653\\ESO\\TS005 - DDT\\20240131_165653\\1706720354665.png, C:\\Users\\Careca Delas\\Documents\\GitHub\\Oasis-Project\\Reports\\20240131_165653\\ESO\\TS005 - DDT\\20240131_165653\\1706720371995.png, C:\\Users\\Careca Delas\\Documents\\GitHub\\Oasis-Project\\Reports\\20240131_165653\\ESO\\TS005 - DDT\\20240131_165653\\1706720682449.png, C:\\Users\\Careca Delas\\Documents\\GitHub\\Oasis-Project\\Reports\\20240131_165653\\ESO\\TS005 - DDT\\20240131_165653\\1706720698217.png, C:\\Users\\Careca Delas\\Documents\\GitHub\\Oasis-Project\\Reports\\20240131_165653\\ESO\\TS005 - DDT\\20240131_165653\\1706720863938.png, C:\\Users\\Careca Delas\\Documents\\GitHub\\Oasis-Project\\Reports\\20240131_165653\\ESO\\TS005 - DDT\\20240131_165653\\1706720940647.png, C:\\Users\\Careca Delas\\Documents\\GitHub\\Oasis-Project\\Reports\\20240131_165653\\ESO\\TS005 - DDT\\20240131_165653\\1706721014814.png, C:\\Users\\Careca Delas\\Documents\\GitHub\\Oasis-Project\\Reports\\20240131_165653\\ESO\\TS005 - DDT\\20240131_165653\\1706721093394.png, C:\\Users\\Careca Delas\\Documents\\GitHub\\Oasis-Project\\Reports\\20240131_165653\\ESO\\TS005 - DDT\\20240131_165653\\1706721272100.png, C:\\Users\\Careca Delas\\Documents\\GitHub\\Oasis-Project\\Reports\\20240131_165653\\ESO\\TS005 - DDT\\20240131_165653\\1706721343963.png, C:\\Users\\Careca Delas\\Documents\\GitHub\\Oasis-Project\\Reports\\20240131_165653\\ESO\\TS005 - DDT\\20240131_165653\\1706721414226.png, C:\\Users\\Careca Delas\\Documents\\GitHub\\Oasis-Project\\Reports\\20240131_165653\\ESO\\TS005 - DDT\\20240131_165653\\1706721433349.png, C:\\Users\\Careca Delas\\Documents\\GitHub\\Oasis-Project\\Reports\\20240131_165653\\ESO\\TS005 - DDT\\20240131_165653\\1706721471030.png, C:\\Users\\Careca Delas\\Documents\\GitHub\\Oasis-Project\\Reports\\20240131_165653\\ESO\\TS005 - DDT\\20240131_165653\\1706721551303.png"/>
         <property name="hostName" value="Careca Delas - Careca-Desktop.home"/>
         <property name="remoteDriverUrl" value="testcloud.katalon.com/hub"/>
         <property name="desiredCapabilities" value="{&#xa;  &quot;timeouts&quot;: {&#xa;    &quot;implicit&quot;: 0,&#xa;    &quot;pageLoad&quot;: 300000,&#xa;    &quot;script&quot;: 30000&#xa;  },&#xa;  &quot;platform&quot;: &quot;WINDOWS&quot;,&#xa;  &quot;goog:chromeOptions&quot;: {&#xa;    &quot;debuggerAddress&quot;: &quot;localhost:9225&quot;&#xa;  },&#xa;  &quot;requestId&quot;: &quot;07c35cd6-89c9-4dbb-bf87-a7512285d419&quot;,&#xa;  &quot;webauthn:extension:credBlob&quot;: true,&#xa;  &quot;acceptInsecureCerts&quot;: false,&#xa;  &quot;browserVersion&quot;: &quot;120.0.0.0&quot;,&#xa;  &quot;fedcm:accounts&quot;: true,&#xa;  &quot;browserName&quot;: &quot;chrome&quot;,&#xa;  &quot;javascriptEnabled&quot;: true,&#xa;  &quot;katalon:option&quot;: {&#xa;    &quot;unlimitedExecutionMinutes&quot;: true,&#xa;    &quot;userId&quot;: 1423099,&#xa;    &quot;organizationId&quot;: &quot;1380540&quot;,&#xa;    &quot;class&quot;: &quot;com.katalon.testcloud.grid.common.tunnel.domain.UserOptionCapability&quot;,&#xa;    &quot;runFromTestCloud&quot;: true,&#xa;    &quot;usingTunnel&quot;: false&#xa;  },&#xa;  &quot;platformName&quot;: &quot;WINDOWS&quot;,&#xa;  &quot;setWindowRect&quot;: true,&#xa;  &quot;webauthn:extension:largeBlob&quot;: true,&#xa;  &quot;networkConnectionEnabled&quot;: false,&#xa;  &quot;chrome&quot;: {&#xa;    &quot;chromedriverVersion&quot;: &quot;120.0.6099.5 (dc7563588833ccad6482a3aa5848108c4387e7e5-refs/branch-heads/6099@{#21})&quot;,&#xa;    &quot;userDataDir&quot;: &quot;C:\\Windows\\SystemTemp\\scoped_dir5956_658552809&quot;&#xa;  },&#xa;  &quot;pageLoadStrategy&quot;: &quot;normal&quot;,&#xa;  &quot;unhandledPromptBehavior&quot;: &quot;dismiss and notify&quot;,&#xa;  &quot;strictFileInteractability&quot;: false,&#xa;  &quot;***:loadExtension&quot;: [&#xa;    &quot;https://prod-magicleap-user-files-us-east-1-v1.s3.amazonaws.com/extensions/orgId-691279/SmartWait.zip&quot;&#xa;  ],&#xa;  &quot;version&quot;: &quot;120&quot;,&#xa;  &quot;se:cdp&quot;: &quot;ws://172.48.33.251:4444/session/007a2a1df824ec25434635a9a19a434f/se/cdp&quot;,&#xa;  &quot;proxy&quot;: {&#xa;    &quot;proxyType&quot;: &quot;DIRECT&quot;,&#xa;    &quot;autodetect&quot;: false&#xa;  },&#xa;  &quot;webauthn:extension:minPinLength&quot;: true,&#xa;  &quot;webdriver.remote.sessionid&quot;: &quot;007a2a1df824ec25434635a9a19a434f&quot;,&#xa;  &quot;webauthn:extension:prf&quot;: true,&#xa;  &quot;webauthn:virtualAuthenticators&quot;: true&#xa;}"/>
         <property name="os" value="Windows 10 64bit"/>
         <property name="remoteOS" value="Windows"/>
         <property name="katalonVersion" value="9.1.0.212"/>
         <property name="browser" value="Chrome 120.0.0.0"/>
         <property name="hostAddress" value="192.168.1.13"/>
         <property name="sessionId" value="007a2a1df824ec25434635a9a19a434f"/>
         <property name="seleniumVersion" value="3.141.59"/>
         <property name="proxyInformation" value="ProxyInformation { proxyOption=NO_PROXY, proxyServerType=HTTP, username=, password=********, proxyServerAddress=, proxyServerPort=0, executionList=&quot;&quot;, isApplyToDesiredCapabilities=true }"/>
         <property name="platform" value="Windows 10"/>
      </properties>
      <testcase name="Test Cases/Data-Driven/DD001 - Class Help" time="72.14" classname="Test Cases/Data-Driven/DD001 - Class Help" status="PASSED">
         <system-out><![CDATA[31-01-2024T16:57:04 - [TEST_CASE][PASSED] - Test Cases/Data-Driven/DD001 - Class Help: Test Cases/Data-Driven/DD001 - Class Help

31-01-2024T16:57:04 - [TEST_STEP][PASSED] - callTestCase(findTestCase("ESO/Misc Tests/Open ESO Page"), [:], STOP_ON_FAILURE): Call Test Case 'Test Cases/ESO/Misc Tests/Open ESO Page' successfully

31-01-2024T16:57:04 - [TEST_CASE][PASSED] - Test Cases/ESO/Misc Tests/Open ESO Page: Test Cases/ESO/Misc Tests/Open ESO Page

31-01-2024T16:57:04 - [TEST_STEP][PASSED] - openBrowser(""): Browser is opened with url: ''

31-01-2024T16:57:05 - [MESSAGE][INFO] - User set preference: ['os', 'windows']

31-01-2024T16:57:05 - [MESSAGE][INFO] - User set preference: ['browserName', 'chrome']

31-01-2024T16:57:05 - [MESSAGE][INFO] - User set preference: ['browserVersion', '120']

31-01-2024T16:57:05 - [MESSAGE][INFO] - User set preference: ['katalon:option', '{organizationId=1380540, tunnelId=, usingTunnel=false}']

31-01-2024T16:57:05 - [MESSAGE][INFO] - Connecting to remote web server 'testcloud.katalon.com/hub' with type 'Selenium'

31-01-2024T16:57:05 - [MESSAGE][INFO] - Action delay is set to 0 milliseconds

31-01-2024T16:57:36 - [MESSAGE][PASSED] - Browser is opened with url: ''

31-01-2024T16:57:36 - [TEST_STEP][PASSED] - maximizeWindow(): Current window maximized

31-01-2024T16:57:36 - [MESSAGE][PASSED] - Current window maximized

31-01-2024T16:57:36 - [TEST_STEP][PASSED] - navigateToUrl("https://www.elderscrollsonline.com/en-us/home"): Navigate to 'https://www.elderscrollsonline.com/en-us/home' successfully

31-01-2024T16:57:43 - [MESSAGE][PASSED] - Navigate to 'https://www.elderscrollsonline.com/en-us/home' successfully

31-01-2024T16:57:43 - [TEST_STEP][PASSED] - delay(3): Delayed 3 second(s)

31-01-2024T16:57:46 - [MESSAGE][PASSED] - Delayed 3 second(s)

31-01-2024T16:57:46 - [TEST_STEP][PASSED] - verifyElementPresent(findTestObject("Object Repository/ESO/Page_Home/a_The Elder Scrolls  Online"), 0): Object 'Object Repository/ESO/Page_Home/a_The Elder Scrolls  Online' is present

31-01-2024T16:57:46 - [MESSAGE][WARNING] - Timeout '0' is invalid. Using default page load timeout: '30'

31-01-2024T16:57:48 - [MESSAGE][PASSED] - Object 'Object Repository/ESO/Page_Home/a_The Elder Scrolls  Online' is present

31-01-2024T16:57:48 - [TEST_STEP][PASSED] - callTestCase(findTestCase("ESO/Misc Tests/Policy Accept"), [:], STOP_ON_FAILURE): Call Test Case 'Test Cases/ESO/Misc Tests/Policy Accept' successfully

31-01-2024T16:57:48 - [TEST_CASE][PASSED] - Test Cases/ESO/Misc Tests/Policy Accept: Test Cases/ESO/Misc Tests/Policy Accept

31-01-2024T16:57:48 - [TEST_STEP][PASSED] - verifyElementPresent(findTestObject("Object Repository/ESO/Page_Home/div_Policy"), 0): Object 'Object Repository/ESO/Page_Home/div_Policy' is present

31-01-2024T16:57:48 - [MESSAGE][WARNING] - Timeout '0' is invalid. Using default page load timeout: '30'

31-01-2024T16:57:52 - [MESSAGE][PASSED] - Object 'Object Repository/ESO/Page_Home/div_Policy' is present

31-01-2024T16:57:52 - [TEST_STEP][PASSED] - click(findTestObject("Object Repository/ESO/Page_Home/button_ACCEPT ALL")): Object: 'Object Repository/ESO/Page_Home/button_ACCEPT ALL' is clicked on

31-01-2024T16:57:57 - [MESSAGE][PASSED] - Object: 'Object Repository/ESO/Page_Home/button_ACCEPT ALL' is clicked on

31-01-2024T16:57:57 - [MESSAGE][PASSED] - Call Test Case 'Test Cases/ESO/Misc Tests/Policy Accept' successfully

31-01-2024T16:57:57 - [MESSAGE][PASSED] - Call Test Case 'Test Cases/ESO/Misc Tests/Open ESO Page' successfully

31-01-2024T16:57:57 - [TEST_STEP][PASSED] - helpers.Misc.OpenSearchBar(): helpers.Misc.OpenSearchBar is PASSED

31-01-2024T16:57:59 - [MESSAGE][PASSED] - Object: 'Object Repository/ESO/Page_Home/i_fa fa-search' is clicked on

31-01-2024T16:58:02 - [MESSAGE][PASSED] - Object 'Object Repository/ESO/Page_Home/inputsearchBox' is visible

31-01-2024T16:58:02 - [MESSAGE][PASSED] - helpers.Misc.OpenSearchBar is PASSED

31-01-2024T16:58:02 - [TEST_STEP][PASSED] - delay(1): Delayed 1 second(s)

31-01-2024T16:58:03 - [MESSAGE][PASSED] - Delayed 1 second(s)

31-01-2024T16:58:03 - [TEST_STEP][PASSED] - setText(findTestObject("Object Repository/ESO/Page_Home/inputsearchBox"), Class_Name): Text 'Templar' is set on object 'Object Repository/ESO/Page_Home/inputsearchBox'

31-01-2024T16:58:09 - [MESSAGE][PASSED] - Text 'Templar' is set on object 'Object Repository/ESO/Page_Home/inputsearchBox'

31-01-2024T16:58:09 - [TEST_STEP][PASSED] - sendKeys(findTestObject("Object Repository/ESO/Page_Home/inputsearchBox"), Keys.chord(ENTER)): Keys 'ENTER + ' sent to object: 'Object Repository/ESO/Page_Home/inputsearchBox'

31-01-2024T16:58:12 - [MESSAGE][PASSED] - Keys 'ENTER + ' sent to object: 'Object Repository/ESO/Page_Home/inputsearchBox'

31-01-2024T16:58:12 - [TEST_STEP][PASSED] - closeBrowser(): Browser is closed

31-01-2024T16:58:16 - [MESSAGE][PASSED] - Browser is closed]]></system-out>
         <system-err><![CDATA[]]></system-err>
      </testcase>
      <testcase name="Test Cases/Data-Driven/DD001 - Class Help" time="105.225" classname="Test Cases/Data-Driven/DD001 - Class Help" status="PASSED">
         <system-out><![CDATA[31-01-2024T16:58:16 - [TEST_CASE][PASSED] - Test Cases/Data-Driven/DD001 - Class Help: Test Cases/Data-Driven/DD001 - Class Help

31-01-2024T16:58:16 - [TEST_STEP][PASSED] - callTestCase(findTestCase("ESO/Misc Tests/Open ESO Page"), [:], STOP_ON_FAILURE): Call Test Case 'Test Cases/ESO/Misc Tests/Open ESO Page' successfully

31-01-2024T16:58:16 - [TEST_CASE][PASSED] - Test Cases/ESO/Misc Tests/Open ESO Page: Test Cases/ESO/Misc Tests/Open ESO Page

31-01-2024T16:58:16 - [TEST_STEP][PASSED] - openBrowser(""): Browser is opened with url: ''

31-01-2024T16:58:16 - [MESSAGE][INFO] - User set preference: ['os', 'windows']

31-01-2024T16:58:16 - [MESSAGE][INFO] - User set preference: ['browserName', 'chrome']

31-01-2024T16:58:16 - [MESSAGE][INFO] - User set preference: ['browserVersion', '120']

31-01-2024T16:58:16 - [MESSAGE][INFO] - User set preference: ['katalon:option', '{organizationId=1380540, tunnelId=, usingTunnel=false}']

31-01-2024T16:58:16 - [MESSAGE][INFO] - Connecting to remote web server 'testcloud.katalon.com/hub' with type 'Selenium'

31-01-2024T16:58:16 - [MESSAGE][INFO] - Action delay is set to 0 milliseconds

31-01-2024T16:58:47 - [MESSAGE][PASSED] - Browser is opened with url: ''

31-01-2024T16:58:47 - [TEST_STEP][PASSED] - maximizeWindow(): Current window maximized

31-01-2024T16:58:48 - [MESSAGE][PASSED] - Current window maximized

31-01-2024T16:58:48 - [TEST_STEP][PASSED] - navigateToUrl("https://www.elderscrollsonline.com/en-us/home"): Navigate to 'https://www.elderscrollsonline.com/en-us/home' successfully

31-01-2024T16:58:53 - [MESSAGE][PASSED] - Navigate to 'https://www.elderscrollsonline.com/en-us/home' successfully

31-01-2024T16:58:53 - [TEST_STEP][PASSED] - delay(3): Delayed 3 second(s)

31-01-2024T16:58:56 - [MESSAGE][PASSED] - Delayed 3 second(s)

31-01-2024T16:58:56 - [TEST_STEP][PASSED] - verifyElementPresent(findTestObject("Object Repository/ESO/Page_Home/a_The Elder Scrolls  Online"), 0): Object 'Object Repository/ESO/Page_Home/a_The Elder Scrolls  Online' is present

31-01-2024T16:58:56 - [MESSAGE][WARNING] - Timeout '0' is invalid. Using default page load timeout: '30'

31-01-2024T16:59:02 - [MESSAGE][PASSED] - Object 'Object Repository/ESO/Page_Home/a_The Elder Scrolls  Online' is present

31-01-2024T16:59:02 - [TEST_STEP][PASSED] - callTestCase(findTestCase("ESO/Misc Tests/Policy Accept"), [:], STOP_ON_FAILURE): Call Test Case 'Test Cases/ESO/Misc Tests/Policy Accept' successfully

31-01-2024T16:59:02 - [TEST_CASE][PASSED] - Test Cases/ESO/Misc Tests/Policy Accept: Test Cases/ESO/Misc Tests/Policy Accept

31-01-2024T16:59:02 - [TEST_STEP][PASSED] - verifyElementPresent(findTestObject("Object Repository/ESO/Page_Home/div_Policy"), 0): Object 'Object Repository/ESO/Page_Home/div_Policy' is present

31-01-2024T16:59:02 - [MESSAGE][WARNING] - Timeout '0' is invalid. Using default page load timeout: '30'

31-01-2024T16:59:05 - [MESSAGE][PASSED] - Object 'Object Repository/ESO/Page_Home/div_Policy' is present

31-01-2024T16:59:05 - [TEST_STEP][PASSED] - click(findTestObject("Object Repository/ESO/Page_Home/button_ACCEPT ALL")): Object: 'Object Repository/ESO/Page_Home/button_ACCEPT ALL' is clicked on

31-01-2024T16:59:08 - [MESSAGE][PASSED] - Object: 'Object Repository/ESO/Page_Home/button_ACCEPT ALL' is clicked on

31-01-2024T16:59:08 - [MESSAGE][PASSED] - Call Test Case 'Test Cases/ESO/Misc Tests/Policy Accept' successfully

31-01-2024T16:59:08 - [MESSAGE][PASSED] - Call Test Case 'Test Cases/ESO/Misc Tests/Open ESO Page' successfully

31-01-2024T16:59:08 - [TEST_STEP][PASSED] - helpers.Misc.OpenSearchBar(): helpers.Misc.OpenSearchBar is PASSED

31-01-2024T16:59:12 - [MESSAGE][PASSED] - Object: 'Object Repository/ESO/Page_Home/i_fa fa-search' is clicked on

31-01-2024T16:59:20 - [MESSAGE][WARNING] - Object 'Object Repository/ESO/Page_Home/inputsearchBox' is NOT visible (Root cause: com.kms.katalon.core.exception.StepFailedException: Object 'Object Repository/ESO/Page_Home/inputsearchBox' is NOT visible
	at com.kms.katalon.core.webui.keyword.internal.WebUIKeywordMain.stepFailed(WebUIKeywordMain.groovy:64)
	at com.kms.katalon.core.webui.keyword.builtin.VerifyElementVisibleKeyword$_verifyElementVisible_closure1.doCall(VerifyElementVisibleKeyword.groovy:83)
	at com.kms.katalon.core.webui.keyword.builtin.VerifyElementVisibleKeyword$_verifyElementVisible_closure1.call(VerifyElementVisibleKeyword.groovy)
	at com.kms.katalon.core.webui.keyword.internal.WebUIKeywordMain.runKeyword(WebUIKeywordMain.groovy:20)
	at com.kms.katalon.core.webui.keyword.builtin.VerifyElementVisibleKeyword.verifyElementVisible(VerifyElementVisibleKeyword.groovy:97)
	at com.kms.katalon.core.webui.keyword.builtin.VerifyElementVisibleKeyword.execute(VerifyElementVisibleKeyword.groovy:67)
	at com.kms.katalon.core.keyword.internal.KeywordExecutor.executeKeywordForPlatform(KeywordExecutor.groovy:74)
	at com.kms.katalon.core.webui.keyword.WebUiBuiltInKeywords.verifyElementVisible(WebUiBuiltInKeywords.groovy:401)
	at helpers.Misc.OpenSearchBar(Misc.groovy:41)
	at java.base/jdk.internal.reflect.NativeMethodAccessorImpl.invoke0(Native Method)
	at java.base/jdk.internal.reflect.NativeMethodAccessorImpl.invoke(NativeMethodAccessorImpl.java:77)
	at java.base/jdk.internal.reflect.DelegatingMethodAccessorImpl.invoke(DelegatingMethodAccessorImpl.java:43)
	at com.kms.katalon.core.main.CustomKeywordDelegatingMetaClass.invokeStaticMethod(CustomKeywordDelegatingMetaClass.java:55)
	at DD001 - Class Help.run(DD001 - Class Help:22)
	at com.kms.katalon.core.main.ScriptEngine.run(ScriptEngine.java:194)
	at com.kms.katalon.core.main.ScriptEngine.runScriptAsRawText(ScriptEngine.java:119)
	at com.kms.katalon.core.main.TestCaseExecutor.runScript(TestCaseExecutor.java:448)
	at com.kms.katalon.core.main.TestCaseExecutor.doExecute(TestCaseExecutor.java:439)
	at com.kms.katalon.core.main.TestCaseExecutor.processExecutionPhase(TestCaseExecutor.java:418)
	at com.kms.katalon.core.main.TestCaseExecutor.accessMainPhase(TestCaseExecutor.java:410)
	at com.kms.katalon.core.main.TestCaseExecutor.execute(TestCaseExecutor.java:285)
	at com.kms.katalon.core.common.CommonExecutor.accessTestCaseMainPhase(CommonExecutor.java:65)
	at com.kms.katalon.core.main.TestSuiteExecutor.accessTestSuiteMainPhase(TestSuiteExecutor.java:148)
	at com.kms.katalon.core.main.TestSuiteExecutor.execute(TestSuiteExecutor.java:106)
	at com.kms.katalon.core.main.TestCaseMain.startTestSuite(TestCaseMain.java:180)
	at TempTestSuite1706720213989.run(TempTestSuite1706720213989.groovy:36)
	at java.base/jdk.internal.reflect.NativeMethodAccessorImpl.invoke0(Native Method)
	at java.base/jdk.internal.reflect.NativeMethodAccessorImpl.invoke(NativeMethodAccessorImpl.java:77)
	at java.base/jdk.internal.reflect.DelegatingMethodAccessorImpl.invoke(DelegatingMethodAccessorImpl.java:43)
)
[[ATTACHMENT|C:\\Users\\Careca Delas\\Documents\\GitHub\\Oasis-Project\\Reports\\20240131_165653\\ESO\\TS005 - DDT\\20240131_165653\\1706720354665.png]]

31-01-2024T16:59:25 - [MESSAGE][PASSED] - Refresh successfully

31-01-2024T16:59:27 - [MESSAGE][PASSED] - Object: 'Object Repository/ESO/Page_Home/i_fa fa-search' is clicked on

31-01-2024T16:59:35 - [MESSAGE][WARNING] - Object 'Object Repository/ESO/Page_Home/inputsearchBox' is NOT visible (Root cause: com.kms.katalon.core.exception.StepFailedException: Object 'Object Repository/ESO/Page_Home/inputsearchBox' is NOT visible
	at com.kms.katalon.core.webui.keyword.internal.WebUIKeywordMain.stepFailed(WebUIKeywordMain.groovy:64)
	at com.kms.katalon.core.webui.keyword.builtin.VerifyElementVisibleKeyword$_verifyElementVisible_closure1.doCall(VerifyElementVisibleKeyword.groovy:83)
	at com.kms.katalon.core.webui.keyword.builtin.VerifyElementVisibleKeyword$_verifyElementVisible_closure1.call(VerifyElementVisibleKeyword.groovy)
	at com.kms.katalon.core.webui.keyword.internal.WebUIKeywordMain.runKeyword(WebUIKeywordMain.groovy:20)
	at com.kms.katalon.core.webui.keyword.builtin.VerifyElementVisibleKeyword.verifyElementVisible(VerifyElementVisibleKeyword.groovy:97)
	at com.kms.katalon.core.webui.keyword.builtin.VerifyElementVisibleKeyword.execute(VerifyElementVisibleKeyword.groovy:67)
	at com.kms.katalon.core.keyword.internal.KeywordExecutor.executeKeywordForPlatform(KeywordExecutor.groovy:74)
	at com.kms.katalon.core.webui.keyword.WebUiBuiltInKeywords.verifyElementVisible(WebUiBuiltInKeywords.groovy:401)
	at helpers.Misc.OpenSearchBar(Misc.groovy:41)
	at java.base/jdk.internal.reflect.NativeMethodAccessorImpl.invoke0(Native Method)
	at java.base/jdk.internal.reflect.NativeMethodAccessorImpl.invoke(NativeMethodAccessorImpl.java:77)
	at java.base/jdk.internal.reflect.DelegatingMethodAccessorImpl.invoke(DelegatingMethodAccessorImpl.java:43)
	at com.kms.katalon.core.main.CustomKeywordDelegatingMetaClass.invokeStaticMethod(CustomKeywordDelegatingMetaClass.java:55)
	at DD001 - Class Help.run(DD001 - Class Help:22)
	at com.kms.katalon.core.main.ScriptEngine.run(ScriptEngine.java:194)
	at com.kms.katalon.core.main.ScriptEngine.runScriptAsRawText(ScriptEngine.java:119)
	at com.kms.katalon.core.main.TestCaseExecutor.runScript(TestCaseExecutor.java:448)
	at com.kms.katalon.core.main.TestCaseExecutor.doExecute(TestCaseExecutor.java:439)
	at com.kms.katalon.core.main.TestCaseExecutor.processExecutionPhase(TestCaseExecutor.java:418)
	at com.kms.katalon.core.main.TestCaseExecutor.accessMainPhase(TestCaseExecutor.java:410)
	at com.kms.katalon.core.main.TestCaseExecutor.execute(TestCaseExecutor.java:285)
	at com.kms.katalon.core.common.CommonExecutor.accessTestCaseMainPhase(CommonExecutor.java:65)
	at com.kms.katalon.core.main.TestSuiteExecutor.accessTestSuiteMainPhase(TestSuiteExecutor.java:148)
	at com.kms.katalon.core.main.TestSuiteExecutor.execute(TestSuiteExecutor.java:106)
	at com.kms.katalon.core.main.TestCaseMain.startTestSuite(TestCaseMain.java:180)
	at TempTestSuite1706720213989.run(TempTestSuite1706720213989.groovy:36)
	at java.base/jdk.internal.reflect.NativeMethodAccessorImpl.invoke0(Native Method)
	at java.base/jdk.internal.reflect.NativeMethodAccessorImpl.invoke(NativeMethodAccessorImpl.java:77)
	at java.base/jdk.internal.reflect.DelegatingMethodAccessorImpl.invoke(DelegatingMethodAccessorImpl.java:43)
)
[[ATTACHMENT|C:\\Users\\Careca Delas\\Documents\\GitHub\\Oasis-Project\\Reports\\20240131_165653\\ESO\\TS005 - DDT\\20240131_165653\\1706720371995.png]]

31-01-2024T16:59:37 - [MESSAGE][PASSED] - Refresh successfully

31-01-2024T16:59:43 - [MESSAGE][PASSED] - Object: 'Object Repository/ESO/Page_Home/i_fa fa-search' is clicked on

31-01-2024T16:59:47 - [MESSAGE][PASSED] - Object 'Object Repository/ESO/Page_Home/inputsearchBox' is visible

31-01-2024T16:59:47 - [MESSAGE][PASSED] - helpers.Misc.OpenSearchBar is PASSED

31-01-2024T16:59:47 - [TEST_STEP][PASSED] - delay(1): Delayed 1 second(s)

31-01-2024T16:59:48 - [MESSAGE][PASSED] - Delayed 1 second(s)

31-01-2024T16:59:48 - [TEST_STEP][PASSED] - setText(findTestObject("Object Repository/ESO/Page_Home/inputsearchBox"), Class_Name): Text 'Nightblade' is set on object 'Object Repository/ESO/Page_Home/inputsearchBox'

31-01-2024T16:59:55 - [MESSAGE][PASSED] - Text 'Nightblade' is set on object 'Object Repository/ESO/Page_Home/inputsearchBox'

31-01-2024T16:59:55 - [TEST_STEP][PASSED] - sendKeys(findTestObject("Object Repository/ESO/Page_Home/inputsearchBox"), Keys.chord(ENTER)): Keys 'ENTER + ' sent to object: 'Object Repository/ESO/Page_Home/inputsearchBox'

31-01-2024T16:59:57 - [MESSAGE][PASSED] - Keys 'ENTER + ' sent to object: 'Object Repository/ESO/Page_Home/inputsearchBox'

31-01-2024T16:59:57 - [TEST_STEP][PASSED] - closeBrowser(): Browser is closed

31-01-2024T17:00:01 - [MESSAGE][PASSED] - Browser is closed]]></system-out>
         <system-err><![CDATA[]]></system-err>
      </testcase>
      <testcase name="Test Cases/Data-Driven/DD001 - Class Help" time="82.879" classname="Test Cases/Data-Driven/DD001 - Class Help" status="PASSED">
         <system-out><![CDATA[31-01-2024T17:00:01 - [TEST_CASE][PASSED] - Test Cases/Data-Driven/DD001 - Class Help: Test Cases/Data-Driven/DD001 - Class Help

31-01-2024T17:00:01 - [TEST_STEP][PASSED] - callTestCase(findTestCase("ESO/Misc Tests/Open ESO Page"), [:], STOP_ON_FAILURE): Call Test Case 'Test Cases/ESO/Misc Tests/Open ESO Page' successfully

31-01-2024T17:00:01 - [TEST_CASE][PASSED] - Test Cases/ESO/Misc Tests/Open ESO Page: Test Cases/ESO/Misc Tests/Open ESO Page

31-01-2024T17:00:01 - [TEST_STEP][PASSED] - openBrowser(""): Browser is opened with url: ''

31-01-2024T17:00:01 - [MESSAGE][INFO] - User set preference: ['os', 'windows']

31-01-2024T17:00:01 - [MESSAGE][INFO] - User set preference: ['browserName', 'chrome']

31-01-2024T17:00:01 - [MESSAGE][INFO] - User set preference: ['browserVersion', '120']

31-01-2024T17:00:01 - [MESSAGE][INFO] - User set preference: ['katalon:option', '{organizationId=1380540, tunnelId=, usingTunnel=false}']

31-01-2024T17:00:01 - [MESSAGE][INFO] - Connecting to remote web server 'testcloud.katalon.com/hub' with type 'Selenium'

31-01-2024T17:00:01 - [MESSAGE][INFO] - Action delay is set to 0 milliseconds

31-01-2024T17:00:39 - [MESSAGE][PASSED] - Browser is opened with url: ''

31-01-2024T17:00:39 - [TEST_STEP][PASSED] - maximizeWindow(): Current window maximized

31-01-2024T17:00:40 - [MESSAGE][PASSED] - Current window maximized

31-01-2024T17:00:40 - [TEST_STEP][PASSED] - navigateToUrl("https://www.elderscrollsonline.com/en-us/home"): Navigate to 'https://www.elderscrollsonline.com/en-us/home' successfully

31-01-2024T17:00:45 - [MESSAGE][PASSED] - Navigate to 'https://www.elderscrollsonline.com/en-us/home' successfully

31-01-2024T17:00:45 - [TEST_STEP][PASSED] - delay(3): Delayed 3 second(s)

31-01-2024T17:00:48 - [MESSAGE][PASSED] - Delayed 3 second(s)

31-01-2024T17:00:48 - [TEST_STEP][PASSED] - verifyElementPresent(findTestObject("Object Repository/ESO/Page_Home/a_The Elder Scrolls  Online"), 0): Object 'Object Repository/ESO/Page_Home/a_The Elder Scrolls  Online' is present

31-01-2024T17:00:49 - [MESSAGE][WARNING] - Timeout '0' is invalid. Using default page load timeout: '30'

31-01-2024T17:00:56 - [MESSAGE][PASSED] - Object 'Object Repository/ESO/Page_Home/a_The Elder Scrolls  Online' is present

31-01-2024T17:00:56 - [TEST_STEP][PASSED] - callTestCase(findTestCase("ESO/Misc Tests/Policy Accept"), [:], STOP_ON_FAILURE): Call Test Case 'Test Cases/ESO/Misc Tests/Policy Accept' successfully

31-01-2024T17:00:56 - [TEST_CASE][PASSED] - Test Cases/ESO/Misc Tests/Policy Accept: Test Cases/ESO/Misc Tests/Policy Accept

31-01-2024T17:00:56 - [TEST_STEP][PASSED] - verifyElementPresent(findTestObject("Object Repository/ESO/Page_Home/div_Policy"), 0): Object 'Object Repository/ESO/Page_Home/div_Policy' is present

31-01-2024T17:00:56 - [MESSAGE][WARNING] - Timeout '0' is invalid. Using default page load timeout: '30'

31-01-2024T17:00:59 - [MESSAGE][PASSED] - Object 'Object Repository/ESO/Page_Home/div_Policy' is present

31-01-2024T17:00:59 - [TEST_STEP][PASSED] - click(findTestObject("Object Repository/ESO/Page_Home/button_ACCEPT ALL")): Object: 'Object Repository/ESO/Page_Home/button_ACCEPT ALL' is clicked on

31-01-2024T17:01:02 - [MESSAGE][PASSED] - Object: 'Object Repository/ESO/Page_Home/button_ACCEPT ALL' is clicked on

31-01-2024T17:01:02 - [MESSAGE][PASSED] - Call Test Case 'Test Cases/ESO/Misc Tests/Policy Accept' successfully

31-01-2024T17:01:02 - [MESSAGE][PASSED] - Call Test Case 'Test Cases/ESO/Misc Tests/Open ESO Page' successfully

31-01-2024T17:01:02 - [TEST_STEP][PASSED] - helpers.Misc.OpenSearchBar(): helpers.Misc.OpenSearchBar is PASSED

31-01-2024T17:01:07 - [MESSAGE][PASSED] - Object: 'Object Repository/ESO/Page_Home/i_fa fa-search' is clicked on

31-01-2024T17:01:10 - [MESSAGE][PASSED] - Object 'Object Repository/ESO/Page_Home/inputsearchBox' is visible

31-01-2024T17:01:10 - [MESSAGE][PASSED] - helpers.Misc.OpenSearchBar is PASSED

31-01-2024T17:01:10 - [TEST_STEP][PASSED] - delay(1): Delayed 1 second(s)

31-01-2024T17:01:11 - [MESSAGE][PASSED] - Delayed 1 second(s)

31-01-2024T17:01:11 - [TEST_STEP][PASSED] - setText(findTestObject("Object Repository/ESO/Page_Home/inputsearchBox"), Class_Name): Text 'Sorcerer' is set on object 'Object Repository/ESO/Page_Home/inputsearchBox'

31-01-2024T17:01:17 - [MESSAGE][PASSED] - Text 'Sorcerer' is set on object 'Object Repository/ESO/Page_Home/inputsearchBox'

31-01-2024T17:01:17 - [TEST_STEP][PASSED] - sendKeys(findTestObject("Object Repository/ESO/Page_Home/inputsearchBox"), Keys.chord(ENTER)): Keys 'ENTER + ' sent to object: 'Object Repository/ESO/Page_Home/inputsearchBox'

31-01-2024T17:01:21 - [MESSAGE][PASSED] - Keys 'ENTER + ' sent to object: 'Object Repository/ESO/Page_Home/inputsearchBox'

31-01-2024T17:01:21 - [TEST_STEP][PASSED] - closeBrowser(): Browser is closed

31-01-2024T17:01:24 - [MESSAGE][PASSED] - Browser is closed]]></system-out>
         <system-err><![CDATA[]]></system-err>
      </testcase>
      <testcase name="Test Cases/Data-Driven/DD001 - Class Help" time="72.591" classname="Test Cases/Data-Driven/DD001 - Class Help" status="PASSED">
         <system-out><![CDATA[31-01-2024T17:01:24 - [TEST_CASE][PASSED] - Test Cases/Data-Driven/DD001 - Class Help: Test Cases/Data-Driven/DD001 - Class Help

31-01-2024T17:01:24 - [TEST_STEP][PASSED] - callTestCase(findTestCase("ESO/Misc Tests/Open ESO Page"), [:], STOP_ON_FAILURE): Call Test Case 'Test Cases/ESO/Misc Tests/Open ESO Page' successfully

31-01-2024T17:01:24 - [TEST_CASE][PASSED] - Test Cases/ESO/Misc Tests/Open ESO Page: Test Cases/ESO/Misc Tests/Open ESO Page

31-01-2024T17:01:24 - [TEST_STEP][PASSED] - openBrowser(""): Browser is opened with url: ''

31-01-2024T17:01:24 - [MESSAGE][INFO] - User set preference: ['os', 'windows']

31-01-2024T17:01:24 - [MESSAGE][INFO] - User set preference: ['browserName', 'chrome']

31-01-2024T17:01:24 - [MESSAGE][INFO] - User set preference: ['browserVersion', '120']

31-01-2024T17:01:24 - [MESSAGE][INFO] - User set preference: ['katalon:option', '{organizationId=1380540, tunnelId=, usingTunnel=false}']

31-01-2024T17:01:24 - [MESSAGE][INFO] - Connecting to remote web server 'testcloud.katalon.com/hub' with type 'Selenium'

31-01-2024T17:01:24 - [MESSAGE][INFO] - Action delay is set to 0 milliseconds

31-01-2024T17:01:57 - [MESSAGE][PASSED] - Browser is opened with url: ''

31-01-2024T17:01:57 - [TEST_STEP][PASSED] - maximizeWindow(): Current window maximized

31-01-2024T17:01:58 - [MESSAGE][PASSED] - Current window maximized

31-01-2024T17:01:58 - [TEST_STEP][PASSED] - navigateToUrl("https://www.elderscrollsonline.com/en-us/home"): Navigate to 'https://www.elderscrollsonline.com/en-us/home' successfully

31-01-2024T17:02:04 - [MESSAGE][PASSED] - Navigate to 'https://www.elderscrollsonline.com/en-us/home' successfully

31-01-2024T17:02:04 - [TEST_STEP][PASSED] - delay(3): Delayed 3 second(s)

31-01-2024T17:02:07 - [MESSAGE][PASSED] - Delayed 3 second(s)

31-01-2024T17:02:07 - [TEST_STEP][PASSED] - verifyElementPresent(findTestObject("Object Repository/ESO/Page_Home/a_The Elder Scrolls  Online"), 0): Object 'Object Repository/ESO/Page_Home/a_The Elder Scrolls  Online' is present

31-01-2024T17:02:07 - [MESSAGE][WARNING] - Timeout '0' is invalid. Using default page load timeout: '30'

31-01-2024T17:02:11 - [MESSAGE][PASSED] - Object 'Object Repository/ESO/Page_Home/a_The Elder Scrolls  Online' is present

31-01-2024T17:02:11 - [TEST_STEP][PASSED] - callTestCase(findTestCase("ESO/Misc Tests/Policy Accept"), [:], STOP_ON_FAILURE): Call Test Case 'Test Cases/ESO/Misc Tests/Policy Accept' successfully

31-01-2024T17:02:11 - [TEST_CASE][PASSED] - Test Cases/ESO/Misc Tests/Policy Accept: Test Cases/ESO/Misc Tests/Policy Accept

31-01-2024T17:02:11 - [TEST_STEP][PASSED] - verifyElementPresent(findTestObject("Object Repository/ESO/Page_Home/div_Policy"), 0): Object 'Object Repository/ESO/Page_Home/div_Policy' is present

31-01-2024T17:02:11 - [MESSAGE][WARNING] - Timeout '0' is invalid. Using default page load timeout: '30'

31-01-2024T17:02:13 - [MESSAGE][PASSED] - Object 'Object Repository/ESO/Page_Home/div_Policy' is present

31-01-2024T17:02:13 - [TEST_STEP][PASSED] - click(findTestObject("Object Repository/ESO/Page_Home/button_ACCEPT ALL")): Object: 'Object Repository/ESO/Page_Home/button_ACCEPT ALL' is clicked on

31-01-2024T17:02:17 - [MESSAGE][PASSED] - Object: 'Object Repository/ESO/Page_Home/button_ACCEPT ALL' is clicked on

31-01-2024T17:02:17 - [MESSAGE][PASSED] - Call Test Case 'Test Cases/ESO/Misc Tests/Policy Accept' successfully

31-01-2024T17:02:17 - [MESSAGE][PASSED] - Call Test Case 'Test Cases/ESO/Misc Tests/Open ESO Page' successfully

31-01-2024T17:02:17 - [TEST_STEP][PASSED] - helpers.Misc.OpenSearchBar(): helpers.Misc.OpenSearchBar is PASSED

31-01-2024T17:02:19 - [MESSAGE][PASSED] - Object: 'Object Repository/ESO/Page_Home/i_fa fa-search' is clicked on

31-01-2024T17:02:23 - [MESSAGE][PASSED] - Object 'Object Repository/ESO/Page_Home/inputsearchBox' is visible

31-01-2024T17:02:23 - [MESSAGE][PASSED] - helpers.Misc.OpenSearchBar is PASSED

31-01-2024T17:02:23 - [TEST_STEP][PASSED] - delay(1): Delayed 1 second(s)

31-01-2024T17:02:24 - [MESSAGE][PASSED] - Delayed 1 second(s)

31-01-2024T17:02:24 - [TEST_STEP][PASSED] - setText(findTestObject("Object Repository/ESO/Page_Home/inputsearchBox"), Class_Name): Text 'Dragonknight' is set on object 'Object Repository/ESO/Page_Home/inputsearchBox'

31-01-2024T17:02:31 - [MESSAGE][PASSED] - Text 'Dragonknight' is set on object 'Object Repository/ESO/Page_Home/inputsearchBox'

31-01-2024T17:02:31 - [TEST_STEP][PASSED] - sendKeys(findTestObject("Object Repository/ESO/Page_Home/inputsearchBox"), Keys.chord(ENTER)): Keys 'ENTER + ' sent to object: 'Object Repository/ESO/Page_Home/inputsearchBox'

31-01-2024T17:02:35 - [MESSAGE][PASSED] - Keys 'ENTER + ' sent to object: 'Object Repository/ESO/Page_Home/inputsearchBox'

31-01-2024T17:02:35 - [TEST_STEP][PASSED] - closeBrowser(): Browser is closed

31-01-2024T17:02:36 - [MESSAGE][PASSED] - Browser is closed]]></system-out>
         <system-err><![CDATA[]]></system-err>
      </testcase>
      <testcase name="Test Cases/Data-Driven/DD001 - Class Help" time="70.627" classname="Test Cases/Data-Driven/DD001 - Class Help" status="PASSED">
         <system-out><![CDATA[31-01-2024T17:02:36 - [TEST_CASE][PASSED] - Test Cases/Data-Driven/DD001 - Class Help: Test Cases/Data-Driven/DD001 - Class Help

31-01-2024T17:02:36 - [TEST_STEP][PASSED] - callTestCase(findTestCase("ESO/Misc Tests/Open ESO Page"), [:], STOP_ON_FAILURE): Call Test Case 'Test Cases/ESO/Misc Tests/Open ESO Page' successfully

31-01-2024T17:02:37 - [TEST_CASE][PASSED] - Test Cases/ESO/Misc Tests/Open ESO Page: Test Cases/ESO/Misc Tests/Open ESO Page

31-01-2024T17:02:37 - [TEST_STEP][PASSED] - openBrowser(""): Browser is opened with url: ''

31-01-2024T17:02:37 - [MESSAGE][INFO] - User set preference: ['os', 'windows']

31-01-2024T17:02:37 - [MESSAGE][INFO] - User set preference: ['browserName', 'chrome']

31-01-2024T17:02:37 - [MESSAGE][INFO] - User set preference: ['browserVersion', '120']

31-01-2024T17:02:37 - [MESSAGE][INFO] - User set preference: ['katalon:option', '{organizationId=1380540, tunnelId=, usingTunnel=false}']

31-01-2024T17:02:37 - [MESSAGE][INFO] - Connecting to remote web server 'testcloud.katalon.com/hub' with type 'Selenium'

31-01-2024T17:02:37 - [MESSAGE][INFO] - Action delay is set to 0 milliseconds

31-01-2024T17:03:04 - [MESSAGE][PASSED] - Browser is opened with url: ''

31-01-2024T17:03:04 - [TEST_STEP][PASSED] - maximizeWindow(): Current window maximized

31-01-2024T17:03:05 - [MESSAGE][PASSED] - Current window maximized

31-01-2024T17:03:05 - [TEST_STEP][PASSED] - navigateToUrl("https://www.elderscrollsonline.com/en-us/home"): Navigate to 'https://www.elderscrollsonline.com/en-us/home' successfully

31-01-2024T17:03:11 - [MESSAGE][PASSED] - Navigate to 'https://www.elderscrollsonline.com/en-us/home' successfully

31-01-2024T17:03:11 - [TEST_STEP][PASSED] - delay(3): Delayed 3 second(s)

31-01-2024T17:03:14 - [MESSAGE][PASSED] - Delayed 3 second(s)

31-01-2024T17:03:14 - [TEST_STEP][PASSED] - verifyElementPresent(findTestObject("Object Repository/ESO/Page_Home/a_The Elder Scrolls  Online"), 0): Object 'Object Repository/ESO/Page_Home/a_The Elder Scrolls  Online' is present

31-01-2024T17:03:14 - [MESSAGE][WARNING] - Timeout '0' is invalid. Using default page load timeout: '30'

31-01-2024T17:03:18 - [MESSAGE][PASSED] - Object 'Object Repository/ESO/Page_Home/a_The Elder Scrolls  Online' is present

31-01-2024T17:03:18 - [TEST_STEP][PASSED] - callTestCase(findTestCase("ESO/Misc Tests/Policy Accept"), [:], STOP_ON_FAILURE): Call Test Case 'Test Cases/ESO/Misc Tests/Policy Accept' successfully

31-01-2024T17:03:18 - [TEST_CASE][PASSED] - Test Cases/ESO/Misc Tests/Policy Accept: Test Cases/ESO/Misc Tests/Policy Accept

31-01-2024T17:03:18 - [TEST_STEP][PASSED] - verifyElementPresent(findTestObject("Object Repository/ESO/Page_Home/div_Policy"), 0): Object 'Object Repository/ESO/Page_Home/div_Policy' is present

31-01-2024T17:03:18 - [MESSAGE][WARNING] - Timeout '0' is invalid. Using default page load timeout: '30'

31-01-2024T17:03:20 - [MESSAGE][PASSED] - Object 'Object Repository/ESO/Page_Home/div_Policy' is present

31-01-2024T17:03:20 - [TEST_STEP][PASSED] - click(findTestObject("Object Repository/ESO/Page_Home/button_ACCEPT ALL")): Object: 'Object Repository/ESO/Page_Home/button_ACCEPT ALL' is clicked on

31-01-2024T17:03:24 - [MESSAGE][PASSED] - Object: 'Object Repository/ESO/Page_Home/button_ACCEPT ALL' is clicked on

31-01-2024T17:03:24 - [MESSAGE][PASSED] - Call Test Case 'Test Cases/ESO/Misc Tests/Policy Accept' successfully

31-01-2024T17:03:24 - [MESSAGE][PASSED] - Call Test Case 'Test Cases/ESO/Misc Tests/Open ESO Page' successfully

31-01-2024T17:03:24 - [TEST_STEP][PASSED] - helpers.Misc.OpenSearchBar(): helpers.Misc.OpenSearchBar is PASSED

31-01-2024T17:03:28 - [MESSAGE][PASSED] - Object: 'Object Repository/ESO/Page_Home/i_fa fa-search' is clicked on

31-01-2024T17:03:31 - [MESSAGE][PASSED] - Object 'Object Repository/ESO/Page_Home/inputsearchBox' is visible

31-01-2024T17:03:31 - [MESSAGE][PASSED] - helpers.Misc.OpenSearchBar is PASSED

31-01-2024T17:03:31 - [TEST_STEP][PASSED] - delay(1): Delayed 1 second(s)

31-01-2024T17:03:32 - [MESSAGE][PASSED] - Delayed 1 second(s)

31-01-2024T17:03:32 - [TEST_STEP][PASSED] - setText(findTestObject("Object Repository/ESO/Page_Home/inputsearchBox"), Class_Name): Text 'Warden' is set on object 'Object Repository/ESO/Page_Home/inputsearchBox'

31-01-2024T17:03:39 - [MESSAGE][PASSED] - Text 'Warden' is set on object 'Object Repository/ESO/Page_Home/inputsearchBox'

31-01-2024T17:03:39 - [TEST_STEP][PASSED] - sendKeys(findTestObject("Object Repository/ESO/Page_Home/inputsearchBox"), Keys.chord(ENTER)): Keys 'ENTER + ' sent to object: 'Object Repository/ESO/Page_Home/inputsearchBox'

31-01-2024T17:03:43 - [MESSAGE][PASSED] - Keys 'ENTER + ' sent to object: 'Object Repository/ESO/Page_Home/inputsearchBox'

31-01-2024T17:03:43 - [TEST_STEP][PASSED] - closeBrowser(): Browser is closed

31-01-2024T17:03:47 - [MESSAGE][PASSED] - Browser is closed]]></system-out>
         <system-err><![CDATA[]]></system-err>
      </testcase>
      <testcase name="Test Cases/Data-Driven/DD001 - Class Help" time="100.832" classname="Test Cases/Data-Driven/DD001 - Class Help" status="PASSED">
         <system-out><![CDATA[31-01-2024T17:03:47 - [TEST_CASE][PASSED] - Test Cases/Data-Driven/DD001 - Class Help: Test Cases/Data-Driven/DD001 - Class Help

31-01-2024T17:03:47 - [TEST_STEP][PASSED] - callTestCase(findTestCase("ESO/Misc Tests/Open ESO Page"), [:], STOP_ON_FAILURE): Call Test Case 'Test Cases/ESO/Misc Tests/Open ESO Page' successfully

31-01-2024T17:03:47 - [TEST_CASE][PASSED] - Test Cases/ESO/Misc Tests/Open ESO Page: Test Cases/ESO/Misc Tests/Open ESO Page

31-01-2024T17:03:47 - [TEST_STEP][PASSED] - openBrowser(""): Browser is opened with url: ''

31-01-2024T17:03:47 - [MESSAGE][INFO] - User set preference: ['os', 'windows']

31-01-2024T17:03:47 - [MESSAGE][INFO] - User set preference: ['browserName', 'chrome']

31-01-2024T17:03:47 - [MESSAGE][INFO] - User set preference: ['browserVersion', '120']

31-01-2024T17:03:47 - [MESSAGE][INFO] - User set preference: ['katalon:option', '{organizationId=1380540, tunnelId=, usingTunnel=false}']

31-01-2024T17:03:47 - [MESSAGE][INFO] - Connecting to remote web server 'testcloud.katalon.com/hub' with type 'Selenium'

31-01-2024T17:03:47 - [MESSAGE][INFO] - Action delay is set to 0 milliseconds

31-01-2024T17:04:15 - [MESSAGE][PASSED] - Browser is opened with url: ''

31-01-2024T17:04:15 - [TEST_STEP][PASSED] - maximizeWindow(): Current window maximized

31-01-2024T17:04:16 - [MESSAGE][PASSED] - Current window maximized

31-01-2024T17:04:16 - [TEST_STEP][PASSED] - navigateToUrl("https://www.elderscrollsonline.com/en-us/home"): Navigate to 'https://www.elderscrollsonline.com/en-us/home' successfully

31-01-2024T17:04:22 - [MESSAGE][PASSED] - Navigate to 'https://www.elderscrollsonline.com/en-us/home' successfully

31-01-2024T17:04:22 - [TEST_STEP][PASSED] - delay(3): Delayed 3 second(s)

31-01-2024T17:04:25 - [MESSAGE][PASSED] - Delayed 3 second(s)

31-01-2024T17:04:25 - [TEST_STEP][PASSED] - verifyElementPresent(findTestObject("Object Repository/ESO/Page_Home/a_The Elder Scrolls  Online"), 0): Object 'Object Repository/ESO/Page_Home/a_The Elder Scrolls  Online' is present

31-01-2024T17:04:25 - [MESSAGE][WARNING] - Timeout '0' is invalid. Using default page load timeout: '30'

31-01-2024T17:04:31 - [MESSAGE][PASSED] - Object 'Object Repository/ESO/Page_Home/a_The Elder Scrolls  Online' is present

31-01-2024T17:04:31 - [TEST_STEP][PASSED] - callTestCase(findTestCase("ESO/Misc Tests/Policy Accept"), [:], STOP_ON_FAILURE): Call Test Case 'Test Cases/ESO/Misc Tests/Policy Accept' successfully

31-01-2024T17:04:31 - [TEST_CASE][PASSED] - Test Cases/ESO/Misc Tests/Policy Accept: Test Cases/ESO/Misc Tests/Policy Accept

31-01-2024T17:04:31 - [TEST_STEP][PASSED] - verifyElementPresent(findTestObject("Object Repository/ESO/Page_Home/div_Policy"), 0): Object 'Object Repository/ESO/Page_Home/div_Policy' is present

31-01-2024T17:04:31 - [MESSAGE][WARNING] - Timeout '0' is invalid. Using default page load timeout: '30'

31-01-2024T17:04:33 - [MESSAGE][PASSED] - Object 'Object Repository/ESO/Page_Home/div_Policy' is present

31-01-2024T17:04:33 - [TEST_STEP][PASSED] - click(findTestObject("Object Repository/ESO/Page_Home/button_ACCEPT ALL")): Object: 'Object Repository/ESO/Page_Home/button_ACCEPT ALL' is clicked on

31-01-2024T17:04:36 - [MESSAGE][PASSED] - Object: 'Object Repository/ESO/Page_Home/button_ACCEPT ALL' is clicked on

31-01-2024T17:04:36 - [MESSAGE][PASSED] - Call Test Case 'Test Cases/ESO/Misc Tests/Policy Accept' successfully

31-01-2024T17:04:36 - [MESSAGE][PASSED] - Call Test Case 'Test Cases/ESO/Misc Tests/Open ESO Page' successfully

31-01-2024T17:04:36 - [TEST_STEP][PASSED] - helpers.Misc.OpenSearchBar(): helpers.Misc.OpenSearchBar is PASSED

31-01-2024T17:04:39 - [MESSAGE][PASSED] - Object: 'Object Repository/ESO/Page_Home/i_fa fa-search' is clicked on

31-01-2024T17:04:47 - [MESSAGE][WARNING] - Object 'Object Repository/ESO/Page_Home/inputsearchBox' is NOT visible (Root cause: com.kms.katalon.core.exception.StepFailedException: Object 'Object Repository/ESO/Page_Home/inputsearchBox' is NOT visible
	at com.kms.katalon.core.webui.keyword.internal.WebUIKeywordMain.stepFailed(WebUIKeywordMain.groovy:64)
	at com.kms.katalon.core.webui.keyword.builtin.VerifyElementVisibleKeyword$_verifyElementVisible_closure1.doCall(VerifyElementVisibleKeyword.groovy:83)
	at com.kms.katalon.core.webui.keyword.builtin.VerifyElementVisibleKeyword$_verifyElementVisible_closure1.call(VerifyElementVisibleKeyword.groovy)
	at com.kms.katalon.core.webui.keyword.internal.WebUIKeywordMain.runKeyword(WebUIKeywordMain.groovy:20)
	at com.kms.katalon.core.webui.keyword.builtin.VerifyElementVisibleKeyword.verifyElementVisible(VerifyElementVisibleKeyword.groovy:97)
	at com.kms.katalon.core.webui.keyword.builtin.VerifyElementVisibleKeyword.execute(VerifyElementVisibleKeyword.groovy:67)
	at com.kms.katalon.core.keyword.internal.KeywordExecutor.executeKeywordForPlatform(KeywordExecutor.groovy:74)
	at com.kms.katalon.core.webui.keyword.WebUiBuiltInKeywords.verifyElementVisible(WebUiBuiltInKeywords.groovy:401)
	at helpers.Misc.OpenSearchBar(Misc.groovy:41)
	at java.base/jdk.internal.reflect.NativeMethodAccessorImpl.invoke0(Native Method)
	at java.base/jdk.internal.reflect.NativeMethodAccessorImpl.invoke(NativeMethodAccessorImpl.java:77)
	at java.base/jdk.internal.reflect.DelegatingMethodAccessorImpl.invoke(DelegatingMethodAccessorImpl.java:43)
	at com.kms.katalon.core.main.CustomKeywordDelegatingMetaClass.invokeStaticMethod(CustomKeywordDelegatingMetaClass.java:55)
	at DD001 - Class Help.run(DD001 - Class Help:22)
	at com.kms.katalon.core.main.ScriptEngine.run(ScriptEngine.java:194)
	at com.kms.katalon.core.main.ScriptEngine.runScriptAsRawText(ScriptEngine.java:119)
	at com.kms.katalon.core.main.TestCaseExecutor.runScript(TestCaseExecutor.java:448)
	at com.kms.katalon.core.main.TestCaseExecutor.doExecute(TestCaseExecutor.java:439)
	at com.kms.katalon.core.main.TestCaseExecutor.processExecutionPhase(TestCaseExecutor.java:418)
	at com.kms.katalon.core.main.TestCaseExecutor.accessMainPhase(TestCaseExecutor.java:410)
	at com.kms.katalon.core.main.TestCaseExecutor.execute(TestCaseExecutor.java:285)
	at com.kms.katalon.core.common.CommonExecutor.accessTestCaseMainPhase(CommonExecutor.java:65)
	at com.kms.katalon.core.main.TestSuiteExecutor.accessTestSuiteMainPhase(TestSuiteExecutor.java:148)
	at com.kms.katalon.core.main.TestSuiteExecutor.execute(TestSuiteExecutor.java:106)
	at com.kms.katalon.core.main.TestCaseMain.startTestSuite(TestCaseMain.java:180)
	at TempTestSuite1706720213989.run(TempTestSuite1706720213989.groovy:36)
	at java.base/jdk.internal.reflect.NativeMethodAccessorImpl.invoke0(Native Method)
	at java.base/jdk.internal.reflect.NativeMethodAccessorImpl.invoke(NativeMethodAccessorImpl.java:77)
	at java.base/jdk.internal.reflect.DelegatingMethodAccessorImpl.invoke(DelegatingMethodAccessorImpl.java:43)
)
[[ATTACHMENT|C:\\Users\\Careca Delas\\Documents\\GitHub\\Oasis-Project\\Reports\\20240131_165653\\ESO\\TS005 - DDT\\20240131_165653\\1706720682449.png]]

31-01-2024T17:04:50 - [MESSAGE][PASSED] - Refresh successfully

31-01-2024T17:04:54 - [MESSAGE][PASSED] - Object: 'Object Repository/ESO/Page_Home/i_fa fa-search' is clicked on

31-01-2024T17:05:01 - [MESSAGE][WARNING] - Object 'Object Repository/ESO/Page_Home/inputsearchBox' is NOT visible (Root cause: com.kms.katalon.core.exception.StepFailedException: Object 'Object Repository/ESO/Page_Home/inputsearchBox' is NOT visible
	at com.kms.katalon.core.webui.keyword.internal.WebUIKeywordMain.stepFailed(WebUIKeywordMain.groovy:64)
	at com.kms.katalon.core.webui.keyword.builtin.VerifyElementVisibleKeyword$_verifyElementVisible_closure1.doCall(VerifyElementVisibleKeyword.groovy:83)
	at com.kms.katalon.core.webui.keyword.builtin.VerifyElementVisibleKeyword$_verifyElementVisible_closure1.call(VerifyElementVisibleKeyword.groovy)
	at com.kms.katalon.core.webui.keyword.internal.WebUIKeywordMain.runKeyword(WebUIKeywordMain.groovy:20)
	at com.kms.katalon.core.webui.keyword.builtin.VerifyElementVisibleKeyword.verifyElementVisible(VerifyElementVisibleKeyword.groovy:97)
	at com.kms.katalon.core.webui.keyword.builtin.VerifyElementVisibleKeyword.execute(VerifyElementVisibleKeyword.groovy:67)
	at com.kms.katalon.core.keyword.internal.KeywordExecutor.executeKeywordForPlatform(KeywordExecutor.groovy:74)
	at com.kms.katalon.core.webui.keyword.WebUiBuiltInKeywords.verifyElementVisible(WebUiBuiltInKeywords.groovy:401)
	at helpers.Misc.OpenSearchBar(Misc.groovy:41)
	at java.base/jdk.internal.reflect.NativeMethodAccessorImpl.invoke0(Native Method)
	at java.base/jdk.internal.reflect.NativeMethodAccessorImpl.invoke(NativeMethodAccessorImpl.java:77)
	at java.base/jdk.internal.reflect.DelegatingMethodAccessorImpl.invoke(DelegatingMethodAccessorImpl.java:43)
	at com.kms.katalon.core.main.CustomKeywordDelegatingMetaClass.invokeStaticMethod(CustomKeywordDelegatingMetaClass.java:55)
	at DD001 - Class Help.run(DD001 - Class Help:22)
	at com.kms.katalon.core.main.ScriptEngine.run(ScriptEngine.java:194)
	at com.kms.katalon.core.main.ScriptEngine.runScriptAsRawText(ScriptEngine.java:119)
	at com.kms.katalon.core.main.TestCaseExecutor.runScript(TestCaseExecutor.java:448)
	at com.kms.katalon.core.main.TestCaseExecutor.doExecute(TestCaseExecutor.java:439)
	at com.kms.katalon.core.main.TestCaseExecutor.processExecutionPhase(TestCaseExecutor.java:418)
	at com.kms.katalon.core.main.TestCaseExecutor.accessMainPhase(TestCaseExecutor.java:410)
	at com.kms.katalon.core.main.TestCaseExecutor.execute(TestCaseExecutor.java:285)
	at com.kms.katalon.core.common.CommonExecutor.accessTestCaseMainPhase(CommonExecutor.java:65)
	at com.kms.katalon.core.main.TestSuiteExecutor.accessTestSuiteMainPhase(TestSuiteExecutor.java:148)
	at com.kms.katalon.core.main.TestSuiteExecutor.execute(TestSuiteExecutor.java:106)
	at com.kms.katalon.core.main.TestCaseMain.startTestSuite(TestCaseMain.java:180)
	at TempTestSuite1706720213989.run(TempTestSuite1706720213989.groovy:36)
	at java.base/jdk.internal.reflect.NativeMethodAccessorImpl.invoke0(Native Method)
	at java.base/jdk.internal.reflect.NativeMethodAccessorImpl.invoke(NativeMethodAccessorImpl.java:77)
	at java.base/jdk.internal.reflect.DelegatingMethodAccessorImpl.invoke(DelegatingMethodAccessorImpl.java:43)
)
[[ATTACHMENT|C:\\Users\\Careca Delas\\Documents\\GitHub\\Oasis-Project\\Reports\\20240131_165653\\ESO\\TS005 - DDT\\20240131_165653\\1706720698217.png]]

31-01-2024T17:05:03 - [MESSAGE][PASSED] - Refresh successfully

31-01-2024T17:05:07 - [MESSAGE][PASSED] - Object: 'Object Repository/ESO/Page_Home/i_fa fa-search' is clicked on

31-01-2024T17:05:11 - [MESSAGE][PASSED] - Object 'Object Repository/ESO/Page_Home/inputsearchBox' is visible

31-01-2024T17:05:11 - [MESSAGE][PASSED] - helpers.Misc.OpenSearchBar is PASSED

31-01-2024T17:05:11 - [TEST_STEP][PASSED] - delay(1): Delayed 1 second(s)

31-01-2024T17:05:12 - [MESSAGE][PASSED] - Delayed 1 second(s)

31-01-2024T17:05:12 - [TEST_STEP][PASSED] - setText(findTestObject("Object Repository/ESO/Page_Home/inputsearchBox"), Class_Name): Text 'Necromancer' is set on object 'Object Repository/ESO/Page_Home/inputsearchBox'

31-01-2024T17:05:22 - [MESSAGE][PASSED] - Text 'Necromancer' is set on object 'Object Repository/ESO/Page_Home/inputsearchBox'

31-01-2024T17:05:22 - [TEST_STEP][PASSED] - sendKeys(findTestObject("Object Repository/ESO/Page_Home/inputsearchBox"), Keys.chord(ENTER)): Keys 'ENTER + ' sent to object: 'Object Repository/ESO/Page_Home/inputsearchBox'

31-01-2024T17:05:25 - [MESSAGE][PASSED] - Keys 'ENTER + ' sent to object: 'Object Repository/ESO/Page_Home/inputsearchBox'

31-01-2024T17:05:25 - [TEST_STEP][PASSED] - closeBrowser(): Browser is closed

31-01-2024T17:05:28 - [MESSAGE][PASSED] - Browser is closed]]></system-out>
         <system-err><![CDATA[]]></system-err>
      </testcase>
      <testcase name="Test Cases/Data-Driven/DD001 - Class Help" time="70.279" classname="Test Cases/Data-Driven/DD001 - Class Help" status="PASSED">
         <system-out><![CDATA[31-01-2024T17:05:28 - [TEST_CASE][PASSED] - Test Cases/Data-Driven/DD001 - Class Help: Test Cases/Data-Driven/DD001 - Class Help

31-01-2024T17:05:28 - [TEST_STEP][PASSED] - callTestCase(findTestCase("ESO/Misc Tests/Open ESO Page"), [:], STOP_ON_FAILURE): Call Test Case 'Test Cases/ESO/Misc Tests/Open ESO Page' successfully

31-01-2024T17:05:28 - [TEST_CASE][PASSED] - Test Cases/ESO/Misc Tests/Open ESO Page: Test Cases/ESO/Misc Tests/Open ESO Page

31-01-2024T17:05:28 - [TEST_STEP][PASSED] - openBrowser(""): Browser is opened with url: ''

31-01-2024T17:05:28 - [MESSAGE][INFO] - User set preference: ['os', 'windows']

31-01-2024T17:05:28 - [MESSAGE][INFO] - User set preference: ['browserName', 'chrome']

31-01-2024T17:05:28 - [MESSAGE][INFO] - User set preference: ['browserVersion', '120']

31-01-2024T17:05:28 - [MESSAGE][INFO] - User set preference: ['katalon:option', '{organizationId=1380540, tunnelId=, usingTunnel=false}']

31-01-2024T17:05:28 - [MESSAGE][INFO] - Connecting to remote web server 'testcloud.katalon.com/hub' with type 'Selenium'

31-01-2024T17:05:28 - [MESSAGE][INFO] - Action delay is set to 0 milliseconds

31-01-2024T17:05:59 - [MESSAGE][PASSED] - Browser is opened with url: ''

31-01-2024T17:05:59 - [TEST_STEP][PASSED] - maximizeWindow(): Current window maximized

31-01-2024T17:06:00 - [MESSAGE][PASSED] - Current window maximized

31-01-2024T17:06:00 - [TEST_STEP][PASSED] - navigateToUrl("https://www.elderscrollsonline.com/en-us/home"): Navigate to 'https://www.elderscrollsonline.com/en-us/home' successfully

31-01-2024T17:06:06 - [MESSAGE][PASSED] - Navigate to 'https://www.elderscrollsonline.com/en-us/home' successfully

31-01-2024T17:06:06 - [TEST_STEP][PASSED] - delay(3): Delayed 3 second(s)

31-01-2024T17:06:09 - [MESSAGE][PASSED] - Delayed 3 second(s)

31-01-2024T17:06:09 - [TEST_STEP][PASSED] - verifyElementPresent(findTestObject("Object Repository/ESO/Page_Home/a_The Elder Scrolls  Online"), 0): Object 'Object Repository/ESO/Page_Home/a_The Elder Scrolls  Online' is present

31-01-2024T17:06:09 - [MESSAGE][WARNING] - Timeout '0' is invalid. Using default page load timeout: '30'

31-01-2024T17:06:12 - [MESSAGE][PASSED] - Object 'Object Repository/ESO/Page_Home/a_The Elder Scrolls  Online' is present

31-01-2024T17:06:12 - [TEST_STEP][PASSED] - callTestCase(findTestCase("ESO/Misc Tests/Policy Accept"), [:], STOP_ON_FAILURE): Call Test Case 'Test Cases/ESO/Misc Tests/Policy Accept' successfully

31-01-2024T17:06:12 - [TEST_CASE][PASSED] - Test Cases/ESO/Misc Tests/Policy Accept: Test Cases/ESO/Misc Tests/Policy Accept

31-01-2024T17:06:12 - [TEST_STEP][PASSED] - verifyElementPresent(findTestObject("Object Repository/ESO/Page_Home/div_Policy"), 0): Object 'Object Repository/ESO/Page_Home/div_Policy' is present

31-01-2024T17:06:12 - [MESSAGE][WARNING] - Timeout '0' is invalid. Using default page load timeout: '30'

31-01-2024T17:06:14 - [MESSAGE][PASSED] - Object 'Object Repository/ESO/Page_Home/div_Policy' is present

31-01-2024T17:06:14 - [TEST_STEP][PASSED] - click(findTestObject("Object Repository/ESO/Page_Home/button_ACCEPT ALL")): Object: 'Object Repository/ESO/Page_Home/button_ACCEPT ALL' is clicked on

31-01-2024T17:06:18 - [MESSAGE][PASSED] - Object: 'Object Repository/ESO/Page_Home/button_ACCEPT ALL' is clicked on

31-01-2024T17:06:18 - [MESSAGE][PASSED] - Call Test Case 'Test Cases/ESO/Misc Tests/Policy Accept' successfully

31-01-2024T17:06:18 - [MESSAGE][PASSED] - Call Test Case 'Test Cases/ESO/Misc Tests/Open ESO Page' successfully

31-01-2024T17:06:18 - [TEST_STEP][PASSED] - helpers.Misc.OpenSearchBar(): helpers.Misc.OpenSearchBar is PASSED

31-01-2024T17:06:20 - [MESSAGE][PASSED] - Object: 'Object Repository/ESO/Page_Home/i_fa fa-search' is clicked on

31-01-2024T17:06:25 - [MESSAGE][PASSED] - Object 'Object Repository/ESO/Page_Home/inputsearchBox' is visible

31-01-2024T17:06:25 - [MESSAGE][PASSED] - helpers.Misc.OpenSearchBar is PASSED

31-01-2024T17:06:25 - [TEST_STEP][PASSED] - delay(1): Delayed 1 second(s)

31-01-2024T17:06:26 - [MESSAGE][PASSED] - Delayed 1 second(s)

31-01-2024T17:06:26 - [TEST_STEP][PASSED] - setText(findTestObject("Object Repository/ESO/Page_Home/inputsearchBox"), Class_Name): Text 'Arcanist' is set on object 'Object Repository/ESO/Page_Home/inputsearchBox'

31-01-2024T17:06:33 - [MESSAGE][PASSED] - Text 'Arcanist' is set on object 'Object Repository/ESO/Page_Home/inputsearchBox'

31-01-2024T17:06:33 - [TEST_STEP][PASSED] - sendKeys(findTestObject("Object Repository/ESO/Page_Home/inputsearchBox"), Keys.chord(ENTER)): Keys 'ENTER + ' sent to object: 'Object Repository/ESO/Page_Home/inputsearchBox'

31-01-2024T17:06:35 - [MESSAGE][PASSED] - Keys 'ENTER + ' sent to object: 'Object Repository/ESO/Page_Home/inputsearchBox'

31-01-2024T17:06:35 - [TEST_STEP][PASSED] - closeBrowser(): Browser is closed

31-01-2024T17:06:38 - [MESSAGE][PASSED] - Browser is closed]]></system-out>
         <system-err><![CDATA[]]></system-err>
      </testcase>
      <testcase name="Test Cases/Data-Driven/DD002 - Meet the Companions" time="78.525" classname="Test Cases/Data-Driven/DD002 - Meet the Companions" status="FAILED">
         <failure type="FAILED" message="Test Cases/Data-Driven/DD002 - Meet the Companions FAILED.&#xa;Reason:&#xa;com.kms.katalon.core.exception.StepFailedException: Unable to verify text 'MEET THE CHARACTERSHARP-AS-NIGHT' is present &#xa;	at com.kms.katalon.core.webui.keyword.internal.WebUIKeywordMain.stepFailed(WebUIKeywordMain.groovy:64)&#xa;	at com.kms.katalon.core.webui.keyword.internal.WebUIKeywordMain.runKeyword(WebUIKeywordMain.groovy:26)&#xa;	at com.kms.katalon.core.webui.keyword.builtin.VerifyTextPresentKeyword.verifyTextPresent(VerifyTextPresentKeyword.groovy:83)&#xa;	at com.kms.katalon.core.webui.keyword.builtin.VerifyTextPresentKeyword.execute(VerifyTextPresentKeyword.groovy:68)&#xa;	at com.kms.katalon.core.keyword.internal.KeywordExecutor.executeKeywordForPlatform(KeywordExecutor.groovy:74)&#xa;	at com.kms.katalon.core.webui.keyword.WebUiBuiltInKeywords.verifyTextPresent(WebUiBuiltInKeywords.groovy:1762)&#xa;	at DD002 - Meet the Companions.run(DD002 - Meet the Companions:30)&#xa;	at com.kms.katalon.core.main.ScriptEngine.run(ScriptEngine.java:194)&#xa;	at com.kms.katalon.core.main.ScriptEngine.runScriptAsRawText(ScriptEngine.java:119)&#xa;	at com.kms.katalon.core.main.TestCaseExecutor.runScript(TestCaseExecutor.java:448)&#xa;	at com.kms.katalon.core.main.TestCaseExecutor.doExecute(TestCaseExecutor.java:439)&#xa;	at com.kms.katalon.core.main.TestCaseExecutor.processExecutionPhase(TestCaseExecutor.java:418)&#xa;	at com.kms.katalon.core.main.TestCaseExecutor.accessMainPhase(TestCaseExecutor.java:410)&#xa;	at com.kms.katalon.core.main.TestCaseExecutor.execute(TestCaseExecutor.java:285)&#xa;	at com.kms.katalon.core.main.TestCaseExecutor.execute(TestCaseExecutor.java:369)&#xa;	at com.kms.katalon.core.main.TestCaseExecutor.execute(TestCaseExecutor.java:369)&#xa;	at com.kms.katalon.core.main.TestCaseExecutor.execute(TestCaseExecutor.java:369)&#xa;	at com.kms.katalon.core.common.CommonExecutor.accessTestCaseMainPhase(CommonExecutor.java:65)&#xa;	at com.kms.katalon.core.main.TestSuiteExecutor.accessTestSuiteMainPhase(TestSuiteExecutor.java:148)&#xa;	at com.kms.katalon.core.main.TestSuiteExecutor.execute(TestSuiteExecutor.java:106)&#xa;	at com.kms.katalon.core.main.TestCaseMain.startTestSuite(TestCaseMain.java:180)&#xa;	at TempTestSuite1706720213989.run(TempTestSuite1706720213989.groovy:36)&#xa;	at java.base/jdk.internal.reflect.NativeMethodAccessorImpl.invoke0(Native Method)&#xa;	at java.base/jdk.internal.reflect.NativeMethodAccessorImpl.invoke(NativeMethodAccessorImpl.java:77)&#xa;	at java.base/jdk.internal.reflect.DelegatingMethodAccessorImpl.invoke(DelegatingMethodAccessorImpl.java:43)&#xa;Caused by: com.kms.katalon.core.exception.StepFailedException: Text 'MEET THE CHARACTERSHARP-AS-NIGHT' is not present on page &#xa;	at com.kms.katalon.core.webui.keyword.internal.WebUIKeywordMain.stepFailed(WebUIKeywordMain.groovy:64)&#xa;	at com.kms.katalon.core.webui.keyword.builtin.VerifyTextPresentKeyword$_verifyTextPresent_closure1.doCall(VerifyTextPresentKeyword.groovy:79)&#xa;	at com.kms.katalon.core.webui.keyword.builtin.VerifyTextPresentKeyword$_verifyTextPresent_closure1.call(VerifyTextPresentKeyword.groovy)&#xa;	at com.kms.katalon.core.webui.keyword.internal.WebUIKeywordMain.runKeyword(WebUIKeywordMain.groovy:20)&#xa;	... 23 more&#xa;"/>
         <system-out><![CDATA[31-01-2024T17:10:18 - [TEST_CASE][FAILED] - Test Cases/Data-Driven/DD002 - Meet the Companions: Test Cases/Data-Driven/DD002 - Meet the Companions FAILED.
Reason:
com.kms.katalon.core.exception.StepFailedException: Unable to verify text 'MEET THE CHARACTERSHARP-AS-NIGHT' is present 
	at com.kms.katalon.core.webui.keyword.internal.WebUIKeywordMain.stepFailed(WebUIKeywordMain.groovy:64)
	at com.kms.katalon.core.webui.keyword.internal.WebUIKeywordMain.runKeyword(WebUIKeywordMain.groovy:26)
	at com.kms.katalon.core.webui.keyword.builtin.VerifyTextPresentKeyword.verifyTextPresent(VerifyTextPresentKeyword.groovy:83)
	at com.kms.katalon.core.webui.keyword.builtin.VerifyTextPresentKeyword.execute(VerifyTextPresentKeyword.groovy:68)
	at com.kms.katalon.core.keyword.internal.KeywordExecutor.executeKeywordForPlatform(KeywordExecutor.groovy:74)
	at com.kms.katalon.core.webui.keyword.WebUiBuiltInKeywords.verifyTextPresent(WebUiBuiltInKeywords.groovy:1762)
	at DD002 - Meet the Companions.run(DD002 - Meet the Companions:30)
	at com.kms.katalon.core.main.ScriptEngine.run(ScriptEngine.java:194)
	at com.kms.katalon.core.main.ScriptEngine.runScriptAsRawText(ScriptEngine.java:119)
	at com.kms.katalon.core.main.TestCaseExecutor.runScript(TestCaseExecutor.java:448)
	at com.kms.katalon.core.main.TestCaseExecutor.doExecute(TestCaseExecutor.java:439)
	at com.kms.katalon.core.main.TestCaseExecutor.processExecutionPhase(TestCaseExecutor.java:418)
	at com.kms.katalon.core.main.TestCaseExecutor.accessMainPhase(TestCaseExecutor.java:410)
	at com.kms.katalon.core.main.TestCaseExecutor.execute(TestCaseExecutor.java:285)
	at com.kms.katalon.core.main.TestCaseExecutor.execute(TestCaseExecutor.java:369)
	at com.kms.katalon.core.main.TestCaseExecutor.execute(TestCaseExecutor.java:369)
	at com.kms.katalon.core.main.TestCaseExecutor.execute(TestCaseExecutor.java:369)
	at com.kms.katalon.core.common.CommonExecutor.accessTestCaseMainPhase(CommonExecutor.java:65)
	at com.kms.katalon.core.main.TestSuiteExecutor.accessTestSuiteMainPhase(TestSuiteExecutor.java:148)
	at com.kms.katalon.core.main.TestSuiteExecutor.execute(TestSuiteExecutor.java:106)
	at com.kms.katalon.core.main.TestCaseMain.startTestSuite(TestCaseMain.java:180)
	at TempTestSuite1706720213989.run(TempTestSuite1706720213989.groovy:36)
	at java.base/jdk.internal.reflect.NativeMethodAccessorImpl.invoke0(Native Method)
	at java.base/jdk.internal.reflect.NativeMethodAccessorImpl.invoke(NativeMethodAccessorImpl.java:77)
	at java.base/jdk.internal.reflect.DelegatingMethodAccessorImpl.invoke(DelegatingMethodAccessorImpl.java:43)
Caused by: com.kms.katalon.core.exception.StepFailedException: Text 'MEET THE CHARACTERSHARP-AS-NIGHT' is not present on page 
	at com.kms.katalon.core.webui.keyword.internal.WebUIKeywordMain.stepFailed(WebUIKeywordMain.groovy:64)
	at com.kms.katalon.core.webui.keyword.builtin.VerifyTextPresentKeyword$_verifyTextPresent_closure1.doCall(VerifyTextPresentKeyword.groovy:79)
	at com.kms.katalon.core.webui.keyword.builtin.VerifyTextPresentKeyword$_verifyTextPresent_closure1.call(VerifyTextPresentKeyword.groovy)
	at com.kms.katalon.core.webui.keyword.internal.WebUIKeywordMain.runKeyword(WebUIKeywordMain.groovy:20)
	... 23 more


31-01-2024T17:10:18 - [TEST_STEP][PASSED] - callTestCase(findTestCase("ESO/Misc Tests/Open ESO Page"), [:], STOP_ON_FAILURE): Call Test Case 'Test Cases/ESO/Misc Tests/Open ESO Page' successfully

31-01-2024T17:10:18 - [TEST_CASE][PASSED] - Test Cases/ESO/Misc Tests/Open ESO Page: Test Cases/ESO/Misc Tests/Open ESO Page

31-01-2024T17:10:18 - [TEST_STEP][PASSED] - openBrowser(""): Browser is opened with url: ''

31-01-2024T17:10:18 - [MESSAGE][WARNING] - A browser is already opened. Closing browser and opening a new one

31-01-2024T17:10:20 - [MESSAGE][INFO] - User set preference: ['os', 'windows']

31-01-2024T17:10:20 - [MESSAGE][INFO] - User set preference: ['browserName', 'chrome']

31-01-2024T17:10:20 - [MESSAGE][INFO] - User set preference: ['browserVersion', '120']

31-01-2024T17:10:20 - [MESSAGE][INFO] - User set preference: ['katalon:option', '{organizationId=1380540, tunnelId=, usingTunnel=false}']

31-01-2024T17:10:20 - [MESSAGE][INFO] - Connecting to remote web server 'testcloud.katalon.com/hub' with type 'Selenium'

31-01-2024T17:10:20 - [MESSAGE][INFO] - Action delay is set to 0 milliseconds

31-01-2024T17:10:45 - [MESSAGE][PASSED] - Browser is opened with url: ''

31-01-2024T17:10:45 - [TEST_STEP][PASSED] - maximizeWindow(): Current window maximized

31-01-2024T17:10:46 - [MESSAGE][PASSED] - Current window maximized

31-01-2024T17:10:46 - [TEST_STEP][PASSED] - navigateToUrl("https://www.elderscrollsonline.com/en-us/home"): Navigate to 'https://www.elderscrollsonline.com/en-us/home' successfully

31-01-2024T17:10:52 - [MESSAGE][PASSED] - Navigate to 'https://www.elderscrollsonline.com/en-us/home' successfully

31-01-2024T17:10:52 - [TEST_STEP][PASSED] - delay(3): Delayed 3 second(s)

31-01-2024T17:10:55 - [MESSAGE][PASSED] - Delayed 3 second(s)

31-01-2024T17:10:55 - [TEST_STEP][PASSED] - verifyElementPresent(findTestObject("Object Repository/ESO/Page_Home/a_The Elder Scrolls  Online"), 0): Object 'Object Repository/ESO/Page_Home/a_The Elder Scrolls  Online' is present

31-01-2024T17:10:55 - [MESSAGE][WARNING] - Timeout '0' is invalid. Using default page load timeout: '30'

31-01-2024T17:11:04 - [MESSAGE][PASSED] - Object 'Object Repository/ESO/Page_Home/a_The Elder Scrolls  Online' is present

31-01-2024T17:11:04 - [TEST_STEP][PASSED] - callTestCase(findTestCase("ESO/Misc Tests/Policy Accept"), [:], STOP_ON_FAILURE): Call Test Case 'Test Cases/ESO/Misc Tests/Policy Accept' successfully

31-01-2024T17:11:04 - [TEST_CASE][PASSED] - Test Cases/ESO/Misc Tests/Policy Accept: Test Cases/ESO/Misc Tests/Policy Accept

31-01-2024T17:11:04 - [TEST_STEP][PASSED] - verifyElementPresent(findTestObject("Object Repository/ESO/Page_Home/div_Policy"), 0): Object 'Object Repository/ESO/Page_Home/div_Policy' is present

31-01-2024T17:11:04 - [MESSAGE][WARNING] - Timeout '0' is invalid. Using default page load timeout: '30'

31-01-2024T17:11:07 - [MESSAGE][PASSED] - Object 'Object Repository/ESO/Page_Home/div_Policy' is present

31-01-2024T17:11:07 - [TEST_STEP][PASSED] - click(findTestObject("Object Repository/ESO/Page_Home/button_ACCEPT ALL")): Object: 'Object Repository/ESO/Page_Home/button_ACCEPT ALL' is clicked on

31-01-2024T17:11:10 - [MESSAGE][PASSED] - Object: 'Object Repository/ESO/Page_Home/button_ACCEPT ALL' is clicked on

31-01-2024T17:11:10 - [MESSAGE][PASSED] - Call Test Case 'Test Cases/ESO/Misc Tests/Policy Accept' successfully

31-01-2024T17:11:10 - [MESSAGE][PASSED] - Call Test Case 'Test Cases/ESO/Misc Tests/Open ESO Page' successfully

31-01-2024T17:11:10 - [TEST_STEP][PASSED] - helpers.Misc.OpenSearchBar(): helpers.Misc.OpenSearchBar is PASSED

31-01-2024T17:11:13 - [MESSAGE][PASSED] - Object: 'Object Repository/ESO/Page_Home/i_fa fa-search' is clicked on

31-01-2024T17:11:18 - [MESSAGE][PASSED] - Object 'Object Repository/ESO/Page_Home/inputsearchBox' is visible

31-01-2024T17:11:18 - [MESSAGE][PASSED] - helpers.Misc.OpenSearchBar is PASSED

31-01-2024T17:11:18 - [TEST_STEP][PASSED] - delay(1): Delayed 1 second(s)

31-01-2024T17:11:19 - [MESSAGE][PASSED] - Delayed 1 second(s)

31-01-2024T17:11:19 - [TEST_STEP][PASSED] - setText(findTestObject("ESO/Page_Home/inputsearchBox"), Companion_Name): Text 'Sharp-As-Night' is set on object 'Object Repository/ESO/Page_Home/inputsearchBox'

31-01-2024T17:11:25 - [MESSAGE][PASSED] - Text 'Sharp-As-Night' is set on object 'Object Repository/ESO/Page_Home/inputsearchBox'

31-01-2024T17:11:25 - [TEST_STEP][PASSED] - sendKeys(findTestObject("ESO/Page_Home/inputsearchBox"), Keys.chord(ENTER)): Keys 'ENTER + ' sent to object: 'Object Repository/ESO/Page_Home/inputsearchBox'

31-01-2024T17:11:28 - [MESSAGE][PASSED] - Keys 'ENTER + ' sent to object: 'Object Repository/ESO/Page_Home/inputsearchBox'

31-01-2024T17:11:28 - [TEST_STEP][FAILED] - verifyTextPresent("MEET THE CHARACTER" + Companion_Name.toUpperCase(), false): Unable to verify text 'MEET THE CHARACTERSHARP-AS-NIGHT' is present  (Root cause: com.kms.katalon.core.exception.StepFailedException: Unable to verify text 'MEET THE CHARACTERSHARP-AS-NIGHT' is present 
	at com.kms.katalon.core.webui.keyword.internal.WebUIKeywordMain.stepFailed(WebUIKeywordMain.groovy:64)
	at com.kms.katalon.core.webui.keyword.internal.WebUIKeywordMain.runKeyword(WebUIKeywordMain.groovy:26)
	at com.kms.katalon.core.webui.keyword.builtin.VerifyTextPresentKeyword.verifyTextPresent(VerifyTextPresentKeyword.groovy:83)
	at com.kms.katalon.core.webui.keyword.builtin.VerifyTextPresentKeyword.execute(VerifyTextPresentKeyword.groovy:68)
	at com.kms.katalon.core.keyword.internal.KeywordExecutor.executeKeywordForPlatform(KeywordExecutor.groovy:74)
	at com.kms.katalon.core.webui.keyword.WebUiBuiltInKeywords.verifyTextPresent(WebUiBuiltInKeywords.groovy:1762)
	at DD002 - Meet the Companions.run(DD002 - Meet the Companions:30)
	at com.kms.katalon.core.main.ScriptEngine.run(ScriptEngine.java:194)
	at com.kms.katalon.core.main.ScriptEngine.runScriptAsRawText(ScriptEngine.java:119)
	at com.kms.katalon.core.main.TestCaseExecutor.runScript(TestCaseExecutor.java:448)
	at com.kms.katalon.core.main.TestCaseExecutor.doExecute(TestCaseExecutor.java:439)
	at com.kms.katalon.core.main.TestCaseExecutor.processExecutionPhase(TestCaseExecutor.java:418)
	at com.kms.katalon.core.main.TestCaseExecutor.accessMainPhase(TestCaseExecutor.java:410)
	at com.kms.katalon.core.main.TestCaseExecutor.execute(TestCaseExecutor.java:285)
	at com.kms.katalon.core.main.TestCaseExecutor.execute(TestCaseExecutor.java:369)
	at com.kms.katalon.core.main.TestCaseExecutor.execute(TestCaseExecutor.java:369)
	at com.kms.katalon.core.main.TestCaseExecutor.execute(TestCaseExecutor.java:369)
	at com.kms.katalon.core.common.CommonExecutor.accessTestCaseMainPhase(CommonExecutor.java:65)
	at com.kms.katalon.core.main.TestSuiteExecutor.accessTestSuiteMainPhase(TestSuiteExecutor.java:148)
	at com.kms.katalon.core.main.TestSuiteExecutor.execute(TestSuiteExecutor.java:106)
	at com.kms.katalon.core.main.TestCaseMain.startTestSuite(TestCaseMain.java:180)
	at TempTestSuite1706720213989.run(TempTestSuite1706720213989.groovy:36)
	at java.base/jdk.internal.reflect.NativeMethodAccessorImpl.invoke0(Native Method)
	at java.base/jdk.internal.reflect.NativeMethodAccessorImpl.invoke(NativeMethodAccessorImpl.java:77)
	at java.base/jdk.internal.reflect.DelegatingMethodAccessorImpl.invoke(DelegatingMethodAccessorImpl.java:43)
Caused by: com.kms.katalon.core.exception.StepFailedException: Text 'MEET THE CHARACTERSHARP-AS-NIGHT' is not present on page 
	at com.kms.katalon.core.webui.keyword.internal.WebUIKeywordMain.stepFailed(WebUIKeywordMain.groovy:64)
	at com.kms.katalon.core.webui.keyword.builtin.VerifyTextPresentKeyword$_verifyTextPresent_closure1.doCall(VerifyTextPresentKeyword.groovy:79)
	at com.kms.katalon.core.webui.keyword.builtin.VerifyTextPresentKeyword$_verifyTextPresent_closure1.call(VerifyTextPresentKeyword.groovy)
	at com.kms.katalon.core.webui.keyword.internal.WebUIKeywordMain.runKeyword(WebUIKeywordMain.groovy:20)
	... 23 more
)

31-01-2024T17:11:33 - [MESSAGE][FAILED] - Text 'MEET THE CHARACTERSHARP-AS-NIGHT' is not present on page  (Root cause: com.kms.katalon.core.exception.StepFailedException: Text 'MEET THE CHARACTERSHARP-AS-NIGHT' is not present on page 
	at com.kms.katalon.core.webui.keyword.internal.WebUIKeywordMain.stepFailed(WebUIKeywordMain.groovy:64)
	at com.kms.katalon.core.webui.keyword.builtin.VerifyTextPresentKeyword$_verifyTextPresent_closure1.doCall(VerifyTextPresentKeyword.groovy:79)
	at com.kms.katalon.core.webui.keyword.builtin.VerifyTextPresentKeyword$_verifyTextPresent_closure1.call(VerifyTextPresentKeyword.groovy)
	at com.kms.katalon.core.webui.keyword.internal.WebUIKeywordMain.runKeyword(WebUIKeywordMain.groovy:20)
	at com.kms.katalon.core.webui.keyword.builtin.VerifyTextPresentKeyword.verifyTextPresent(VerifyTextPresentKeyword.groovy:83)
	at com.kms.katalon.core.webui.keyword.builtin.VerifyTextPresentKeyword.execute(VerifyTextPresentKeyword.groovy:68)
	at com.kms.katalon.core.keyword.internal.KeywordExecutor.executeKeywordForPlatform(KeywordExecutor.groovy:74)
	at com.kms.katalon.core.webui.keyword.WebUiBuiltInKeywords.verifyTextPresent(WebUiBuiltInKeywords.groovy:1762)
	at DD002 - Meet the Companions.run(DD002 - Meet the Companions:30)
	at com.kms.katalon.core.main.ScriptEngine.run(ScriptEngine.java:194)
	at com.kms.katalon.core.main.ScriptEngine.runScriptAsRawText(ScriptEngine.java:119)
	at com.kms.katalon.core.main.TestCaseExecutor.runScript(TestCaseExecutor.java:448)
	at com.kms.katalon.core.main.TestCaseExecutor.doExecute(TestCaseExecutor.java:439)
	at com.kms.katalon.core.main.TestCaseExecutor.processExecutionPhase(TestCaseExecutor.java:418)
	at com.kms.katalon.core.main.TestCaseExecutor.accessMainPhase(TestCaseExecutor.java:410)
	at com.kms.katalon.core.main.TestCaseExecutor.execute(TestCaseExecutor.java:285)
	at com.kms.katalon.core.main.TestCaseExecutor.execute(TestCaseExecutor.java:369)
	at com.kms.katalon.core.main.TestCaseExecutor.execute(TestCaseExecutor.java:369)
	at com.kms.katalon.core.main.TestCaseExecutor.execute(TestCaseExecutor.java:369)
	at com.kms.katalon.core.common.CommonExecutor.accessTestCaseMainPhase(CommonExecutor.java:65)
	at com.kms.katalon.core.main.TestSuiteExecutor.accessTestSuiteMainPhase(TestSuiteExecutor.java:148)
	at com.kms.katalon.core.main.TestSuiteExecutor.execute(TestSuiteExecutor.java:106)
	at com.kms.katalon.core.main.TestCaseMain.startTestSuite(TestCaseMain.java:180)
	at TempTestSuite1706720213989.run(TempTestSuite1706720213989.groovy:36)
	at java.base/jdk.internal.reflect.NativeMethodAccessorImpl.invoke0(Native Method)
	at java.base/jdk.internal.reflect.NativeMethodAccessorImpl.invoke(NativeMethodAccessorImpl.java:77)
	at java.base/jdk.internal.reflect.DelegatingMethodAccessorImpl.invoke(DelegatingMethodAccessorImpl.java:43)
)

31-01-2024T17:11:37 - [MESSAGE][FAILED] - Unable to verify text 'MEET THE CHARACTERSHARP-AS-NIGHT' is present  (Root cause: com.kms.katalon.core.exception.StepFailedException: Unable to verify text 'MEET THE CHARACTERSHARP-AS-NIGHT' is present 
	at com.kms.katalon.core.webui.keyword.internal.WebUIKeywordMain.stepFailed(WebUIKeywordMain.groovy:64)
	at com.kms.katalon.core.webui.keyword.internal.WebUIKeywordMain.runKeyword(WebUIKeywordMain.groovy:26)
	at com.kms.katalon.core.webui.keyword.builtin.VerifyTextPresentKeyword.verifyTextPresent(VerifyTextPresentKeyword.groovy:83)
	at com.kms.katalon.core.webui.keyword.builtin.VerifyTextPresentKeyword.execute(VerifyTextPresentKeyword.groovy:68)
	at com.kms.katalon.core.keyword.internal.KeywordExecutor.executeKeywordForPlatform(KeywordExecutor.groovy:74)
	at com.kms.katalon.core.webui.keyword.WebUiBuiltInKeywords.verifyTextPresent(WebUiBuiltInKeywords.groovy:1762)
	at DD002 - Meet the Companions.run(DD002 - Meet the Companions:30)
	at com.kms.katalon.core.main.ScriptEngine.run(ScriptEngine.java:194)
	at com.kms.katalon.core.main.ScriptEngine.runScriptAsRawText(ScriptEngine.java:119)
	at com.kms.katalon.core.main.TestCaseExecutor.runScript(TestCaseExecutor.java:448)
	at com.kms.katalon.core.main.TestCaseExecutor.doExecute(TestCaseExecutor.java:439)
	at com.kms.katalon.core.main.TestCaseExecutor.processExecutionPhase(TestCaseExecutor.java:418)
	at com.kms.katalon.core.main.TestCaseExecutor.accessMainPhase(TestCaseExecutor.java:410)
	at com.kms.katalon.core.main.TestCaseExecutor.execute(TestCaseExecutor.java:285)
	at com.kms.katalon.core.main.TestCaseExecutor.execute(TestCaseExecutor.java:369)
	at com.kms.katalon.core.main.TestCaseExecutor.execute(TestCaseExecutor.java:369)
	at com.kms.katalon.core.main.TestCaseExecutor.execute(TestCaseExecutor.java:369)
	at com.kms.katalon.core.common.CommonExecutor.accessTestCaseMainPhase(CommonExecutor.java:65)
	at com.kms.katalon.core.main.TestSuiteExecutor.accessTestSuiteMainPhase(TestSuiteExecutor.java:148)
	at com.kms.katalon.core.main.TestSuiteExecutor.execute(TestSuiteExecutor.java:106)
	at com.kms.katalon.core.main.TestCaseMain.startTestSuite(TestCaseMain.java:180)
	at TempTestSuite1706720213989.run(TempTestSuite1706720213989.groovy:36)
	at java.base/jdk.internal.reflect.NativeMethodAccessorImpl.invoke0(Native Method)
	at java.base/jdk.internal.reflect.NativeMethodAccessorImpl.invoke(NativeMethodAccessorImpl.java:77)
	at java.base/jdk.internal.reflect.DelegatingMethodAccessorImpl.invoke(DelegatingMethodAccessorImpl.java:43)
Caused by: com.kms.katalon.core.exception.StepFailedException: Text 'MEET THE CHARACTERSHARP-AS-NIGHT' is not present on page 
	at com.kms.katalon.core.webui.keyword.internal.WebUIKeywordMain.stepFailed(WebUIKeywordMain.groovy:64)
	at com.kms.katalon.core.webui.keyword.builtin.VerifyTextPresentKeyword$_verifyTextPresent_closure1.doCall(VerifyTextPresentKeyword.groovy:79)
	at com.kms.katalon.core.webui.keyword.builtin.VerifyTextPresentKeyword$_verifyTextPresent_closure1.call(VerifyTextPresentKeyword.groovy)
	at com.kms.katalon.core.webui.keyword.internal.WebUIKeywordMain.runKeyword(WebUIKeywordMain.groovy:20)
	... 23 more
)
[[ATTACHMENT|C:\\Users\\Careca Delas\\Documents\\GitHub\\Oasis-Project\\Reports\\20240131_165653\\ESO\\TS005 - DDT\\20240131_165653\\1706721093394.png]]]]></system-out>
         <system-err><![CDATA[31-01-2024T17:10:18 - [TEST_CASE][FAILED] - Test Cases/Data-Driven/DD002 - Meet the Companions: Test Cases/Data-Driven/DD002 - Meet the Companions FAILED.
Reason:
com.kms.katalon.core.exception.StepFailedException: Unable to verify text 'MEET THE CHARACTERSHARP-AS-NIGHT' is present 
	at com.kms.katalon.core.webui.keyword.internal.WebUIKeywordMain.stepFailed(WebUIKeywordMain.groovy:64)
	at com.kms.katalon.core.webui.keyword.internal.WebUIKeywordMain.runKeyword(WebUIKeywordMain.groovy:26)
	at com.kms.katalon.core.webui.keyword.builtin.VerifyTextPresentKeyword.verifyTextPresent(VerifyTextPresentKeyword.groovy:83)
	at com.kms.katalon.core.webui.keyword.builtin.VerifyTextPresentKeyword.execute(VerifyTextPresentKeyword.groovy:68)
	at com.kms.katalon.core.keyword.internal.KeywordExecutor.executeKeywordForPlatform(KeywordExecutor.groovy:74)
	at com.kms.katalon.core.webui.keyword.WebUiBuiltInKeywords.verifyTextPresent(WebUiBuiltInKeywords.groovy:1762)
	at DD002 - Meet the Companions.run(DD002 - Meet the Companions:30)
	at com.kms.katalon.core.main.ScriptEngine.run(ScriptEngine.java:194)
	at com.kms.katalon.core.main.ScriptEngine.runScriptAsRawText(ScriptEngine.java:119)
	at com.kms.katalon.core.main.TestCaseExecutor.runScript(TestCaseExecutor.java:448)
	at com.kms.katalon.core.main.TestCaseExecutor.doExecute(TestCaseExecutor.java:439)
	at com.kms.katalon.core.main.TestCaseExecutor.processExecutionPhase(TestCaseExecutor.java:418)
	at com.kms.katalon.core.main.TestCaseExecutor.accessMainPhase(TestCaseExecutor.java:410)
	at com.kms.katalon.core.main.TestCaseExecutor.execute(TestCaseExecutor.java:285)
	at com.kms.katalon.core.main.TestCaseExecutor.execute(TestCaseExecutor.java:369)
	at com.kms.katalon.core.main.TestCaseExecutor.execute(TestCaseExecutor.java:369)
	at com.kms.katalon.core.main.TestCaseExecutor.execute(TestCaseExecutor.java:369)
	at com.kms.katalon.core.common.CommonExecutor.accessTestCaseMainPhase(CommonExecutor.java:65)
	at com.kms.katalon.core.main.TestSuiteExecutor.accessTestSuiteMainPhase(TestSuiteExecutor.java:148)
	at com.kms.katalon.core.main.TestSuiteExecutor.execute(TestSuiteExecutor.java:106)
	at com.kms.katalon.core.main.TestCaseMain.startTestSuite(TestCaseMain.java:180)
	at TempTestSuite1706720213989.run(TempTestSuite1706720213989.groovy:36)
	at java.base/jdk.internal.reflect.NativeMethodAccessorImpl.invoke0(Native Method)
	at java.base/jdk.internal.reflect.NativeMethodAccessorImpl.invoke(NativeMethodAccessorImpl.java:77)
	at java.base/jdk.internal.reflect.DelegatingMethodAccessorImpl.invoke(DelegatingMethodAccessorImpl.java:43)
Caused by: com.kms.katalon.core.exception.StepFailedException: Text 'MEET THE CHARACTERSHARP-AS-NIGHT' is not present on page 
	at com.kms.katalon.core.webui.keyword.internal.WebUIKeywordMain.stepFailed(WebUIKeywordMain.groovy:64)
	at com.kms.katalon.core.webui.keyword.builtin.VerifyTextPresentKeyword$_verifyTextPresent_closure1.doCall(VerifyTextPresentKeyword.groovy:79)
	at com.kms.katalon.core.webui.keyword.builtin.VerifyTextPresentKeyword$_verifyTextPresent_closure1.call(VerifyTextPresentKeyword.groovy)
	at com.kms.katalon.core.webui.keyword.internal.WebUIKeywordMain.runKeyword(WebUIKeywordMain.groovy:20)
	... 23 more]]></system-err>
      </testcase>
      <testcase name="Test Cases/Data-Driven/DD002 - Meet the Companions" time="97.833" classname="Test Cases/Data-Driven/DD002 - Meet the Companions" status="PASSED">
         <system-out><![CDATA[31-01-2024T17:11:37 - [TEST_CASE][PASSED] - Test Cases/Data-Driven/DD002 - Meet the Companions: Test Cases/Data-Driven/DD002 - Meet the Companions

31-01-2024T17:11:37 - [TEST_STEP][PASSED] - callTestCase(findTestCase("ESO/Misc Tests/Open ESO Page"), [:], STOP_ON_FAILURE): Call Test Case 'Test Cases/ESO/Misc Tests/Open ESO Page' successfully

31-01-2024T17:11:37 - [TEST_CASE][PASSED] - Test Cases/ESO/Misc Tests/Open ESO Page: Test Cases/ESO/Misc Tests/Open ESO Page

31-01-2024T17:11:37 - [TEST_STEP][PASSED] - openBrowser(""): Browser is opened with url: ''

31-01-2024T17:11:37 - [MESSAGE][WARNING] - A browser is already opened. Closing browser and opening a new one

31-01-2024T17:11:39 - [MESSAGE][INFO] - User set preference: ['os', 'windows']

31-01-2024T17:11:39 - [MESSAGE][INFO] - User set preference: ['browserName', 'chrome']

31-01-2024T17:11:39 - [MESSAGE][INFO] - User set preference: ['browserVersion', '120']

31-01-2024T17:11:39 - [MESSAGE][INFO] - User set preference: ['katalon:option', '{organizationId=1380540, tunnelId=, usingTunnel=false}']

31-01-2024T17:11:39 - [MESSAGE][INFO] - Connecting to remote web server 'testcloud.katalon.com/hub' with type 'Selenium'

31-01-2024T17:11:39 - [MESSAGE][INFO] - Action delay is set to 0 milliseconds

31-01-2024T17:12:23 - [MESSAGE][PASSED] - Browser is opened with url: ''

31-01-2024T17:12:23 - [TEST_STEP][PASSED] - maximizeWindow(): Current window maximized

31-01-2024T17:12:24 - [MESSAGE][PASSED] - Current window maximized

31-01-2024T17:12:24 - [TEST_STEP][PASSED] - navigateToUrl("https://www.elderscrollsonline.com/en-us/home"): Navigate to 'https://www.elderscrollsonline.com/en-us/home' successfully

31-01-2024T17:12:31 - [MESSAGE][PASSED] - Navigate to 'https://www.elderscrollsonline.com/en-us/home' successfully

31-01-2024T17:12:31 - [TEST_STEP][PASSED] - delay(3): Delayed 3 second(s)

31-01-2024T17:12:34 - [MESSAGE][PASSED] - Delayed 3 second(s)

31-01-2024T17:12:34 - [TEST_STEP][PASSED] - verifyElementPresent(findTestObject("Object Repository/ESO/Page_Home/a_The Elder Scrolls  Online"), 0): Object 'Object Repository/ESO/Page_Home/a_The Elder Scrolls  Online' is present

31-01-2024T17:12:34 - [MESSAGE][WARNING] - Timeout '0' is invalid. Using default page load timeout: '30'

31-01-2024T17:12:42 - [MESSAGE][PASSED] - Object 'Object Repository/ESO/Page_Home/a_The Elder Scrolls  Online' is present

31-01-2024T17:12:42 - [TEST_STEP][PASSED] - callTestCase(findTestCase("ESO/Misc Tests/Policy Accept"), [:], STOP_ON_FAILURE): Call Test Case 'Test Cases/ESO/Misc Tests/Policy Accept' successfully

31-01-2024T17:12:42 - [TEST_CASE][PASSED] - Test Cases/ESO/Misc Tests/Policy Accept: Test Cases/ESO/Misc Tests/Policy Accept

31-01-2024T17:12:42 - [TEST_STEP][PASSED] - verifyElementPresent(findTestObject("Object Repository/ESO/Page_Home/div_Policy"), 0): Object 'Object Repository/ESO/Page_Home/div_Policy' is present

31-01-2024T17:12:42 - [MESSAGE][WARNING] - Timeout '0' is invalid. Using default page load timeout: '30'

31-01-2024T17:12:44 - [MESSAGE][PASSED] - Object 'Object Repository/ESO/Page_Home/div_Policy' is present

31-01-2024T17:12:44 - [TEST_STEP][PASSED] - click(findTestObject("Object Repository/ESO/Page_Home/button_ACCEPT ALL")): Object: 'Object Repository/ESO/Page_Home/button_ACCEPT ALL' is clicked on

31-01-2024T17:12:47 - [MESSAGE][PASSED] - Object: 'Object Repository/ESO/Page_Home/button_ACCEPT ALL' is clicked on

31-01-2024T17:12:47 - [MESSAGE][PASSED] - Call Test Case 'Test Cases/ESO/Misc Tests/Policy Accept' successfully

31-01-2024T17:12:47 - [MESSAGE][PASSED] - Call Test Case 'Test Cases/ESO/Misc Tests/Open ESO Page' successfully

31-01-2024T17:12:47 - [TEST_STEP][PASSED] - helpers.Misc.OpenSearchBar(): helpers.Misc.OpenSearchBar is PASSED

31-01-2024T17:12:52 - [MESSAGE][PASSED] - Object: 'Object Repository/ESO/Page_Home/i_fa fa-search' is clicked on

31-01-2024T17:12:56 - [MESSAGE][PASSED] - Object 'Object Repository/ESO/Page_Home/inputsearchBox' is visible

31-01-2024T17:12:56 - [MESSAGE][PASSED] - helpers.Misc.OpenSearchBar is PASSED

31-01-2024T17:12:56 - [TEST_STEP][PASSED] - delay(1): Delayed 1 second(s)

31-01-2024T17:12:57 - [MESSAGE][PASSED] - Delayed 1 second(s)

31-01-2024T17:12:57 - [TEST_STEP][PASSED] - setText(findTestObject("ESO/Page_Home/inputsearchBox"), Companion_Name): Text 'Azandar Al-Cybiades' is set on object 'Object Repository/ESO/Page_Home/inputsearchBox'

31-01-2024T17:13:04 - [MESSAGE][PASSED] - Text 'Azandar Al-Cybiades' is set on object 'Object Repository/ESO/Page_Home/inputsearchBox'

31-01-2024T17:13:04 - [TEST_STEP][PASSED] - sendKeys(findTestObject("ESO/Page_Home/inputsearchBox"), Keys.chord(ENTER)): Keys 'ENTER + ' sent to object: 'Object Repository/ESO/Page_Home/inputsearchBox'

31-01-2024T17:13:07 - [MESSAGE][PASSED] - Keys 'ENTER + ' sent to object: 'Object Repository/ESO/Page_Home/inputsearchBox'

31-01-2024T17:13:07 - [TEST_STEP][PASSED] - verifyTextPresent("MEET THE CHARACTER" + Companion_Name.toUpperCase(), false): Text 'MEET THE CHARACTERAZANDAR AL-CYBIADES' is present on page 

31-01-2024T17:13:13 - [MESSAGE][PASSED] - Text 'MEET THE CHARACTERAZANDAR AL-CYBIADES' is present on page 

31-01-2024T17:13:13 - [TEST_STEP][PASSED] - closeBrowser(): Browser is closed

31-01-2024T17:13:15 - [MESSAGE][PASSED] - Browser is closed]]></system-out>
         <system-err><![CDATA[]]></system-err>
      </testcase>
      <testcase name="Test Cases/Data-Driven/DD002 - Meet the Companions" time="80.396" classname="Test Cases/Data-Driven/DD002 - Meet the Companions" status="FAILED">
         <failure type="FAILED" message="Test Cases/Data-Driven/DD002 - Meet the Companions FAILED.&#xa;Reason:&#xa;com.kms.katalon.core.exception.StepFailedException: Unable to verify text 'MEET THE CHARACTEREMBER' is present &#xa;	at com.kms.katalon.core.webui.keyword.internal.WebUIKeywordMain.stepFailed(WebUIKeywordMain.groovy:64)&#xa;	at com.kms.katalon.core.webui.keyword.internal.WebUIKeywordMain.runKeyword(WebUIKeywordMain.groovy:26)&#xa;	at com.kms.katalon.core.webui.keyword.builtin.VerifyTextPresentKeyword.verifyTextPresent(VerifyTextPresentKeyword.groovy:83)&#xa;	at com.kms.katalon.core.webui.keyword.builtin.VerifyTextPresentKeyword.execute(VerifyTextPresentKeyword.groovy:68)&#xa;	at com.kms.katalon.core.keyword.internal.KeywordExecutor.executeKeywordForPlatform(KeywordExecutor.groovy:74)&#xa;	at com.kms.katalon.core.webui.keyword.WebUiBuiltInKeywords.verifyTextPresent(WebUiBuiltInKeywords.groovy:1762)&#xa;	at DD002 - Meet the Companions.run(DD002 - Meet the Companions:30)&#xa;	at com.kms.katalon.core.main.ScriptEngine.run(ScriptEngine.java:194)&#xa;	at com.kms.katalon.core.main.ScriptEngine.runScriptAsRawText(ScriptEngine.java:119)&#xa;	at com.kms.katalon.core.main.TestCaseExecutor.runScript(TestCaseExecutor.java:448)&#xa;	at com.kms.katalon.core.main.TestCaseExecutor.doExecute(TestCaseExecutor.java:439)&#xa;	at com.kms.katalon.core.main.TestCaseExecutor.processExecutionPhase(TestCaseExecutor.java:418)&#xa;	at com.kms.katalon.core.main.TestCaseExecutor.accessMainPhase(TestCaseExecutor.java:410)&#xa;	at com.kms.katalon.core.main.TestCaseExecutor.execute(TestCaseExecutor.java:285)&#xa;	at com.kms.katalon.core.main.TestCaseExecutor.execute(TestCaseExecutor.java:369)&#xa;	at com.kms.katalon.core.main.TestCaseExecutor.execute(TestCaseExecutor.java:369)&#xa;	at com.kms.katalon.core.main.TestCaseExecutor.execute(TestCaseExecutor.java:369)&#xa;	at com.kms.katalon.core.common.CommonExecutor.accessTestCaseMainPhase(CommonExecutor.java:65)&#xa;	at com.kms.katalon.core.main.TestSuiteExecutor.accessTestSuiteMainPhase(TestSuiteExecutor.java:148)&#xa;	at com.kms.katalon.core.main.TestSuiteExecutor.execute(TestSuiteExecutor.java:106)&#xa;	at com.kms.katalon.core.main.TestCaseMain.startTestSuite(TestCaseMain.java:180)&#xa;	at TempTestSuite1706720213989.run(TempTestSuite1706720213989.groovy:36)&#xa;	at java.base/jdk.internal.reflect.NativeMethodAccessorImpl.invoke0(Native Method)&#xa;	at java.base/jdk.internal.reflect.NativeMethodAccessorImpl.invoke(NativeMethodAccessorImpl.java:77)&#xa;	at java.base/jdk.internal.reflect.DelegatingMethodAccessorImpl.invoke(DelegatingMethodAccessorImpl.java:43)&#xa;Caused by: com.kms.katalon.core.exception.StepFailedException: Text 'MEET THE CHARACTEREMBER' is not present on page &#xa;	at com.kms.katalon.core.webui.keyword.internal.WebUIKeywordMain.stepFailed(WebUIKeywordMain.groovy:64)&#xa;	at com.kms.katalon.core.webui.keyword.builtin.VerifyTextPresentKeyword$_verifyTextPresent_closure1.doCall(VerifyTextPresentKeyword.groovy:79)&#xa;	at com.kms.katalon.core.webui.keyword.builtin.VerifyTextPresentKeyword$_verifyTextPresent_closure1.call(VerifyTextPresentKeyword.groovy)&#xa;	at com.kms.katalon.core.webui.keyword.internal.WebUIKeywordMain.runKeyword(WebUIKeywordMain.groovy:20)&#xa;	... 23 more&#xa;"/>
         <system-out><![CDATA[31-01-2024T17:17:55 - [TEST_CASE][FAILED] - Test Cases/Data-Driven/DD002 - Meet the Companions: Test Cases/Data-Driven/DD002 - Meet the Companions FAILED.
Reason:
com.kms.katalon.core.exception.StepFailedException: Unable to verify text 'MEET THE CHARACTEREMBER' is present 
	at com.kms.katalon.core.webui.keyword.internal.WebUIKeywordMain.stepFailed(WebUIKeywordMain.groovy:64)
	at com.kms.katalon.core.webui.keyword.internal.WebUIKeywordMain.runKeyword(WebUIKeywordMain.groovy:26)
	at com.kms.katalon.core.webui.keyword.builtin.VerifyTextPresentKeyword.verifyTextPresent(VerifyTextPresentKeyword.groovy:83)
	at com.kms.katalon.core.webui.keyword.builtin.VerifyTextPresentKeyword.execute(VerifyTextPresentKeyword.groovy:68)
	at com.kms.katalon.core.keyword.internal.KeywordExecutor.executeKeywordForPlatform(KeywordExecutor.groovy:74)
	at com.kms.katalon.core.webui.keyword.WebUiBuiltInKeywords.verifyTextPresent(WebUiBuiltInKeywords.groovy:1762)
	at DD002 - Meet the Companions.run(DD002 - Meet the Companions:30)
	at com.kms.katalon.core.main.ScriptEngine.run(ScriptEngine.java:194)
	at com.kms.katalon.core.main.ScriptEngine.runScriptAsRawText(ScriptEngine.java:119)
	at com.kms.katalon.core.main.TestCaseExecutor.runScript(TestCaseExecutor.java:448)
	at com.kms.katalon.core.main.TestCaseExecutor.doExecute(TestCaseExecutor.java:439)
	at com.kms.katalon.core.main.TestCaseExecutor.processExecutionPhase(TestCaseExecutor.java:418)
	at com.kms.katalon.core.main.TestCaseExecutor.accessMainPhase(TestCaseExecutor.java:410)
	at com.kms.katalon.core.main.TestCaseExecutor.execute(TestCaseExecutor.java:285)
	at com.kms.katalon.core.main.TestCaseExecutor.execute(TestCaseExecutor.java:369)
	at com.kms.katalon.core.main.TestCaseExecutor.execute(TestCaseExecutor.java:369)
	at com.kms.katalon.core.main.TestCaseExecutor.execute(TestCaseExecutor.java:369)
	at com.kms.katalon.core.common.CommonExecutor.accessTestCaseMainPhase(CommonExecutor.java:65)
	at com.kms.katalon.core.main.TestSuiteExecutor.accessTestSuiteMainPhase(TestSuiteExecutor.java:148)
	at com.kms.katalon.core.main.TestSuiteExecutor.execute(TestSuiteExecutor.java:106)
	at com.kms.katalon.core.main.TestCaseMain.startTestSuite(TestCaseMain.java:180)
	at TempTestSuite1706720213989.run(TempTestSuite1706720213989.groovy:36)
	at java.base/jdk.internal.reflect.NativeMethodAccessorImpl.invoke0(Native Method)
	at java.base/jdk.internal.reflect.NativeMethodAccessorImpl.invoke(NativeMethodAccessorImpl.java:77)
	at java.base/jdk.internal.reflect.DelegatingMethodAccessorImpl.invoke(DelegatingMethodAccessorImpl.java:43)
Caused by: com.kms.katalon.core.exception.StepFailedException: Text 'MEET THE CHARACTEREMBER' is not present on page 
	at com.kms.katalon.core.webui.keyword.internal.WebUIKeywordMain.stepFailed(WebUIKeywordMain.groovy:64)
	at com.kms.katalon.core.webui.keyword.builtin.VerifyTextPresentKeyword$_verifyTextPresent_closure1.doCall(VerifyTextPresentKeyword.groovy:79)
	at com.kms.katalon.core.webui.keyword.builtin.VerifyTextPresentKeyword$_verifyTextPresent_closure1.call(VerifyTextPresentKeyword.groovy)
	at com.kms.katalon.core.webui.keyword.internal.WebUIKeywordMain.runKeyword(WebUIKeywordMain.groovy:20)
	... 23 more


31-01-2024T17:17:55 - [TEST_STEP][PASSED] - callTestCase(findTestCase("ESO/Misc Tests/Open ESO Page"), [:], STOP_ON_FAILURE): Call Test Case 'Test Cases/ESO/Misc Tests/Open ESO Page' successfully

31-01-2024T17:17:55 - [TEST_CASE][PASSED] - Test Cases/ESO/Misc Tests/Open ESO Page: Test Cases/ESO/Misc Tests/Open ESO Page

31-01-2024T17:17:56 - [TEST_STEP][PASSED] - openBrowser(""): Browser is opened with url: ''

31-01-2024T17:17:56 - [MESSAGE][WARNING] - A browser is already opened. Closing browser and opening a new one

31-01-2024T17:17:57 - [MESSAGE][INFO] - User set preference: ['os', 'windows']

31-01-2024T17:17:57 - [MESSAGE][INFO] - User set preference: ['browserName', 'chrome']

31-01-2024T17:17:57 - [MESSAGE][INFO] - User set preference: ['browserVersion', '120']

31-01-2024T17:17:57 - [MESSAGE][INFO] - User set preference: ['katalon:option', '{organizationId=1380540, tunnelId=, usingTunnel=false}']

31-01-2024T17:17:57 - [MESSAGE][INFO] - Connecting to remote web server 'testcloud.katalon.com/hub' with type 'Selenium'

31-01-2024T17:17:57 - [MESSAGE][INFO] - Action delay is set to 0 milliseconds

31-01-2024T17:18:27 - [MESSAGE][PASSED] - Browser is opened with url: ''

31-01-2024T17:18:27 - [TEST_STEP][PASSED] - maximizeWindow(): Current window maximized

31-01-2024T17:18:28 - [MESSAGE][PASSED] - Current window maximized

31-01-2024T17:18:28 - [TEST_STEP][PASSED] - navigateToUrl("https://www.elderscrollsonline.com/en-us/home"): Navigate to 'https://www.elderscrollsonline.com/en-us/home' successfully

31-01-2024T17:18:35 - [MESSAGE][PASSED] - Navigate to 'https://www.elderscrollsonline.com/en-us/home' successfully

31-01-2024T17:18:35 - [TEST_STEP][PASSED] - delay(3): Delayed 3 second(s)

31-01-2024T17:18:38 - [MESSAGE][PASSED] - Delayed 3 second(s)

31-01-2024T17:18:38 - [TEST_STEP][PASSED] - verifyElementPresent(findTestObject("Object Repository/ESO/Page_Home/a_The Elder Scrolls  Online"), 0): Object 'Object Repository/ESO/Page_Home/a_The Elder Scrolls  Online' is present

31-01-2024T17:18:38 - [MESSAGE][WARNING] - Timeout '0' is invalid. Using default page load timeout: '30'

31-01-2024T17:18:44 - [MESSAGE][PASSED] - Object 'Object Repository/ESO/Page_Home/a_The Elder Scrolls  Online' is present

31-01-2024T17:18:44 - [TEST_STEP][PASSED] - callTestCase(findTestCase("ESO/Misc Tests/Policy Accept"), [:], STOP_ON_FAILURE): Call Test Case 'Test Cases/ESO/Misc Tests/Policy Accept' successfully

31-01-2024T17:18:44 - [TEST_CASE][PASSED] - Test Cases/ESO/Misc Tests/Policy Accept: Test Cases/ESO/Misc Tests/Policy Accept

31-01-2024T17:18:44 - [TEST_STEP][PASSED] - verifyElementPresent(findTestObject("Object Repository/ESO/Page_Home/div_Policy"), 0): Object 'Object Repository/ESO/Page_Home/div_Policy' is present

31-01-2024T17:18:44 - [MESSAGE][WARNING] - Timeout '0' is invalid. Using default page load timeout: '30'

31-01-2024T17:18:47 - [MESSAGE][PASSED] - Object 'Object Repository/ESO/Page_Home/div_Policy' is present

31-01-2024T17:18:47 - [TEST_STEP][PASSED] - click(findTestObject("Object Repository/ESO/Page_Home/button_ACCEPT ALL")): Object: 'Object Repository/ESO/Page_Home/button_ACCEPT ALL' is clicked on

31-01-2024T17:18:49 - [MESSAGE][PASSED] - Object: 'Object Repository/ESO/Page_Home/button_ACCEPT ALL' is clicked on

31-01-2024T17:18:49 - [MESSAGE][PASSED] - Call Test Case 'Test Cases/ESO/Misc Tests/Policy Accept' successfully

31-01-2024T17:18:49 - [MESSAGE][PASSED] - Call Test Case 'Test Cases/ESO/Misc Tests/Open ESO Page' successfully

31-01-2024T17:18:49 - [TEST_STEP][PASSED] - helpers.Misc.OpenSearchBar(): helpers.Misc.OpenSearchBar is PASSED

31-01-2024T17:18:53 - [MESSAGE][PASSED] - Object: 'Object Repository/ESO/Page_Home/i_fa fa-search' is clicked on

31-01-2024T17:18:56 - [MESSAGE][PASSED] - Object 'Object Repository/ESO/Page_Home/inputsearchBox' is visible

31-01-2024T17:18:56 - [MESSAGE][PASSED] - helpers.Misc.OpenSearchBar is PASSED

31-01-2024T17:18:56 - [TEST_STEP][PASSED] - delay(1): Delayed 1 second(s)

31-01-2024T17:18:57 - [MESSAGE][PASSED] - Delayed 1 second(s)

31-01-2024T17:18:57 - [TEST_STEP][PASSED] - setText(findTestObject("ESO/Page_Home/inputsearchBox"), Companion_Name): Text 'Ember' is set on object 'Object Repository/ESO/Page_Home/inputsearchBox'

31-01-2024T17:19:03 - [MESSAGE][PASSED] - Text 'Ember' is set on object 'Object Repository/ESO/Page_Home/inputsearchBox'

31-01-2024T17:19:03 - [TEST_STEP][PASSED] - sendKeys(findTestObject("ESO/Page_Home/inputsearchBox"), Keys.chord(ENTER)): Keys 'ENTER + ' sent to object: 'Object Repository/ESO/Page_Home/inputsearchBox'

31-01-2024T17:19:06 - [MESSAGE][PASSED] - Keys 'ENTER + ' sent to object: 'Object Repository/ESO/Page_Home/inputsearchBox'

31-01-2024T17:19:06 - [TEST_STEP][FAILED] - verifyTextPresent("MEET THE CHARACTER" + Companion_Name.toUpperCase(), false): Unable to verify text 'MEET THE CHARACTEREMBER' is present  (Root cause: com.kms.katalon.core.exception.StepFailedException: Unable to verify text 'MEET THE CHARACTEREMBER' is present 
	at com.kms.katalon.core.webui.keyword.internal.WebUIKeywordMain.stepFailed(WebUIKeywordMain.groovy:64)
	at com.kms.katalon.core.webui.keyword.internal.WebUIKeywordMain.runKeyword(WebUIKeywordMain.groovy:26)
	at com.kms.katalon.core.webui.keyword.builtin.VerifyTextPresentKeyword.verifyTextPresent(VerifyTextPresentKeyword.groovy:83)
	at com.kms.katalon.core.webui.keyword.builtin.VerifyTextPresentKeyword.execute(VerifyTextPresentKeyword.groovy:68)
	at com.kms.katalon.core.keyword.internal.KeywordExecutor.executeKeywordForPlatform(KeywordExecutor.groovy:74)
	at com.kms.katalon.core.webui.keyword.WebUiBuiltInKeywords.verifyTextPresent(WebUiBuiltInKeywords.groovy:1762)
	at DD002 - Meet the Companions.run(DD002 - Meet the Companions:30)
	at com.kms.katalon.core.main.ScriptEngine.run(ScriptEngine.java:194)
	at com.kms.katalon.core.main.ScriptEngine.runScriptAsRawText(ScriptEngine.java:119)
	at com.kms.katalon.core.main.TestCaseExecutor.runScript(TestCaseExecutor.java:448)
	at com.kms.katalon.core.main.TestCaseExecutor.doExecute(TestCaseExecutor.java:439)
	at com.kms.katalon.core.main.TestCaseExecutor.processExecutionPhase(TestCaseExecutor.java:418)
	at com.kms.katalon.core.main.TestCaseExecutor.accessMainPhase(TestCaseExecutor.java:410)
	at com.kms.katalon.core.main.TestCaseExecutor.execute(TestCaseExecutor.java:285)
	at com.kms.katalon.core.main.TestCaseExecutor.execute(TestCaseExecutor.java:369)
	at com.kms.katalon.core.main.TestCaseExecutor.execute(TestCaseExecutor.java:369)
	at com.kms.katalon.core.main.TestCaseExecutor.execute(TestCaseExecutor.java:369)
	at com.kms.katalon.core.common.CommonExecutor.accessTestCaseMainPhase(CommonExecutor.java:65)
	at com.kms.katalon.core.main.TestSuiteExecutor.accessTestSuiteMainPhase(TestSuiteExecutor.java:148)
	at com.kms.katalon.core.main.TestSuiteExecutor.execute(TestSuiteExecutor.java:106)
	at com.kms.katalon.core.main.TestCaseMain.startTestSuite(TestCaseMain.java:180)
	at TempTestSuite1706720213989.run(TempTestSuite1706720213989.groovy:36)
	at java.base/jdk.internal.reflect.NativeMethodAccessorImpl.invoke0(Native Method)
	at java.base/jdk.internal.reflect.NativeMethodAccessorImpl.invoke(NativeMethodAccessorImpl.java:77)
	at java.base/jdk.internal.reflect.DelegatingMethodAccessorImpl.invoke(DelegatingMethodAccessorImpl.java:43)
Caused by: com.kms.katalon.core.exception.StepFailedException: Text 'MEET THE CHARACTEREMBER' is not present on page 
	at com.kms.katalon.core.webui.keyword.internal.WebUIKeywordMain.stepFailed(WebUIKeywordMain.groovy:64)
	at com.kms.katalon.core.webui.keyword.builtin.VerifyTextPresentKeyword$_verifyTextPresent_closure1.doCall(VerifyTextPresentKeyword.groovy:79)
	at com.kms.katalon.core.webui.keyword.builtin.VerifyTextPresentKeyword$_verifyTextPresent_closure1.call(VerifyTextPresentKeyword.groovy)
	at com.kms.katalon.core.webui.keyword.internal.WebUIKeywordMain.runKeyword(WebUIKeywordMain.groovy:20)
	... 23 more
)

31-01-2024T17:19:11 - [MESSAGE][FAILED] - Text 'MEET THE CHARACTEREMBER' is not present on page  (Root cause: com.kms.katalon.core.exception.StepFailedException: Text 'MEET THE CHARACTEREMBER' is not present on page 
	at com.kms.katalon.core.webui.keyword.internal.WebUIKeywordMain.stepFailed(WebUIKeywordMain.groovy:64)
	at com.kms.katalon.core.webui.keyword.builtin.VerifyTextPresentKeyword$_verifyTextPresent_closure1.doCall(VerifyTextPresentKeyword.groovy:79)
	at com.kms.katalon.core.webui.keyword.builtin.VerifyTextPresentKeyword$_verifyTextPresent_closure1.call(VerifyTextPresentKeyword.groovy)
	at com.kms.katalon.core.webui.keyword.internal.WebUIKeywordMain.runKeyword(WebUIKeywordMain.groovy:20)
	at com.kms.katalon.core.webui.keyword.builtin.VerifyTextPresentKeyword.verifyTextPresent(VerifyTextPresentKeyword.groovy:83)
	at com.kms.katalon.core.webui.keyword.builtin.VerifyTextPresentKeyword.execute(VerifyTextPresentKeyword.groovy:68)
	at com.kms.katalon.core.keyword.internal.KeywordExecutor.executeKeywordForPlatform(KeywordExecutor.groovy:74)
	at com.kms.katalon.core.webui.keyword.WebUiBuiltInKeywords.verifyTextPresent(WebUiBuiltInKeywords.groovy:1762)
	at DD002 - Meet the Companions.run(DD002 - Meet the Companions:30)
	at com.kms.katalon.core.main.ScriptEngine.run(ScriptEngine.java:194)
	at com.kms.katalon.core.main.ScriptEngine.runScriptAsRawText(ScriptEngine.java:119)
	at com.kms.katalon.core.main.TestCaseExecutor.runScript(TestCaseExecutor.java:448)
	at com.kms.katalon.core.main.TestCaseExecutor.doExecute(TestCaseExecutor.java:439)
	at com.kms.katalon.core.main.TestCaseExecutor.processExecutionPhase(TestCaseExecutor.java:418)
	at com.kms.katalon.core.main.TestCaseExecutor.accessMainPhase(TestCaseExecutor.java:410)
	at com.kms.katalon.core.main.TestCaseExecutor.execute(TestCaseExecutor.java:285)
	at com.kms.katalon.core.main.TestCaseExecutor.execute(TestCaseExecutor.java:369)
	at com.kms.katalon.core.main.TestCaseExecutor.execute(TestCaseExecutor.java:369)
	at com.kms.katalon.core.main.TestCaseExecutor.execute(TestCaseExecutor.java:369)
	at com.kms.katalon.core.common.CommonExecutor.accessTestCaseMainPhase(CommonExecutor.java:65)
	at com.kms.katalon.core.main.TestSuiteExecutor.accessTestSuiteMainPhase(TestSuiteExecutor.java:148)
	at com.kms.katalon.core.main.TestSuiteExecutor.execute(TestSuiteExecutor.java:106)
	at com.kms.katalon.core.main.TestCaseMain.startTestSuite(TestCaseMain.java:180)
	at TempTestSuite1706720213989.run(TempTestSuite1706720213989.groovy:36)
	at java.base/jdk.internal.reflect.NativeMethodAccessorImpl.invoke0(Native Method)
	at java.base/jdk.internal.reflect.NativeMethodAccessorImpl.invoke(NativeMethodAccessorImpl.java:77)
	at java.base/jdk.internal.reflect.DelegatingMethodAccessorImpl.invoke(DelegatingMethodAccessorImpl.java:43)
)

31-01-2024T17:19:16 - [MESSAGE][FAILED] - Unable to verify text 'MEET THE CHARACTEREMBER' is present  (Root cause: com.kms.katalon.core.exception.StepFailedException: Unable to verify text 'MEET THE CHARACTEREMBER' is present 
	at com.kms.katalon.core.webui.keyword.internal.WebUIKeywordMain.stepFailed(WebUIKeywordMain.groovy:64)
	at com.kms.katalon.core.webui.keyword.internal.WebUIKeywordMain.runKeyword(WebUIKeywordMain.groovy:26)
	at com.kms.katalon.core.webui.keyword.builtin.VerifyTextPresentKeyword.verifyTextPresent(VerifyTextPresentKeyword.groovy:83)
	at com.kms.katalon.core.webui.keyword.builtin.VerifyTextPresentKeyword.execute(VerifyTextPresentKeyword.groovy:68)
	at com.kms.katalon.core.keyword.internal.KeywordExecutor.executeKeywordForPlatform(KeywordExecutor.groovy:74)
	at com.kms.katalon.core.webui.keyword.WebUiBuiltInKeywords.verifyTextPresent(WebUiBuiltInKeywords.groovy:1762)
	at DD002 - Meet the Companions.run(DD002 - Meet the Companions:30)
	at com.kms.katalon.core.main.ScriptEngine.run(ScriptEngine.java:194)
	at com.kms.katalon.core.main.ScriptEngine.runScriptAsRawText(ScriptEngine.java:119)
	at com.kms.katalon.core.main.TestCaseExecutor.runScript(TestCaseExecutor.java:448)
	at com.kms.katalon.core.main.TestCaseExecutor.doExecute(TestCaseExecutor.java:439)
	at com.kms.katalon.core.main.TestCaseExecutor.processExecutionPhase(TestCaseExecutor.java:418)
	at com.kms.katalon.core.main.TestCaseExecutor.accessMainPhase(TestCaseExecutor.java:410)
	at com.kms.katalon.core.main.TestCaseExecutor.execute(TestCaseExecutor.java:285)
	at com.kms.katalon.core.main.TestCaseExecutor.execute(TestCaseExecutor.java:369)
	at com.kms.katalon.core.main.TestCaseExecutor.execute(TestCaseExecutor.java:369)
	at com.kms.katalon.core.main.TestCaseExecutor.execute(TestCaseExecutor.java:369)
	at com.kms.katalon.core.common.CommonExecutor.accessTestCaseMainPhase(CommonExecutor.java:65)
	at com.kms.katalon.core.main.TestSuiteExecutor.accessTestSuiteMainPhase(TestSuiteExecutor.java:148)
	at com.kms.katalon.core.main.TestSuiteExecutor.execute(TestSuiteExecutor.java:106)
	at com.kms.katalon.core.main.TestCaseMain.startTestSuite(TestCaseMain.java:180)
	at TempTestSuite1706720213989.run(TempTestSuite1706720213989.groovy:36)
	at java.base/jdk.internal.reflect.NativeMethodAccessorImpl.invoke0(Native Method)
	at java.base/jdk.internal.reflect.NativeMethodAccessorImpl.invoke(NativeMethodAccessorImpl.java:77)
	at java.base/jdk.internal.reflect.DelegatingMethodAccessorImpl.invoke(DelegatingMethodAccessorImpl.java:43)
Caused by: com.kms.katalon.core.exception.StepFailedException: Text 'MEET THE CHARACTEREMBER' is not present on page 
	at com.kms.katalon.core.webui.keyword.internal.WebUIKeywordMain.stepFailed(WebUIKeywordMain.groovy:64)
	at com.kms.katalon.core.webui.keyword.builtin.VerifyTextPresentKeyword$_verifyTextPresent_closure1.doCall(VerifyTextPresentKeyword.groovy:79)
	at com.kms.katalon.core.webui.keyword.builtin.VerifyTextPresentKeyword$_verifyTextPresent_closure1.call(VerifyTextPresentKeyword.groovy)
	at com.kms.katalon.core.webui.keyword.internal.WebUIKeywordMain.runKeyword(WebUIKeywordMain.groovy:20)
	... 23 more
)
[[ATTACHMENT|C:\\Users\\Careca Delas\\Documents\\GitHub\\Oasis-Project\\Reports\\20240131_165653\\ESO\\TS005 - DDT\\20240131_165653\\1706721551303.png]]]]></system-out>
         <system-err><![CDATA[31-01-2024T17:17:55 - [TEST_CASE][FAILED] - Test Cases/Data-Driven/DD002 - Meet the Companions: Test Cases/Data-Driven/DD002 - Meet the Companions FAILED.
Reason:
com.kms.katalon.core.exception.StepFailedException: Unable to verify text 'MEET THE CHARACTEREMBER' is present 
	at com.kms.katalon.core.webui.keyword.internal.WebUIKeywordMain.stepFailed(WebUIKeywordMain.groovy:64)
	at com.kms.katalon.core.webui.keyword.internal.WebUIKeywordMain.runKeyword(WebUIKeywordMain.groovy:26)
	at com.kms.katalon.core.webui.keyword.builtin.VerifyTextPresentKeyword.verifyTextPresent(VerifyTextPresentKeyword.groovy:83)
	at com.kms.katalon.core.webui.keyword.builtin.VerifyTextPresentKeyword.execute(VerifyTextPresentKeyword.groovy:68)
	at com.kms.katalon.core.keyword.internal.KeywordExecutor.executeKeywordForPlatform(KeywordExecutor.groovy:74)
	at com.kms.katalon.core.webui.keyword.WebUiBuiltInKeywords.verifyTextPresent(WebUiBuiltInKeywords.groovy:1762)
	at DD002 - Meet the Companions.run(DD002 - Meet the Companions:30)
	at com.kms.katalon.core.main.ScriptEngine.run(ScriptEngine.java:194)
	at com.kms.katalon.core.main.ScriptEngine.runScriptAsRawText(ScriptEngine.java:119)
	at com.kms.katalon.core.main.TestCaseExecutor.runScript(TestCaseExecutor.java:448)
	at com.kms.katalon.core.main.TestCaseExecutor.doExecute(TestCaseExecutor.java:439)
	at com.kms.katalon.core.main.TestCaseExecutor.processExecutionPhase(TestCaseExecutor.java:418)
	at com.kms.katalon.core.main.TestCaseExecutor.accessMainPhase(TestCaseExecutor.java:410)
	at com.kms.katalon.core.main.TestCaseExecutor.execute(TestCaseExecutor.java:285)
	at com.kms.katalon.core.main.TestCaseExecutor.execute(TestCaseExecutor.java:369)
	at com.kms.katalon.core.main.TestCaseExecutor.execute(TestCaseExecutor.java:369)
	at com.kms.katalon.core.main.TestCaseExecutor.execute(TestCaseExecutor.java:369)
	at com.kms.katalon.core.common.CommonExecutor.accessTestCaseMainPhase(CommonExecutor.java:65)
	at com.kms.katalon.core.main.TestSuiteExecutor.accessTestSuiteMainPhase(TestSuiteExecutor.java:148)
	at com.kms.katalon.core.main.TestSuiteExecutor.execute(TestSuiteExecutor.java:106)
	at com.kms.katalon.core.main.TestCaseMain.startTestSuite(TestCaseMain.java:180)
	at TempTestSuite1706720213989.run(TempTestSuite1706720213989.groovy:36)
	at java.base/jdk.internal.reflect.NativeMethodAccessorImpl.invoke0(Native Method)
	at java.base/jdk.internal.reflect.NativeMethodAccessorImpl.invoke(NativeMethodAccessorImpl.java:77)
	at java.base/jdk.internal.reflect.DelegatingMethodAccessorImpl.invoke(DelegatingMethodAccessorImpl.java:43)
Caused by: com.kms.katalon.core.exception.StepFailedException: Text 'MEET THE CHARACTEREMBER' is not present on page 
	at com.kms.katalon.core.webui.keyword.internal.WebUIKeywordMain.stepFailed(WebUIKeywordMain.groovy:64)
	at com.kms.katalon.core.webui.keyword.builtin.VerifyTextPresentKeyword$_verifyTextPresent_closure1.doCall(VerifyTextPresentKeyword.groovy:79)
	at com.kms.katalon.core.webui.keyword.builtin.VerifyTextPresentKeyword$_verifyTextPresent_closure1.call(VerifyTextPresentKeyword.groovy)
	at com.kms.katalon.core.webui.keyword.internal.WebUIKeywordMain.runKeyword(WebUIKeywordMain.groovy:20)
	... 23 more]]></system-err>
      </testcase>
      <testcase name="Test Cases/Data-Driven/DD002 - Meet the Companions" time="71.366" classname="Test Cases/Data-Driven/DD002 - Meet the Companions" status="PASSED">
         <system-out><![CDATA[31-01-2024T17:19:16 - [TEST_CASE][PASSED] - Test Cases/Data-Driven/DD002 - Meet the Companions: Test Cases/Data-Driven/DD002 - Meet the Companions

31-01-2024T17:19:16 - [TEST_STEP][PASSED] - callTestCase(findTestCase("ESO/Misc Tests/Open ESO Page"), [:], STOP_ON_FAILURE): Call Test Case 'Test Cases/ESO/Misc Tests/Open ESO Page' successfully

31-01-2024T17:19:16 - [TEST_CASE][PASSED] - Test Cases/ESO/Misc Tests/Open ESO Page: Test Cases/ESO/Misc Tests/Open ESO Page

31-01-2024T17:19:16 - [TEST_STEP][PASSED] - openBrowser(""): Browser is opened with url: ''

31-01-2024T17:19:16 - [MESSAGE][WARNING] - A browser is already opened. Closing browser and opening a new one

31-01-2024T17:19:17 - [MESSAGE][INFO] - User set preference: ['os', 'windows']

31-01-2024T17:19:17 - [MESSAGE][INFO] - User set preference: ['browserName', 'chrome']

31-01-2024T17:19:17 - [MESSAGE][INFO] - User set preference: ['browserVersion', '120']

31-01-2024T17:19:17 - [MESSAGE][INFO] - User set preference: ['katalon:option', '{organizationId=1380540, tunnelId=, usingTunnel=false}']

31-01-2024T17:19:17 - [MESSAGE][INFO] - Connecting to remote web server 'testcloud.katalon.com/hub' with type 'Selenium'

31-01-2024T17:19:17 - [MESSAGE][INFO] - Action delay is set to 0 milliseconds

31-01-2024T17:19:45 - [MESSAGE][PASSED] - Browser is opened with url: ''

31-01-2024T17:19:45 - [TEST_STEP][PASSED] - maximizeWindow(): Current window maximized

31-01-2024T17:19:45 - [MESSAGE][PASSED] - Current window maximized

31-01-2024T17:19:45 - [TEST_STEP][PASSED] - navigateToUrl("https://www.elderscrollsonline.com/en-us/home"): Navigate to 'https://www.elderscrollsonline.com/en-us/home' successfully

31-01-2024T17:19:51 - [MESSAGE][PASSED] - Navigate to 'https://www.elderscrollsonline.com/en-us/home' successfully

31-01-2024T17:19:51 - [TEST_STEP][PASSED] - delay(3): Delayed 3 second(s)

31-01-2024T17:19:54 - [MESSAGE][PASSED] - Delayed 3 second(s)

31-01-2024T17:19:54 - [TEST_STEP][PASSED] - verifyElementPresent(findTestObject("Object Repository/ESO/Page_Home/a_The Elder Scrolls  Online"), 0): Object 'Object Repository/ESO/Page_Home/a_The Elder Scrolls  Online' is present

31-01-2024T17:19:54 - [MESSAGE][WARNING] - Timeout '0' is invalid. Using default page load timeout: '30'

31-01-2024T17:19:57 - [MESSAGE][PASSED] - Object 'Object Repository/ESO/Page_Home/a_The Elder Scrolls  Online' is present

31-01-2024T17:19:57 - [TEST_STEP][PASSED] - callTestCase(findTestCase("ESO/Misc Tests/Policy Accept"), [:], STOP_ON_FAILURE): Call Test Case 'Test Cases/ESO/Misc Tests/Policy Accept' successfully

31-01-2024T17:19:57 - [TEST_CASE][PASSED] - Test Cases/ESO/Misc Tests/Policy Accept: Test Cases/ESO/Misc Tests/Policy Accept

31-01-2024T17:19:57 - [TEST_STEP][PASSED] - verifyElementPresent(findTestObject("Object Repository/ESO/Page_Home/div_Policy"), 0): Object 'Object Repository/ESO/Page_Home/div_Policy' is present

31-01-2024T17:19:57 - [MESSAGE][WARNING] - Timeout '0' is invalid. Using default page load timeout: '30'

31-01-2024T17:20:00 - [MESSAGE][PASSED] - Object 'Object Repository/ESO/Page_Home/div_Policy' is present

31-01-2024T17:20:00 - [TEST_STEP][PASSED] - click(findTestObject("Object Repository/ESO/Page_Home/button_ACCEPT ALL")): Object: 'Object Repository/ESO/Page_Home/button_ACCEPT ALL' is clicked on

31-01-2024T17:20:03 - [MESSAGE][PASSED] - Object: 'Object Repository/ESO/Page_Home/button_ACCEPT ALL' is clicked on

31-01-2024T17:20:03 - [MESSAGE][PASSED] - Call Test Case 'Test Cases/ESO/Misc Tests/Policy Accept' successfully

31-01-2024T17:20:03 - [MESSAGE][PASSED] - Call Test Case 'Test Cases/ESO/Misc Tests/Open ESO Page' successfully

31-01-2024T17:20:03 - [TEST_STEP][PASSED] - helpers.Misc.OpenSearchBar(): helpers.Misc.OpenSearchBar is PASSED

31-01-2024T17:20:07 - [MESSAGE][PASSED] - Object: 'Object Repository/ESO/Page_Home/i_fa fa-search' is clicked on

31-01-2024T17:20:11 - [MESSAGE][PASSED] - Object 'Object Repository/ESO/Page_Home/inputsearchBox' is visible

31-01-2024T17:20:11 - [MESSAGE][PASSED] - helpers.Misc.OpenSearchBar is PASSED

31-01-2024T17:20:11 - [TEST_STEP][PASSED] - delay(1): Delayed 1 second(s)

31-01-2024T17:20:12 - [MESSAGE][PASSED] - Delayed 1 second(s)

31-01-2024T17:20:12 - [TEST_STEP][PASSED] - setText(findTestObject("ESO/Page_Home/inputsearchBox"), Companion_Name): Text 'Isobel Velois' is set on object 'Object Repository/ESO/Page_Home/inputsearchBox'

31-01-2024T17:20:18 - [MESSAGE][PASSED] - Text 'Isobel Velois' is set on object 'Object Repository/ESO/Page_Home/inputsearchBox'

31-01-2024T17:20:18 - [TEST_STEP][PASSED] - sendKeys(findTestObject("ESO/Page_Home/inputsearchBox"), Keys.chord(ENTER)): Keys 'ENTER + ' sent to object: 'Object Repository/ESO/Page_Home/inputsearchBox'

31-01-2024T17:20:21 - [MESSAGE][PASSED] - Keys 'ENTER + ' sent to object: 'Object Repository/ESO/Page_Home/inputsearchBox'

31-01-2024T17:20:21 - [TEST_STEP][PASSED] - verifyTextPresent("MEET THE CHARACTER" + Companion_Name.toUpperCase(), false): Text 'MEET THE CHARACTERISOBEL VELOIS' is present on page 

31-01-2024T17:20:26 - [MESSAGE][PASSED] - Text 'MEET THE CHARACTERISOBEL VELOIS' is present on page 

31-01-2024T17:20:26 - [TEST_STEP][PASSED] - closeBrowser(): Browser is closed

31-01-2024T17:20:27 - [MESSAGE][PASSED] - Browser is closed]]></system-out>
         <system-err><![CDATA[]]></system-err>
      </testcase>
      <testcase name="Test Cases/Data-Driven/DD002 - Meet the Companions" time="73.272" classname="Test Cases/Data-Driven/DD002 - Meet the Companions" status="PASSED">
         <system-out><![CDATA[31-01-2024T17:20:27 - [TEST_CASE][PASSED] - Test Cases/Data-Driven/DD002 - Meet the Companions: Test Cases/Data-Driven/DD002 - Meet the Companions

31-01-2024T17:20:27 - [TEST_STEP][PASSED] - callTestCase(findTestCase("ESO/Misc Tests/Open ESO Page"), [:], STOP_ON_FAILURE): Call Test Case 'Test Cases/ESO/Misc Tests/Open ESO Page' successfully

31-01-2024T17:20:27 - [TEST_CASE][PASSED] - Test Cases/ESO/Misc Tests/Open ESO Page: Test Cases/ESO/Misc Tests/Open ESO Page

31-01-2024T17:20:27 - [TEST_STEP][PASSED] - openBrowser(""): Browser is opened with url: ''

31-01-2024T17:20:27 - [MESSAGE][INFO] - User set preference: ['os', 'windows']

31-01-2024T17:20:27 - [MESSAGE][INFO] - User set preference: ['browserName', 'chrome']

31-01-2024T17:20:27 - [MESSAGE][INFO] - User set preference: ['browserVersion', '120']

31-01-2024T17:20:27 - [MESSAGE][INFO] - User set preference: ['katalon:option', '{organizationId=1380540, tunnelId=, usingTunnel=false}']

31-01-2024T17:20:27 - [MESSAGE][INFO] - Connecting to remote web server 'testcloud.katalon.com/hub' with type 'Selenium'

31-01-2024T17:20:27 - [MESSAGE][INFO] - Action delay is set to 0 milliseconds

31-01-2024T17:20:55 - [MESSAGE][PASSED] - Browser is opened with url: ''

31-01-2024T17:20:55 - [TEST_STEP][PASSED] - maximizeWindow(): Current window maximized

31-01-2024T17:20:56 - [MESSAGE][PASSED] - Current window maximized

31-01-2024T17:20:56 - [TEST_STEP][PASSED] - navigateToUrl("https://www.elderscrollsonline.com/en-us/home"): Navigate to 'https://www.elderscrollsonline.com/en-us/home' successfully

31-01-2024T17:21:03 - [MESSAGE][PASSED] - Navigate to 'https://www.elderscrollsonline.com/en-us/home' successfully

31-01-2024T17:21:03 - [TEST_STEP][PASSED] - delay(3): Delayed 3 second(s)

31-01-2024T17:21:06 - [MESSAGE][PASSED] - Delayed 3 second(s)

31-01-2024T17:21:06 - [TEST_STEP][PASSED] - verifyElementPresent(findTestObject("Object Repository/ESO/Page_Home/a_The Elder Scrolls  Online"), 0): Object 'Object Repository/ESO/Page_Home/a_The Elder Scrolls  Online' is present

31-01-2024T17:21:06 - [MESSAGE][WARNING] - Timeout '0' is invalid. Using default page load timeout: '30'

31-01-2024T17:21:11 - [MESSAGE][PASSED] - Object 'Object Repository/ESO/Page_Home/a_The Elder Scrolls  Online' is present

31-01-2024T17:21:11 - [TEST_STEP][PASSED] - callTestCase(findTestCase("ESO/Misc Tests/Policy Accept"), [:], STOP_ON_FAILURE): Call Test Case 'Test Cases/ESO/Misc Tests/Policy Accept' successfully

31-01-2024T17:21:11 - [TEST_CASE][PASSED] - Test Cases/ESO/Misc Tests/Policy Accept: Test Cases/ESO/Misc Tests/Policy Accept

31-01-2024T17:21:11 - [TEST_STEP][PASSED] - verifyElementPresent(findTestObject("Object Repository/ESO/Page_Home/div_Policy"), 0): Object 'Object Repository/ESO/Page_Home/div_Policy' is present

31-01-2024T17:21:11 - [MESSAGE][WARNING] - Timeout '0' is invalid. Using default page load timeout: '30'

31-01-2024T17:21:13 - [MESSAGE][PASSED] - Object 'Object Repository/ESO/Page_Home/div_Policy' is present

31-01-2024T17:21:13 - [TEST_STEP][PASSED] - click(findTestObject("Object Repository/ESO/Page_Home/button_ACCEPT ALL")): Object: 'Object Repository/ESO/Page_Home/button_ACCEPT ALL' is clicked on

31-01-2024T17:21:17 - [MESSAGE][PASSED] - Object: 'Object Repository/ESO/Page_Home/button_ACCEPT ALL' is clicked on

31-01-2024T17:21:17 - [MESSAGE][PASSED] - Call Test Case 'Test Cases/ESO/Misc Tests/Policy Accept' successfully

31-01-2024T17:21:17 - [MESSAGE][PASSED] - Call Test Case 'Test Cases/ESO/Misc Tests/Open ESO Page' successfully

31-01-2024T17:21:17 - [TEST_STEP][PASSED] - helpers.Misc.OpenSearchBar(): helpers.Misc.OpenSearchBar is PASSED

31-01-2024T17:21:19 - [MESSAGE][PASSED] - Object: 'Object Repository/ESO/Page_Home/i_fa fa-search' is clicked on

31-01-2024T17:21:23 - [MESSAGE][PASSED] - Object 'Object Repository/ESO/Page_Home/inputsearchBox' is visible

31-01-2024T17:21:23 - [MESSAGE][PASSED] - helpers.Misc.OpenSearchBar is PASSED

31-01-2024T17:21:23 - [TEST_STEP][PASSED] - delay(1): Delayed 1 second(s)

31-01-2024T17:21:24 - [MESSAGE][PASSED] - Delayed 1 second(s)

31-01-2024T17:21:24 - [TEST_STEP][PASSED] - setText(findTestObject("ESO/Page_Home/inputsearchBox"), Companion_Name): Text 'Bastian Hallix' is set on object 'Object Repository/ESO/Page_Home/inputsearchBox'

31-01-2024T17:21:30 - [MESSAGE][PASSED] - Text 'Bastian Hallix' is set on object 'Object Repository/ESO/Page_Home/inputsearchBox'

31-01-2024T17:21:30 - [TEST_STEP][PASSED] - sendKeys(findTestObject("ESO/Page_Home/inputsearchBox"), Keys.chord(ENTER)): Keys 'ENTER + ' sent to object: 'Object Repository/ESO/Page_Home/inputsearchBox'

31-01-2024T17:21:33 - [MESSAGE][PASSED] - Keys 'ENTER + ' sent to object: 'Object Repository/ESO/Page_Home/inputsearchBox'

31-01-2024T17:21:33 - [TEST_STEP][PASSED] - verifyTextPresent("MEET THE CHARACTER" + Companion_Name.toUpperCase(), false): Text 'MEET THE CHARACTERBASTIAN HALLIX' is present on page 

31-01-2024T17:21:39 - [MESSAGE][PASSED] - Text 'MEET THE CHARACTERBASTIAN HALLIX' is present on page 

31-01-2024T17:21:39 - [TEST_STEP][PASSED] - closeBrowser(): Browser is closed

31-01-2024T17:21:40 - [MESSAGE][PASSED] - Browser is closed]]></system-out>
         <system-err><![CDATA[]]></system-err>
      </testcase>
      <testcase name="Test Cases/Data-Driven/DD002 - Meet the Companions" time="83.062" classname="Test Cases/Data-Driven/DD002 - Meet the Companions" status="PASSED">
         <system-out><![CDATA[31-01-2024T17:21:41 - [TEST_CASE][PASSED] - Test Cases/Data-Driven/DD002 - Meet the Companions: Test Cases/Data-Driven/DD002 - Meet the Companions

31-01-2024T17:21:41 - [TEST_STEP][PASSED] - callTestCase(findTestCase("ESO/Misc Tests/Open ESO Page"), [:], STOP_ON_FAILURE): Call Test Case 'Test Cases/ESO/Misc Tests/Open ESO Page' successfully

31-01-2024T17:21:41 - [TEST_CASE][PASSED] - Test Cases/ESO/Misc Tests/Open ESO Page: Test Cases/ESO/Misc Tests/Open ESO Page

31-01-2024T17:21:41 - [TEST_STEP][PASSED] - openBrowser(""): Browser is opened with url: ''

31-01-2024T17:21:41 - [MESSAGE][INFO] - User set preference: ['os', 'windows']

31-01-2024T17:21:41 - [MESSAGE][INFO] - User set preference: ['browserName', 'chrome']

31-01-2024T17:21:41 - [MESSAGE][INFO] - User set preference: ['browserVersion', '120']

31-01-2024T17:21:41 - [MESSAGE][INFO] - User set preference: ['katalon:option', '{organizationId=1380540, tunnelId=, usingTunnel=false}']

31-01-2024T17:21:41 - [MESSAGE][INFO] - Connecting to remote web server 'testcloud.katalon.com/hub' with type 'Selenium'

31-01-2024T17:21:41 - [MESSAGE][INFO] - Action delay is set to 0 milliseconds

31-01-2024T17:22:17 - [MESSAGE][PASSED] - Browser is opened with url: ''

31-01-2024T17:22:17 - [TEST_STEP][PASSED] - maximizeWindow(): Current window maximized

31-01-2024T17:22:18 - [MESSAGE][PASSED] - Current window maximized

31-01-2024T17:22:18 - [TEST_STEP][PASSED] - navigateToUrl("https://www.elderscrollsonline.com/en-us/home"): Navigate to 'https://www.elderscrollsonline.com/en-us/home' successfully

31-01-2024T17:22:25 - [MESSAGE][PASSED] - Navigate to 'https://www.elderscrollsonline.com/en-us/home' successfully

31-01-2024T17:22:25 - [TEST_STEP][PASSED] - delay(3): Delayed 3 second(s)

31-01-2024T17:22:28 - [MESSAGE][PASSED] - Delayed 3 second(s)

31-01-2024T17:22:28 - [TEST_STEP][PASSED] - verifyElementPresent(findTestObject("Object Repository/ESO/Page_Home/a_The Elder Scrolls  Online"), 0): Object 'Object Repository/ESO/Page_Home/a_The Elder Scrolls  Online' is present

31-01-2024T17:22:28 - [MESSAGE][WARNING] - Timeout '0' is invalid. Using default page load timeout: '30'

31-01-2024T17:22:33 - [MESSAGE][PASSED] - Object 'Object Repository/ESO/Page_Home/a_The Elder Scrolls  Online' is present

31-01-2024T17:22:33 - [TEST_STEP][PASSED] - callTestCase(findTestCase("ESO/Misc Tests/Policy Accept"), [:], STOP_ON_FAILURE): Call Test Case 'Test Cases/ESO/Misc Tests/Policy Accept' successfully

31-01-2024T17:22:33 - [TEST_CASE][PASSED] - Test Cases/ESO/Misc Tests/Policy Accept: Test Cases/ESO/Misc Tests/Policy Accept

31-01-2024T17:22:33 - [TEST_STEP][PASSED] - verifyElementPresent(findTestObject("Object Repository/ESO/Page_Home/div_Policy"), 0): Object 'Object Repository/ESO/Page_Home/div_Policy' is present

31-01-2024T17:22:33 - [MESSAGE][WARNING] - Timeout '0' is invalid. Using default page load timeout: '30'

31-01-2024T17:22:36 - [MESSAGE][PASSED] - Object 'Object Repository/ESO/Page_Home/div_Policy' is present

31-01-2024T17:22:36 - [TEST_STEP][PASSED] - click(findTestObject("Object Repository/ESO/Page_Home/button_ACCEPT ALL")): Object: 'Object Repository/ESO/Page_Home/button_ACCEPT ALL' is clicked on

31-01-2024T17:22:39 - [MESSAGE][PASSED] - Object: 'Object Repository/ESO/Page_Home/button_ACCEPT ALL' is clicked on

31-01-2024T17:22:39 - [MESSAGE][PASSED] - Call Test Case 'Test Cases/ESO/Misc Tests/Policy Accept' successfully

31-01-2024T17:22:39 - [MESSAGE][PASSED] - Call Test Case 'Test Cases/ESO/Misc Tests/Open ESO Page' successfully

31-01-2024T17:22:39 - [TEST_STEP][PASSED] - helpers.Misc.OpenSearchBar(): helpers.Misc.OpenSearchBar is PASSED

31-01-2024T17:22:44 - [MESSAGE][PASSED] - Object: 'Object Repository/ESO/Page_Home/i_fa fa-search' is clicked on

31-01-2024T17:22:47 - [MESSAGE][PASSED] - Object 'Object Repository/ESO/Page_Home/inputsearchBox' is visible

31-01-2024T17:22:47 - [MESSAGE][PASSED] - helpers.Misc.OpenSearchBar is PASSED

31-01-2024T17:22:47 - [TEST_STEP][PASSED] - delay(1): Delayed 1 second(s)

31-01-2024T17:22:48 - [MESSAGE][PASSED] - Delayed 1 second(s)

31-01-2024T17:22:48 - [TEST_STEP][PASSED] - setText(findTestObject("ESO/Page_Home/inputsearchBox"), Companion_Name): Text 'Mirri Elendis' is set on object 'Object Repository/ESO/Page_Home/inputsearchBox'

31-01-2024T17:22:54 - [MESSAGE][PASSED] - Text 'Mirri Elendis' is set on object 'Object Repository/ESO/Page_Home/inputsearchBox'

31-01-2024T17:22:54 - [TEST_STEP][PASSED] - sendKeys(findTestObject("ESO/Page_Home/inputsearchBox"), Keys.chord(ENTER)): Keys 'ENTER + ' sent to object: 'Object Repository/ESO/Page_Home/inputsearchBox'

31-01-2024T17:22:58 - [MESSAGE][PASSED] - Keys 'ENTER + ' sent to object: 'Object Repository/ESO/Page_Home/inputsearchBox'

31-01-2024T17:22:58 - [TEST_STEP][PASSED] - verifyTextPresent("MEET THE CHARACTER" + Companion_Name.toUpperCase(), false): Text 'MEET THE CHARACTERMIRRI ELENDIS' is present on page 

31-01-2024T17:23:02 - [MESSAGE][PASSED] - Text 'MEET THE CHARACTERMIRRI ELENDIS' is present on page 

31-01-2024T17:23:02 - [TEST_STEP][PASSED] - closeBrowser(): Browser is closed

31-01-2024T17:23:04 - [MESSAGE][PASSED] - Browser is closed]]></system-out>
         <system-err><![CDATA[]]></system-err>
      </testcase>
      <system-out><![CDATA[31-01-2024T16:57:03 - [TEST_SUITE][FAILED] - TS005 - DDT: Test Cases/Data-Driven/DD002 - Meet the Companions FAILED.
Reason:
com.kms.katalon.core.exception.StepFailedException: Unable to verify text 'MEET THE CHARACTERSHARP-AS-NIGHT' is present 
	at com.kms.katalon.core.webui.keyword.internal.WebUIKeywordMain.stepFailed(WebUIKeywordMain.groovy:64)
	at com.kms.katalon.core.webui.keyword.internal.WebUIKeywordMain.runKeyword(WebUIKeywordMain.groovy:26)
	at com.kms.katalon.core.webui.keyword.builtin.VerifyTextPresentKeyword.verifyTextPresent(VerifyTextPresentKeyword.groovy:83)
	at com.kms.katalon.core.webui.keyword.builtin.VerifyTextPresentKeyword.execute(VerifyTextPresentKeyword.groovy:68)
	at com.kms.katalon.core.keyword.internal.KeywordExecutor.executeKeywordForPlatform(KeywordExecutor.groovy:74)
	at com.kms.katalon.core.webui.keyword.WebUiBuiltInKeywords.verifyTextPresent(WebUiBuiltInKeywords.groovy:1762)
	at DD002 - Meet the Companions.run(DD002 - Meet the Companions:30)
	at com.kms.katalon.core.main.ScriptEngine.run(ScriptEngine.java:194)
	at com.kms.katalon.core.main.ScriptEngine.runScriptAsRawText(ScriptEngine.java:119)
	at com.kms.katalon.core.main.TestCaseExecutor.runScript(TestCaseExecutor.java:448)
	at com.kms.katalon.core.main.TestCaseExecutor.doExecute(TestCaseExecutor.java:439)
	at com.kms.katalon.core.main.TestCaseExecutor.processExecutionPhase(TestCaseExecutor.java:418)
	at com.kms.katalon.core.main.TestCaseExecutor.accessMainPhase(TestCaseExecutor.java:410)
	at com.kms.katalon.core.main.TestCaseExecutor.execute(TestCaseExecutor.java:285)
	at com.kms.katalon.core.common.CommonExecutor.accessTestCaseMainPhase(CommonExecutor.java:65)
	at com.kms.katalon.core.main.TestSuiteExecutor.accessTestSuiteMainPhase(TestSuiteExecutor.java:148)
	at com.kms.katalon.core.main.TestSuiteExecutor.execute(TestSuiteExecutor.java:106)
	at com.kms.katalon.core.main.TestCaseMain.startTestSuite(TestCaseMain.java:180)
	at TempTestSuite1706720213989.run(TempTestSuite1706720213989.groovy:36)
	at java.base/jdk.internal.reflect.NativeMethodAccessorImpl.invoke0(Native Method)
	at java.base/jdk.internal.reflect.NativeMethodAccessorImpl.invoke(NativeMethodAccessorImpl.java:77)
	at java.base/jdk.internal.reflect.DelegatingMethodAccessorImpl.invoke(DelegatingMethodAccessorImpl.java:43)
Caused by: com.kms.katalon.core.exception.StepFailedException: Text 'MEET THE CHARACTERSHARP-AS-NIGHT' is not present on page 
	at com.kms.katalon.core.webui.keyword.internal.WebUIKeywordMain.stepFailed(WebUIKeywordMain.groovy:64)
	at com.kms.katalon.core.webui.keyword.builtin.VerifyTextPresentKeyword$_verifyTextPresent_closure1.doCall(VerifyTextPresentKeyword.groovy:79)
	at com.kms.katalon.core.webui.keyword.builtin.VerifyTextPresentKeyword$_verifyTextPresent_closure1.call(VerifyTextPresentKeyword.groovy)
	at com.kms.katalon.core.webui.keyword.internal.WebUIKeywordMain.runKeyword(WebUIKeywordMain.groovy:20)
	... 20 more]]></system-out>
      <system-err><![CDATA[31-01-2024T16:57:03 - [TEST_SUITE][FAILED] - TS005 - DDT: Test Cases/Data-Driven/DD002 - Meet the Companions FAILED.
Reason:
com.kms.katalon.core.exception.StepFailedException: Unable to verify text 'MEET THE CHARACTERSHARP-AS-NIGHT' is present 
	at com.kms.katalon.core.webui.keyword.internal.WebUIKeywordMain.stepFailed(WebUIKeywordMain.groovy:64)
	at com.kms.katalon.core.webui.keyword.internal.WebUIKeywordMain.runKeyword(WebUIKeywordMain.groovy:26)
	at com.kms.katalon.core.webui.keyword.builtin.VerifyTextPresentKeyword.verifyTextPresent(VerifyTextPresentKeyword.groovy:83)
	at com.kms.katalon.core.webui.keyword.builtin.VerifyTextPresentKeyword.execute(VerifyTextPresentKeyword.groovy:68)
	at com.kms.katalon.core.keyword.internal.KeywordExecutor.executeKeywordForPlatform(KeywordExecutor.groovy:74)
	at com.kms.katalon.core.webui.keyword.WebUiBuiltInKeywords.verifyTextPresent(WebUiBuiltInKeywords.groovy:1762)
	at DD002 - Meet the Companions.run(DD002 - Meet the Companions:30)
	at com.kms.katalon.core.main.ScriptEngine.run(ScriptEngine.java:194)
	at com.kms.katalon.core.main.ScriptEngine.runScriptAsRawText(ScriptEngine.java:119)
	at com.kms.katalon.core.main.TestCaseExecutor.runScript(TestCaseExecutor.java:448)
	at com.kms.katalon.core.main.TestCaseExecutor.doExecute(TestCaseExecutor.java:439)
	at com.kms.katalon.core.main.TestCaseExecutor.processExecutionPhase(TestCaseExecutor.java:418)
	at com.kms.katalon.core.main.TestCaseExecutor.accessMainPhase(TestCaseExecutor.java:410)
	at com.kms.katalon.core.main.TestCaseExecutor.execute(TestCaseExecutor.java:285)
	at com.kms.katalon.core.common.CommonExecutor.accessTestCaseMainPhase(CommonExecutor.java:65)
	at com.kms.katalon.core.main.TestSuiteExecutor.accessTestSuiteMainPhase(TestSuiteExecutor.java:148)
	at com.kms.katalon.core.main.TestSuiteExecutor.execute(TestSuiteExecutor.java:106)
	at com.kms.katalon.core.main.TestCaseMain.startTestSuite(TestCaseMain.java:180)
	at TempTestSuite1706720213989.run(TempTestSuite1706720213989.groovy:36)
	at java.base/jdk.internal.reflect.NativeMethodAccessorImpl.invoke0(Native Method)
	at java.base/jdk.internal.reflect.NativeMethodAccessorImpl.invoke(NativeMethodAccessorImpl.java:77)
	at java.base/jdk.internal.reflect.DelegatingMethodAccessorImpl.invoke(DelegatingMethodAccessorImpl.java:43)
Caused by: com.kms.katalon.core.exception.StepFailedException: Text 'MEET THE CHARACTERSHARP-AS-NIGHT' is not present on page 
	at com.kms.katalon.core.webui.keyword.internal.WebUIKeywordMain.stepFailed(WebUIKeywordMain.groovy:64)
	at com.kms.katalon.core.webui.keyword.builtin.VerifyTextPresentKeyword$_verifyTextPresent_closure1.doCall(VerifyTextPresentKeyword.groovy:79)
	at com.kms.katalon.core.webui.keyword.builtin.VerifyTextPresentKeyword$_verifyTextPresent_closure1.call(VerifyTextPresentKeyword.groovy)
	at com.kms.katalon.core.webui.keyword.internal.WebUIKeywordMain.runKeyword(WebUIKeywordMain.groovy:20)
	... 20 more]]></system-err>
   </testsuite>
</testsuites>
